<?xml version="1.0" encoding="utf-8"?><testsuites name="pytest tests"><testsuite name="pytest" errors="0" failures="0" skipped="0" tests="28" time="11.861" timestamp="2026-07-27T00:48:54.758212+00:00" hostname="agent-env-e7e33516-be82-44e8-a990-3a46649c1fe6"><testcase classname="backend.tests.test_iter158_ownership" name="test_owner_device_is_owner" time="1.099" /><testcase classname="backend.tests.test_iter158_ownership" name="test_admin_role_is_not_owner" time="0.214" /><testcase classname="backend.tests.test_iter158_ownership" name="test_plain_user_not_owner" time="0.210" /><testcase classname="backend.tests.test_iter158_ownership" name="test_non_owner_cannot_get_challenge" time="0.211" /><testcase classname="backend.tests.test_iter158_ownership" name="test_transfer_requires_double_signature" time="0.217" /><testcase classname="backend.tests.test_iter158_ownership" name="test_transfer_with_single_sig_rejected" time="0.425" /><testcase classname="backend.tests.test_iter158_ownership" name="test_transfer_with_double_sig_succeeds" time="0.450" /><testcase classname="backend.tests.test_iter158_ownership" name="test_challenge_replay_rejected" time="0.568" /><testcase classname="backend.tests.test_iter158_ownership" name="test_recovery_flow" time="1.127" /><testcase classname="backend.tests.test_iter158_ownership" name="test_delegate_add_and_cannot_touch_owner" time="0.652" /><testcase classname="backend.tests.test_iter158_ownership" name="test_staff_cannot_ban_owner_device" time="0.213" /><testcase classname="backend.tests.test_iter158_sandbox" name="test_non_owner_cannot_seed" time="0.776" /><testcase classname="backend.tests.test_iter158_sandbox" name="test_seed_creates_9_profiles" time="0.229" /><testcase classname="backend.tests.test_iter158_sandbox" name="test_incarnation_can_sign_real_requests" time="0.489" /><testcase classname="backend.tests.test_iter158_sandbox" name="test_seed_creates_isolated_interactions" time="0.221" /><testcase classname="backend.tests.test_iter158_sandbox" name="test_teardown_removes_all" time="0.444" /><testcase classname="backend.tests.test_iter158_sanctions" name="test_active_exclude_blocks_access" time="0.319" /><testcase classname="backend.tests.test_iter158_sanctions" name="test_expired_exclude_auto_lifted" time="0.319" /><testcase classname="backend.tests.test_iter158_sanctions" name="test_force_visitor_until_reported" time="0.330" /><testcase classname="backend.tests.test_iter158_sanctions" name="test_muted_reported" time="0.313" /><testcase classname="backend.tests.test_iter158_sanctions" name="test_disconnect_until_blocks" time="0.351" /><testcase classname="backend.tests.test_iter158_permissions_ai" name="test_modo_can_mute" time="0.685" /><testcase classname="backend.tests.test_iter158_permissions_ai" name="test_modo_cannot_ban" time="0.255" /><testcase classname="backend.tests.test_iter158_permissions_ai" name="test_admin_can_ban" time="0.251" /><testcase classname="backend.tests.test_iter158_permissions_ai" name="test_user_cannot_use_staff_action" time="0.233" /><testcase classname="backend.tests.test_iter158_permissions_ai" name="test_modo_can_exclude_and_force_visitor" time="0.857" /><testcase classname="backend.tests.test_iter158_permissions_ai" name="test_ai_modules_never_modify_authorization" time="0.001" /><testcase classname="backend.tests.test_iter158_permissions_ai" name="test_non_owner_status_hides_owner_list" time="0.336" /></testsuite></testsuites>