<?xml version="1.0" encoding="utf-8"?><testsuites name="pytest tests"><testsuite name="pytest" errors="0" failures="0" skipped="0" tests="5" time="1.326" timestamp="2026-05-01T19:08:55.365473+00:00" hostname="agent-env-e7e33516-be82-44e8-a990-3a46649c1fe6"><testcase classname="backend.tests.test_voice_iter28" name="test_voice_transcribe_unauth_returns_401" time="0.218" /><testcase classname="backend.tests.test_voice_iter28" name="test_voice_transcribe_auth_but_too_short_returns_400" time="0.469" /><testcase classname="backend.tests.test_voice_iter28" name="test_voice_transcribe_missing_file_returns_422" time="0.115" /><testcase classname="backend.tests.test_voice_iter28" name="test_auth_login_regression" time="0.348" /><testcase classname="backend.tests.test_voice_iter28" name="test_auth_me_with_token" time="0.114" /></testsuite></testsuites>