<?xml version="1.0" encoding="utf-8"?><testsuites name="pytest tests"><testsuite name="pytest" errors="0" failures="0" skipped="0" tests="6" time="1.700" timestamp="2026-05-15T16:08:01.101291+00:00" hostname="agent-env-e7e33516-be82-44e8-a990-3a46649c1fe6"><testcase classname="backend.tests.test_iter71_theft_iris_verify.TestIter71TheftIrisVerify" name="test_empty_token_returns_400" time="0.353" /><testcase classname="backend.tests.test_iter71_theft_iris_verify.TestIter71TheftIrisVerify" name="test_too_few_hashes_returns_400" time="0.241" /><testcase classname="backend.tests.test_iter71_theft_iris_verify.TestIter71TheftIrisVerify" name="test_hash_too_short_returns_400" time="0.221" /><testcase classname="backend.tests.test_iter71_theft_iris_verify.TestIter71TheftIrisVerify" name="test_hash_too_long_returns_400" time="0.250" /><testcase classname="backend.tests.test_iter71_theft_iris_verify.TestIter71TheftIrisVerify" name="test_valid_payload_returns_200_and_persists" time="0.283" /><testcase classname="backend.tests.test_iter71_theft_iris_verify.TestIter71TheftIrisVerify" name="test_unknown_token_returns_404" time="0.219" /></testsuite></testsuites>