<?xml version="1.0" encoding="utf-8"?><testsuites name="pytest tests"><testsuite name="pytest" errors="0" failures="0" skipped="0" tests="15" time="0.234" timestamp="2026-06-11T08:21:24.512396+00:00" hostname="agent-env-e7e33516-be82-44e8-a990-3a46649c1fe6"><testcase classname="tests.test_iter94_slice4c_translation_enhancement.TestSlice4cMessages" name="test_module_exists" time="0.000" /><testcase classname="tests.test_iter94_slice4c_translation_enhancement.TestSlice4cMessages" name="test_factory_exists" time="0.166" /><testcase classname="tests.test_iter94_slice4c_translation_enhancement.TestSlice4cMessages" name="test_routes_removed_from_server" time="0.003" /><testcase classname="tests.test_iter94_slice4c_translation_enhancement.TestSlice4cMessages" name="test_endpoints_still_respond" time="0.007" /><testcase classname="tests.test_iter94_slice4c_translation_enhancement.TestMessageContentTranslation" name="test_endpoint_requires_auth" time="0.002" /><testcase classname="tests.test_iter94_slice4c_translation_enhancement.TestMessageContentTranslation" name="test_endpoint_defined_in_server" time="0.002" /><testcase classname="tests.test_iter94_slice4c_translation_enhancement.TestMessageContentTranslation" name="test_frontend_hook_exists" time="0.000" /><testcase classname="tests.test_iter94_slice4c_translation_enhancement.TestMessageContentTranslation" name="test_chat_page_uses_translation_hook" time="0.000" /><testcase classname="tests.test_iter94_slice4c_translation_enhancement.TestEnhancementSuggestionsWidget" name="test_component_exists" time="0.000" /><testcase classname="tests.test_iter94_slice4c_translation_enhancement.TestEnhancementSuggestionsWidget" name="test_chat_page_wires_widget" time="0.000" /><testcase classname="tests.test_iter94_slice4c_translation_enhancement.TestRegression" name="test_xai_key_in_env" time="0.000" /><testcase classname="tests.test_iter94_slice4c_translation_enhancement.TestRegression" name="test_live_preview_panel_exists" time="0.000" /><testcase classname="tests.test_iter94_slice4c_translation_enhancement.TestRegression" name="test_changelog_endpoint" time="0.002" /><testcase classname="tests.test_iter94_slice4c_translation_enhancement.TestRegression" name="test_announcements_polls_extracted" time="0.000" /><testcase classname="tests.test_iter94_slice4c_translation_enhancement.TestRegression" name="test_server_under_8900_lines" time="0.001" /></testsuite></testsuites>