<?xml version="1.0" encoding="utf-8"?><testsuites name="pytest tests"><testsuite name="pytest" errors="0" failures="0" skipped="0" tests="11" time="6.389" timestamp="2026-05-15T13:37:21.656075+00:00" hostname="agent-env-e7e33516-be82-44e8-a990-3a46649c1fe6"><testcase classname="tests.test_iter66_last_seen.TestAuthMeHeartbeat" name="test_me_updates_last_seen_at" time="0.510" /><testcase classname="tests.test_iter66_last_seen.TestLoginInitLastSeen" name="test_login_inits_last_seen_at" time="0.611" /><testcase classname="tests.test_iter66_last_seen.TestStaleSessionNoApprovalPrompt" name="test_stale_session_returns_200" time="0.582" /><testcase classname="tests.test_iter66_last_seen.TestFreshSessionTriggers202" name="test_fresh_session_returns_202" time="0.633" /><testcase classname="tests.test_iter66_last_seen.TestApproveInitLastSeen" name="test_approve_inits_last_seen_at" time="1.042" /><testcase classname="tests.test_iter63_session_pending.TestSessionRequestTTL" name="test_ttl_is_15_minutes" time="0.651" /><testcase classname="tests.test_iter63_session_pending.TestDeviceBindingOneToOne" name="test_409_on_account_mismatch" time="1.177" /><testcase classname="tests.test_iter63_session_pending.TestDeviceBindingOneToOne" name="test_stale_binding_is_cleared" time="0.578" /><testcase classname="tests.test_iter63_session_pending.TestDeviceRegisterInactive" name="test_new_device_role_is_inactive" time="0.116" /><testcase classname="tests.test_iter63_session_pending.TestDevicesListFilter" name="test_mongo_query_filters_inactive" time="0.002" /><testcase classname="tests.test_iter63_session_pending.TestRegression" name="test_canonical_login_still_ok" time="0.365" /></testsuite></testsuites>