<?xml version="1.0" encoding="utf-8"?><testsuites name="pytest tests"><testsuite name="pytest" errors="0" failures="0" skipped="0" tests="10" time="0.728" timestamp="2026-06-11T07:20:43.554582+00:00" hostname="agent-env-e7e33516-be82-44e8-a990-3a46649c1fe6"><testcase classname="backend.tests.test_iter89_punchlist.TestIdeasClearPasswordFallback" name="test_ideas_clear_requires_signature" time="0.128" /><testcase classname="backend.tests.test_iter89_punchlist.TestIdeasClearPasswordFallback" name="test_ideas_clear_invalid_scope" time="0.110" /><testcase classname="backend.tests.test_iter89_punchlist.TestIdeasClearPasswordFallback" name="test_ideas_clear_fallback_logic_present" time="0.005" /><testcase classname="backend.tests.test_iter89_punchlist.TestNewModels" name="test_model_routes_include_new" time="0.001" /><testcase classname="backend.tests.test_iter89_punchlist.TestNewModels" name="test_chat_models_endpoint_requires_auth" time="0.104" /><testcase classname="backend.tests.test_iter89_punchlist.TestNewModels" name="test_modelpicker_badge_icons_complete" time="0.000" /><testcase classname="backend.tests.test_iter89_punchlist.TestChatHistoryResume" name="test_chat_history_endpoint_exists" time="0.107" /><testcase classname="backend.tests.test_iter89_punchlist.TestChatHistoryResume" name="test_chat_message_persists_project_id" time="0.001" /><testcase classname="backend.tests.test_iter89_punchlist.TestPrivateProgrammingSecurity" name="test_private_code_read_locked" time="0.116" /><testcase classname="backend.tests.test_iter89_punchlist.TestPrivateProgrammingSecurity" name="test_private_code_grep_locked" time="0.107" /></testsuite></testsuites>