<?xml version="1.0" encoding="utf-8"?><testsuites name="pytest tests"><testsuite name="pytest" errors="0" failures="0" skipped="0" tests="12" time="58.797" timestamp="2026-06-10T14:17:51.422429+00:00" hostname="agent-env-e7e33516-be82-44e8-a990-3a46649c1fe6"><testcase classname="tests.test_iter84_stream_actions.TestOrchestrateActions" name="test_module_exports" time="0.001" /><testcase classname="tests.test_iter84_stream_actions.TestOrchestrateActions" name="test_make_event_shape" time="0.000" /><testcase classname="tests.test_iter84_stream_actions.TestOrchestrateActions" name="test_safe_path_blocks_escape" time="0.000" /><testcase classname="tests.test_iter84_stream_actions.TestOrchestrateActions" name="test_read_file_safe_reads_existing" time="0.000" /><testcase classname="tests.test_iter84_stream_actions.TestOrchestrateActions" name="test_read_file_safe_missing" time="0.000" /><testcase classname="tests.test_iter84_stream_actions.TestOrchestrateActions" name="test_grep_safe" time="0.007" /><testcase classname="tests.test_iter84_stream_actions.TestOrchestrateActionsStream" name="test_yields_phase_started_and_complete" time="51.645" /><testcase classname="tests.test_iter84_stream_actions.TestEndpoints" name="test_orchestrate_stream_requires_auth" time="0.301" /><testcase classname="tests.test_iter84_stream_actions.TestEndpoints" name="test_orchestrate_history_requires_auth" time="0.122" /><testcase classname="tests.test_iter84_stream_actions.TestEndpoints" name="test_event_details_requires_auth" time="0.150" /><testcase classname="tests.test_iter84_stream_actions.TestVideoObservability" name="test_video_event_no_auth_required" time="0.127" /><testcase classname="tests.test_iter84_stream_actions.TestVideoObservability" name="test_video_event_anti_flood" time="6.395" /></testsuite></testsuites>