<?xml version="1.0" encoding="utf-8"?><testsuites name="pytest tests"><testsuite name="pytest" errors="0" failures="0" skipped="0" tests="8" time="1.906" timestamp="2026-05-14T21:52:05.630293+00:00" hostname="agent-env-e7e33516-be82-44e8-a990-3a46649c1fe6"><testcase classname="backend.tests.test_iter56_remove_creator" name="test_00_health" time="0.367" /><testcase classname="backend.tests.test_iter56_remove_creator" name="test_01_remove_creator_no_signature_rejected" time="0.152" /><testcase classname="backend.tests.test_iter56_remove_creator" name="test_02_remove_creator_non_creator_signed_403" time="0.449" /><testcase classname="backend.tests.test_iter56_remove_creator" name="test_03_remove_creator_non_creator_with_target_403" time="0.276" /><testcase classname="backend.tests.test_iter56_remove_creator" name="test_10_ideas_send_anonymous_iter56_regression" time="0.119" /><testcase classname="backend.tests.test_iter56_remove_creator" name="test_11_ideas_send_anonymous_empty_content" time="0.109" /><testcase classname="backend.tests.test_iter56_remove_creator" name="test_20_accounts_list_rejects_non_creator" time="0.251" /><testcase classname="backend.tests.test_iter56_remove_creator" name="test_21_accounts_list_unsigned_rejected" time="0.111" /></testsuite></testsuites>