<?xml version="1.0" encoding="utf-8"?><testsuites name="pytest tests"><testsuite name="pytest" errors="0" failures="0" skipped="0" tests="22" time="2.633" timestamp="2026-06-14T17:21:17.102255+00:00" hostname="agent-env-e7e33516-be82-44e8-a990-3a46649c1fe6"><testcase classname="tests.test_iter124_full_decompose.TestChatExportsRoutes" name="test_chat_models_unauthenticated" time="0.127" /><testcase classname="tests.test_iter124_full_decompose.TestChatExportsRoutes" name="test_chat_analyze_attachment_no_file_returns_422" time="0.103" /><testcase classname="tests.test_iter124_full_decompose.TestChatExportsRoutes" name="test_chat_export_ipynb_unauthenticated" time="0.095" /><testcase classname="tests.test_iter124_full_decompose.TestChatExportsRoutes" name="test_chat_export_docx_unauthenticated" time="0.098" /><testcase classname="tests.test_iter124_full_decompose.TestChatExportsAuthenticatedHappyPath" name="test_chat_models_returns_list" time="0.331" /><testcase classname="tests.test_iter124_full_decompose.TestChatExportsAuthenticatedHappyPath" name="test_chat_models_create_context" time="0.329" /><testcase classname="tests.test_iter124_full_decompose.TestChatExportsAuthenticatedHappyPath" name="test_chat_export_ipynb_unknown_project_404" time="0.339" /><testcase classname="tests.test_iter124_full_decompose.TestChatExportsAuthenticatedHappyPath" name="test_chat_export_docx_unknown_project_404" time="0.330" /><testcase classname="tests.test_iter124_full_decompose.TestLifespanMigration" name="test_openapi_still_200" time="0.004" /><testcase classname="tests.test_iter124_full_decompose.TestLifespanMigration" name="test_health_endpoint_still_works" time="0.126" /><testcase classname="tests.test_iter124_full_decompose.TestFileBuildersService" name="test_service_module_importable" time="0.001" /><testcase classname="tests.test_iter124_full_decompose.TestFileBuildersService" name="test_sanitize_filename_returns_safe_str" time="0.000" /><testcase classname="tests.test_iter124_full_decompose.TestFileBuildersService" name="test_make_file_service_returns_instance" time="0.000" /><testcase classname="tests.test_iter124_full_decompose.TestRouteMounting" name="test_all_iter124_routes_mounted" time="0.006" /><testcase classname="tests.test_iter124_full_decompose.TestRouteMounting" name="test_critical_routes_still_in_server" time="0.005" /><testcase classname="tests.test_iter124_full_decompose.TestNoRegressionCumulative" name="test_iter119_caly_config" time="0.106" /><testcase classname="tests.test_iter124_full_decompose.TestNoRegressionCumulative" name="test_iter120_magic_link" time="0.107" /><testcase classname="tests.test_iter124_full_decompose.TestNoRegressionCumulative" name="test_iter121_site_issues" time="0.097" /><testcase classname="tests.test_iter124_full_decompose.TestNoRegressionCumulative" name="test_iter122_preview_demo" time="0.101" /><testcase classname="tests.test_iter124_full_decompose.TestNoRegressionCumulative" name="test_iter122_projects_unauth" time="0.097" /><testcase classname="tests.test_iter124_full_decompose.TestNoRegressionCumulative" name="test_iter123_chat_history_unauth" time="0.100" /><testcase classname="tests.test_iter124_full_decompose.TestNoRegressionCumulative" name="test_iter123_chat_tts_unauth" time="0.100" /></testsuite></testsuites>