<?xml version="1.0" encoding="utf-8"?><testsuites name="pytest tests"><testsuite name="pytest" errors="0" failures="0" skipped="0" tests="16" time="1.446" timestamp="2026-06-10T05:06:34.655223+00:00" hostname="agent-env-e7e33516-be82-44e8-a990-3a46649c1fe6"><testcase classname="backend.tests.test_iter79_staff_permissions.TestPublicGet" name="test_announcements_list_200" time="0.135" /><testcase classname="backend.tests.test_iter79_staff_permissions.TestPublicGet" name="test_polls_list_200" time="0.047" /><testcase classname="backend.tests.test_iter79_staff_permissions.TestPublicGet" name="test_system_scheduled_kicks_200" time="0.046" /><testcase classname="backend.tests.test_iter79_staff_permissions.TestWizardSuggest" name="test_wizard_name_requires_auth" time="0.046" /><testcase classname="backend.tests.test_iter79_staff_permissions.TestWizardSuggest" name="test_wizard_fallback_pool_variety" time="0.436" /><testcase classname="backend.tests.test_iter79_staff_permissions" name="test_staff_gated_rejects_unsigned[/accounts/mute-payload0]" time="0.047" /><testcase classname="backend.tests.test_iter79_staff_permissions" name="test_staff_gated_rejects_unsigned[/accounts/unmute-payload1]" time="0.050" /><testcase classname="backend.tests.test_iter79_staff_permissions" name="test_staff_gated_rejects_unsigned[/accounts/ban-payload2]" time="0.048" /><testcase classname="backend.tests.test_iter79_staff_permissions" name="test_staff_gated_rejects_unsigned[/accounts/unban-payload3]" time="0.045" /><testcase classname="backend.tests.test_iter79_staff_permissions" name="test_staff_gated_rejects_unsigned[/accounts/exclude-payload4]" time="0.046" /><testcase classname="backend.tests.test_iter79_staff_permissions" name="test_staff_gated_rejects_unsigned[/accounts/set-staff-kind-payload5]" time="0.048" /><testcase classname="backend.tests.test_iter79_staff_permissions" name="test_staff_gated_rejects_unsigned[/devices/block-payload6]" time="0.047" /><testcase classname="backend.tests.test_iter79_staff_permissions" name="test_staff_gated_rejects_unsigned[/devices/unblock-payload7]" time="0.047" /><testcase classname="backend.tests.test_iter79_staff_permissions" name="test_staff_gated_rejects_unsigned[/devices/approve-payload8]" time="0.046" /><testcase classname="backend.tests.test_iter79_staff_permissions.TestExportDocx" name="test_export_docx_without_auth" time="0.160" /><testcase classname="backend.tests.test_iter79_staff_permissions" name="test_backend_root_healthy" time="0.048" /></testsuite></testsuites>