<?xml version="1.0" encoding="utf-8"?><testsuites name="pytest tests"><testsuite name="pytest" errors="0" failures="0" skipped="0" tests="3" time="1.996" timestamp="2026-05-15T13:37:57.293817+00:00" hostname="agent-env-e7e33516-be82-44e8-a990-3a46649c1fe6"><testcase classname="tests.test_iter67_threshold_3min.TestThreshold3Min" name="test_session_2min_old_triggers_202" time="0.702" /><testcase classname="tests.test_iter67_threshold_3min.TestThreshold3Min" name="test_session_5min_old_returns_200" time="0.609" /><testcase classname="tests.test_iter67_threshold_3min.TestThreshold3Min" name="test_session_4min_old_returns_200" time="0.564" /></testsuite></testsuites>