<?xml version="1.0" encoding="utf-8"?><testsuites name="pytest tests"><testsuite name="pytest" errors="0" failures="1" skipped="5" tests="9" time="0.647" timestamp="2026-05-01T21:28:28.012128+00:00" hostname="agent-env-e7e33516-be82-44e8-a990-3a46649c1fe6"><testcase classname="backend.tests.test_forgot_password_iter30" name="test_00_login_with_original_password" time="0.415" /><testcase classname="backend.tests.test_forgot_password_iter30" name="test_01_forgot_password_short_rejected" time="0.058" /><testcase classname="backend.tests.test_forgot_password_iter30" name="test_02_forgot_password_happy" time="0.057"><failure message="AssertionError: forgot-password failed: 429 {&quot;detail&quot;:&quot;Trop de demandes. Patiente 10 minutes.&quot;}&#10;assert 429 == 200&#10; +  where 429 = &lt;Response [429]&gt;.status_code">backend/tests/test_forgot_password_iter30.py:78: in test_02_forgot_password_happy
    assert r.status_code == 200, f"forgot-password failed: {r.status_code} {r.text[:300]}"
E   AssertionError: forgot-password failed: 429 {"detail":"Trop de demandes. Patiente 10 minutes."}
E   assert 429 == 200
E    +  where 429 = &lt;Response [429]&gt;.status_code</failure></testcase><testcase classname="backend.tests.test_forgot_password_iter30" name="test_03_confirm_invalid_token" time="0.050" /><testcase classname="backend.tests.test_forgot_password_iter30" name="test_04_confirm_valid_token_applies_password" time="0.000"><skipped type="pytest.skip" message="No token from demo-mode response; cannot exercise the GET without real email.">/app/backend/tests/test_forgot_password_iter30.py:111: No token from demo-mode response; cannot exercise the GET without real email.</skipped></testcase><testcase classname="backend.tests.test_forgot_password_iter30" name="test_05_login_with_new_password" time="0.000"><skipped type="pytest.skip" message="Skipped: no token available (real email mode).">/app/backend/tests/test_forgot_password_iter30.py:126: Skipped: no token available (real email mode).</skipped></testcase><testcase classname="backend.tests.test_forgot_password_iter30" name="test_06_old_password_rejected" time="0.000"><skipped type="pytest.skip" message="Skipped: no token available (real email mode).">/app/backend/tests/test_forgot_password_iter30.py:134: Skipped: no token available (real email mode).</skipped></testcase><testcase classname="backend.tests.test_forgot_password_iter30" name="test_07_reused_token" time="0.000"><skipped type="pytest.skip" message="Skipped: no token available (real email mode).">/app/backend/tests/test_forgot_password_iter30.py:143: Skipped: no token available (real email mode).</skipped></testcase><testcase classname="backend.tests.test_forgot_password_iter30" name="test_08_restore_original_password" time="0.000"><skipped type="pytest.skip" message="Skipped: cannot restore (no demo mode).">/app/backend/tests/test_forgot_password_iter30.py:153: Skipped: cannot restore (no demo mode).</skipped></testcase></testsuite></testsuites>