<?xml version="1.0" encoding="utf-8"?><testsuites name="pytest tests"><testsuite name="pytest" errors="0" failures="0" skipped="0" tests="12" time="5.853" timestamp="2026-05-14T15:55:04.169309+00:00" hostname="agent-env-e7e33516-be82-44e8-a990-3a46649c1fe6"><testcase classname="backend.tests.test_iter47_revoke_decisions_clear" name="test_revoke_unknown_key_returns_200_existed_false" time="0.641" /><testcase classname="backend.tests.test_iter47_revoke_decisions_clear" name="test_revoke_existing_key_returns_existed_true" time="0.557" /><testcase classname="backend.tests.test_iter47_revoke_decisions_clear" name="test_revoke_idempotent_call_twice_same_key" time="0.852" /><testcase classname="backend.tests.test_iter47_revoke_decisions_clear" name="test_revoke_without_valid_signature_returns_403" time="0.466" /><testcase classname="backend.tests.test_iter47_revoke_decisions_clear" name="test_revoke_with_bad_signature_returns_403" time="0.354" /><testcase classname="backend.tests.test_iter47_revoke_decisions_clear" name="test_decisions_clear_without_signature_returns_403" time="0.139" /><testcase classname="backend.tests.test_iter47_revoke_decisions_clear" name="test_decisions_clear_non_creator_returns_403" time="0.411" /><testcase classname="backend.tests.test_iter47_revoke_decisions_clear" name="test_decisions_clear_wipes_collection_but_keeps_device_states" time="1.449" /><testcase classname="backend.tests.test_iter47_revoke_decisions_clear" name="test_decisions_clear_when_empty_returns_zero" time="0.266" /><testcase classname="backend.tests.test_iter47_revoke_decisions_clear" name="test_session_status_unknown_id_returns_expired_not_404" time="0.144" /><testcase classname="backend.tests.test_iter47_revoke_decisions_clear" name="test_login_back_compat_no_device_key_id" time="0.425" /><testcase classname="backend.tests.test_iter47_revoke_decisions_clear" name="test_kept_creator_key_intact" time="0.003" /></testsuite></testsuites>