<?xml version="1.0" encoding="utf-8"?><testsuites name="pytest tests"><testsuite name="pytest" errors="0" failures="0" skipped="0" tests="11" time="2.508" timestamp="2026-06-10T13:36:53.572152+00:00" hostname="agent-env-e7e33516-be82-44e8-a990-3a46649c1fe6"><testcase classname="tests.test_iter83_red_plus.TestSiteMode_Multi" name="test_get_site_mode_returns_modes_list" time="0.271" /><testcase classname="tests.test_iter83_red_plus.TestSiteMode_Multi" name="test_put_site_mode_unsigned_rejected" time="0.136" /><testcase classname="tests.test_iter83_red_plus.TestSiteMode_Multi" name="test_put_site_mode_invalid_mode_rejected" time="0.116" /><testcase classname="tests.test_iter83_red_plus.TestSiteMode_Multi" name="test_modes_list_normalization" time="0.436" /><testcase classname="tests.test_iter83_red_plus.TestSessionPendingAutoExpire" name="test_endpoint_exists" time="0.120" /><testcase classname="tests.test_iter83_red_plus.TestSessionPendingAutoExpire" name="test_stale_threshold_90s_documented" time="0.002" /><testcase classname="tests.test_iter83_red_plus.TestChatOrchestrate" name="test_endpoint_exists_requires_auth" time="0.116" /><testcase classname="tests.test_iter83_red_plus.TestChatOrchestrate" name="test_stream_endpoint_exists" time="0.107" /><testcase classname="tests.test_iter83_red_plus.TestChatOrchestrate" name="test_orchestrator_module_imports" time="0.000" /><testcase classname="tests.test_iter83_red_plus.TestChatOrchestrate" name="test_execute_python_sandbox" time="1.022" /><testcase classname="tests.test_iter83_red_plus.TestRegressionNoBreak" name="test_site_mode_legacy_str_still_works" time="0.121" /></testsuite></testsuites>