<?xml version="1.0" encoding="utf-8"?><testsuites name="pytest tests"><testsuite name="pytest" errors="0" failures="0" skipped="0" tests="47" time="0.507" timestamp="2026-07-18T23:34:25.483946+00:00" hostname="agent-env-e7e33516-be82-44e8-a990-3a46649c1fe6"><testcase classname="backend.tests.test_iter141_groups_anonymous_public_handle" name="test_groups_matrix_modo" time="0.163" /><testcase classname="backend.tests.test_iter141_groups_anonymous_public_handle" name="test_groups_matrix_users_pending" time="0.000" /><testcase classname="backend.tests.test_iter141_groups_anonymous_public_handle" name="test_groups_matrix_admin" time="0.000" /><testcase classname="backend.tests.test_iter141_groups_anonymous_public_handle" name="test_groups_matrix_private_approved" time="0.000" /><testcase classname="backend.tests.test_iter141_groups_anonymous_public_handle" name="test_groups_matrix_guest" time="0.000" /><testcase classname="backend.tests.test_iter141_groups_anonymous_public_handle" name="test_groups_matrix_creator_all" time="0.000" /><testcase classname="backend.tests.test_iter141_groups_anonymous_public_handle" name="test_groups_matrix_creator_simulated_admin_no_modo" time="0.000" /><testcase classname="backend.tests.test_iter141_groups_anonymous_public_handle" name="test_groups_matrix_creator_simulated_modo" time="0.000" /><testcase classname="backend.tests.test_iter141_groups_anonymous_public_handle" name="test_groups_matrix_creator_simulated_user" time="0.000" /><testcase classname="backend.tests.test_iter141_groups_anonymous_public_handle" name="test_groups_matrix_creator_simulated_guest_only_public" time="0.000" /><testcase classname="backend.tests.test_iter141_groups_anonymous_public_handle" name="test_group_members_endpoint_defined" time="0.005" /><testcase classname="backend.tests.test_iter141_groups_anonymous_public_handle" name="test_anonymous_and_sun_mode_endpoints_defined" time="0.006" /><testcase classname="backend.tests.test_iter141_groups_anonymous_public_handle" name="test_anonymous_toggle_model_present" time="0.000" /><testcase classname="backend.tests.test_iter141_groups_anonymous_public_handle" name="test_public_handle_required_in_register" time="0.244" /><testcase classname="backend.tests.test_iter141_groups_anonymous_public_handle" name="test_public_handle_validation_present" time="0.001" /><testcase classname="backend.tests.test_iter141_groups_anonymous_public_handle" name="test_group_send_stores_public_handle" time="0.003" /><testcase classname="backend.tests.test_iter141_groups_anonymous_public_handle" name="test_view_mode_param_on_groups_endpoints" time="0.000" /><testcase classname="backend.tests.test_iter141_groups_anonymous_public_handle" name="test_creator_invisible_rule_in_members_route" time="0.003" /><testcase classname="backend.tests.test_iter141_groups_anonymous_public_handle" name="test_anonymous_rendering_in_messages" time="0.003" /><testcase classname="backend.tests.test_iter142_ux_cleanup" name="test_admin_does_not_see_modo_group" time="0.000" /><testcase classname="backend.tests.test_iter142_ux_cleanup" name="test_guest_sees_public_staff" time="0.000" /><testcase classname="backend.tests.test_iter142_ux_cleanup" name="test_creator_sim_admin_no_modo" time="0.000" /><testcase classname="backend.tests.test_iter142_ux_cleanup" name="test_creator_sim_guest_sees_public_staff" time="0.000" /><testcase classname="backend.tests.test_iter142_ux_cleanup" name="test_messages_endpoint_blocks_history_for_guest_on_public_staff" time="0.003" /><testcase classname="backend.tests.test_iter142_ux_cleanup" name="test_devices_list_enriches_public_handle" time="0.011" /><testcase classname="backend.tests.test_iter142_ux_cleanup" name="test_preview_menu_component_exists" time="0.000" /><testcase classname="backend.tests.test_iter142_ux_cleanup" name="test_landing_uses_preview_menu" time="0.000" /><testcase classname="backend.tests.test_iter142_ux_cleanup" name="test_login_removes_creator_toolbar" time="0.000" /><testcase classname="backend.tests.test_iter142_ux_cleanup" name="test_creator_toolbar_hides_in_simulation" time="0.000" /><testcase classname="backend.tests.test_iter142_ux_cleanup" name="test_accounts_button_shows_only_pseudo_and_handle" time="0.000" /><testcase classname="backend.tests.test_iter142_ux_cleanup" name="test_device_manager_removed_last_seen_and_shows_handle" time="0.000" /><testcase classname="backend.tests.test_iter142_ux_cleanup" name="test_toasts_removed_in_toggles" time="0.000" /><testcase classname="backend.tests.test_iter142_ux_cleanup" name="test_member_actions_bar_has_confirm_for_destructive" time="0.000" /><testcase classname="backend.tests.test_iter142_ux_cleanup" name="test_group_chat_panel_silent_on_403" time="0.000" /><testcase classname="backend.tests.test_iter142_bots_and_journal" name="test_bot_analyzer_module_present" time="0.000" /><testcase classname="backend.tests.test_iter142_bots_and_journal" name="test_analyze_message_clean_content" time="0.000" /><testcase classname="backend.tests.test_iter142_bots_and_journal" name="test_analyze_message_keywords_flag" time="0.000" /><testcase classname="backend.tests.test_iter142_bots_and_journal" name="test_analyze_message_flood_detection" time="0.000" /><testcase classname="backend.tests.test_iter142_bots_and_journal" name="test_analyze_message_repeat_detection" time="0.000" /><testcase classname="backend.tests.test_iter142_bots_and_journal" name="test_analyze_message_mention_flood" time="0.000" /><testcase classname="backend.tests.test_iter142_bots_and_journal" name="test_suspicion_threshold" time="0.000" /><testcase classname="backend.tests.test_iter142_bots_and_journal" name="test_journal_endpoint_defined" time="0.004" /><testcase classname="backend.tests.test_iter142_bots_and_journal" name="test_sun_mode_requires_suspicion_for_non_creator" time="0.003" /><testcase classname="backend.tests.test_iter142_bots_and_journal" name="test_creator_anonymous_never_revealed" time="0.003" /><testcase classname="backend.tests.test_iter142_bots_and_journal" name="test_bot_analyzer_hooks_in_groups_send" time="0.003" /><testcase classname="backend.tests.test_iter142_bots_and_journal" name="test_journal_mode_change_signature" time="0.000" /><testcase classname="backend.tests.test_iter142_bots_and_journal" name="test_no_more_backend_prefix_import" time="0.000" /></testsuite></testsuites>