<?xml version="1.0" encoding="utf-8"?><testsuites name="pytest tests"><testsuite name="pytest" errors="0" failures="0" skipped="0" tests="16" time="3.358" timestamp="2026-05-15T22:14:55.513168+00:00" hostname="agent-env-e7e33516-be82-44e8-a990-3a46649c1fe6"><testcase classname="backend.tests.test_iter77_audience_polls_accounts.TestIter77SignatureGating" name="test_accounts_list_requires_creator_signature" time="0.298" /><testcase classname="backend.tests.test_iter77_audience_polls_accounts.TestIter77SignatureGating" name="test_accounts_set_staff_kind_requires_creator_signature" time="0.156" /><testcase classname="backend.tests.test_iter77_audience_polls_accounts.TestIter77SignatureGating" name="test_accounts_force_visitor_requires_creator_signature" time="0.152" /><testcase classname="backend.tests.test_iter77_audience_polls_accounts.TestIter77SignatureGating" name="test_announcements_edit_requires_creator_signature" time="0.121" /><testcase classname="backend.tests.test_iter77_audience_polls_accounts.TestIter77SignatureGating" name="test_polls_create_requires_creator_signature" time="0.128" /><testcase classname="backend.tests.test_iter77_audience_polls_accounts.TestIter77SignatureGating" name="test_polls_edit_requires_creator_signature" time="0.112" /><testcase classname="backend.tests.test_iter77_audience_polls_accounts.TestIter77SignatureGating" name="test_polls_suggest_option_requires_signature" time="0.118" /><testcase classname="backend.tests.test_iter77_audience_polls_accounts.TestIter77SignatureGating" name="test_polls_decide_suggestion_requires_creator_signature" time="0.132" /><testcase classname="backend.tests.test_iter77_audience_polls_accounts.TestIter77SignatureGating" name="test_ideas_set_state_requires_staff_or_creator" time="0.106" /><testcase classname="backend.tests.test_iter77_audience_polls_accounts.TestIter77AnnouncementsAudience" name="test_list_returns_array" time="0.122" /><testcase classname="backend.tests.test_iter77_audience_polls_accounts.TestIter77AnnouncementsAudience" name="test_multi_audience_admin_modo_matches_admin_device" time="0.866" /><testcase classname="backend.tests.test_iter77_audience_polls_accounts.TestIter77AnnouncementsAudience" name="test_legacy_audience_string_all_still_matches" time="0.119" /><testcase classname="backend.tests.test_iter77_audience_polls_accounts.TestIter77AnnouncementsAudience" name="test_audience_non_validated_matches_pending" time="0.262" /><testcase classname="backend.tests.test_iter77_audience_polls_accounts.TestIter77PollsSuggestions" name="test_polls_list_exposes_max_selections_and_suggestions_default" time="0.130" /><testcase classname="backend.tests.test_iter77_audience_polls_accounts.TestIter77PollsSuggestions" name="test_polls_list_shows_pending_and_approved_suggestions_hides_removed" time="0.172" /><testcase classname="backend.tests.test_iter77_audience_polls_accounts.TestIter77DevicesVerify" name="test_devices_verify_includes_force_visitor_and_staff_kind_shape" time="0.150" /></testsuite></testsuites>