<?xml version="1.0" encoding="utf-8"?><testsuites name="pytest tests"><testsuite name="pytest" errors="0" failures="0" skipped="0" tests="11" time="5.495" timestamp="2026-05-14T15:28:40.551768+00:00" hostname="agent-env-e7e33516-be82-44e8-a990-3a46649c1fe6"><testcase classname="backend.tests.test_iter46_session_devices" name="test_login_back_compat_no_device_key" time="0.543" /><testcase classname="backend.tests.test_iter46_session_devices" name="test_login_with_device_key_persists_id" time="0.635" /><testcase classname="backend.tests.test_iter46_session_devices" name="test_pending_login_returns_202_with_request_id" time="1.132" /><testcase classname="backend.tests.test_iter46_session_devices" name="test_status_unknown_id_returns_expired_not_404" time="0.143" /><testcase classname="backend.tests.test_iter46_session_devices" name="test_status_pending_then_approve_then_idempotent" time="0.884" /><testcase classname="backend.tests.test_iter46_session_devices" name="test_send_to_creator_unknown_key_returns_404" time="0.109" /><testcase classname="backend.tests.test_iter46_session_devices" name="test_send_to_creator_invalid_signature_returns_403" time="0.406" /><testcase classname="backend.tests.test_iter46_session_devices" name="test_send_to_creator_valid_signature_logs_request" time="0.448" /><testcase classname="backend.tests.test_iter46_session_devices" name="test_devices_revoke_hard_deletes_row" time="0.558" /><testcase classname="backend.tests.test_iter46_session_devices" name="test_devices_disconnect_hard_deletes_row" time="0.495" /><testcase classname="backend.tests.test_iter46_session_devices" name="test_kept_creator_key_intact" time="0.004" /></testsuite></testsuites>