<?xml version="1.0" encoding="utf-8"?><testsuites name="pytest tests"><testsuite name="pytest" errors="0" failures="0" skipped="0" tests="78" time="4.033" timestamp="2026-06-11T07:43:51.020891+00:00" hostname="agent-env-e7e33516-be82-44e8-a990-3a46649c1fe6"><testcase classname="tests.test_iter90_strict_password_and_models.TestIdeasClearStrictPassword" name="test_iter89_fallback_removed" time="0.003" /><testcase classname="tests.test_iter90_strict_password_and_models.TestIdeasClearStrictPassword" name="test_ideas_clear_403_without_sig" time="0.004" /><testcase classname="tests.test_iter90_strict_password_and_models.TestNewModelsIter90" name="test_model_routes_grok_lindy" time="0.002" /><testcase classname="tests.test_iter90_strict_password_and_models.TestNewModelsIter90" name="test_chat_models_list_has_new" time="0.003" /><testcase classname="tests.test_iter90_strict_password_and_models.TestNewModelsIter90" name="test_modelpicker_icons_iter90" time="0.000" /><testcase classname="tests.test_iter90_strict_password_and_models.TestOfflineInstaller" name="test_ollama_status_endpoint" time="0.025" /><testcase classname="tests.test_iter90_strict_password_and_models.TestOfflineInstaller" name="test_offline_installer_component_exists" time="0.000" /><testcase classname="tests.test_iter90_strict_password_and_models.TestOfflineInstaller" name="test_chat_page_wires_installer" time="0.000" /><testcase classname="tests.test_iter90_strict_password_and_models.TestRegressionIter89" name="test_chat_history_loading_state" time="0.000" /><testcase classname="tests.test_iter90_strict_password_and_models.TestRegressionIter89" name="test_emergent_collab_vexub_still_present" time="0.002" /><testcase classname="tests.test_iter89_punchlist.TestIdeasClearPasswordFallback" name="test_ideas_clear_requires_signature" time="0.002" /><testcase classname="tests.test_iter89_punchlist.TestIdeasClearPasswordFallback" name="test_ideas_clear_invalid_scope" time="0.002" /><testcase classname="tests.test_iter89_punchlist.TestIdeasClearPasswordFallback" name="test_ideas_clear_fallback_logic_present" time="0.004" /><testcase classname="tests.test_iter89_punchlist.TestNewModels" name="test_model_routes_include_new" time="0.001" /><testcase classname="tests.test_iter89_punchlist.TestNewModels" name="test_chat_models_endpoint_requires_auth" time="0.001" /><testcase classname="tests.test_iter89_punchlist.TestNewModels" name="test_modelpicker_badge_icons_complete" time="0.000" /><testcase classname="tests.test_iter89_punchlist.TestChatHistoryResume" name="test_chat_history_endpoint_exists" time="0.001" /><testcase classname="tests.test_iter89_punchlist.TestChatHistoryResume" name="test_chat_message_persists_project_id" time="0.001" /><testcase classname="tests.test_iter89_punchlist.TestPrivateProgrammingSecurity" name="test_private_code_read_locked" time="0.002" /><testcase classname="tests.test_iter89_punchlist.TestPrivateProgrammingSecurity" name="test_private_code_grep_locked" time="0.002" /><testcase classname="tests.test_iter88_eye_fix_and_slice3.TestEyeImportFix" name="test_eye_imported" time="0.000" /><testcase classname="tests.test_iter88_eye_fix_and_slice3.TestSlice3GroupsRefacto" name="test_groups_endpoints_still_work" time="0.006" /><testcase classname="tests.test_iter88_eye_fix_and_slice3.TestSlice3GroupsRefacto" name="test_build_groups_router_exists" time="0.152" /><testcase classname="tests.test_iter88_eye_fix_and_slice3.TestSlice3GroupsRefacto" name="test_groups_routes_removed_from_server" time="0.003" /><testcase classname="tests.test_iter88_eye_fix_and_slice3.TestPreviewRebuild" name="test_orchestrate_in_has_preview_flag" time="0.001" /><testcase classname="tests.test_iter88_eye_fix_and_slice3.TestPreviewRebuild" name="test_orchestrator_accepts_on_preview" time="0.000" /><testcase classname="tests.test_iter88_eye_fix_and_slice3.TestPreviewRebuild" name="test_preview_event_includes_rebuild_result" time="0.000" /><testcase classname="tests.test_iter87_public_private_and_models.TestViewModePickerExtended" name="test_creator_in_ORDER" time="0.000" /><testcase classname="tests.test_iter87_public_private_and_models.TestViewModePickerExtended" name="test_viewMode_can_be_null" time="0.000" /><testcase classname="tests.test_iter87_public_private_and_models.TestI18nForceModoAdmin" name="test_fr_keys" time="0.001" /><testcase classname="tests.test_iter87_public_private_and_models.TestI18nForceModoAdmin" name="test_en_keys" time="0.001" /><testcase classname="tests.test_iter87_public_private_and_models.TestPrivateCodeBlocked" name="test_read_file_403" time="0.003" /><testcase classname="tests.test_iter87_public_private_and_models.TestPrivateCodeBlocked" name="test_grep_403" time="0.002" /><testcase classname="tests.test_iter87_public_private_and_models.TestPrivateCodeBlocked" name="test_frontend_page_locked" time="0.000" /><testcase classname="tests.test_iter87_public_private_and_models.TestPublicPrivateContextDifferentiation" name="test_history_limit_in_server" time="0.001" /><testcase classname="tests.test_iter87_public_private_and_models.TestNewModelIds" name="test_emergent_models_listed" time="0.001" /><testcase classname="tests.test_iter87_public_private_and_models.TestNewModelIds" name="test_model_routes_extended" time="0.001" /><testcase classname="tests.test_iter87_public_private_and_models.TestNewModelIds" name="test_default_model_is_claude_sonnet" time="0.001" /><testcase classname="tests.test_iter86_fixes_and_refacto.TestSlice2Refacto" name="test_friends_routes_still_accessible" time="0.004" /><testcase classname="tests.test_iter86_fixes_and_refacto.TestSlice2Refacto" name="test_build_friends_router_signature" time="0.000" /><testcase classname="tests.test_iter86_fixes_and_refacto.TestAdminGroup" name="test_admin_in_group_types" time="0.000" /><testcase classname="tests.test_iter86_fixes_and_refacto.TestAdminGroup" name="test_admin_user_has_admin_group" time="0.000" /><testcase classname="tests.test_iter86_fixes_and_refacto.TestAdminGroup" name="test_modo_user_no_admin_group" time="0.000" /><testcase classname="tests.test_iter86_fixes_and_refacto.TestAdminGroup" name="test_creator_sees_admin_group" time="0.000" /><testcase classname="tests.test_iter86_fixes_and_refacto.TestPublicPrivateStaffDistinction" name="test_device_matches_mode_helper" time="0.189" /><testcase classname="tests.test_iter86_fixes_and_refacto.TestOnCommitHook" name="test_signature_accepts_on_commit" time="0.000" /><testcase classname="tests.test_iter86_fixes_and_refacto.TestOnCommitHook" name="test_correction_loop_present" time="0.000" /><testcase classname="tests.test_iter86_fixes_and_refacto.TestPrivateCodeBrowser" name="test_read_file_requires_creator" time="0.003" /><testcase classname="tests.test_iter86_fixes_and_refacto.TestPrivateCodeBrowser" name="test_grep_requires_creator" time="0.002" /><testcase classname="tests.test_iter86_fixes_and_refacto.TestGuestViewExtended" name="test_guest_view_accepts_modo_admin" time="0.004" /><testcase classname="tests.test_iter86_fixes_and_refacto.TestViewModePickerCheckbox" name="test_picker_decoche_creator" time="0.000" /><testcase classname="tests.test_iter86_fixes_and_refacto.TestViewModePickerCheckbox" name="test_simulation_banner_exists" time="0.000" /><testcase classname="tests.test_iter76_announcements_polls_kicks.TestIter76AnnouncementsList" name="test_list_empty_or_returns_array" time="0.242" /><testcase classname="tests.test_iter76_announcements_polls_kicks.TestIter76AnnouncementsList" name="test_list_with_key_id_includes_my_state_field" time="0.107" /><testcase classname="tests.test_iter76_announcements_polls_kicks.TestIter76AnnouncementsList" name="test_list_hides_validated_for_non_creator" time="0.126" /><testcase classname="tests.test_iter76_announcements_polls_kicks.TestIter76PollsMultiSelect" name="test_polls_list_includes_max_selections_default_1" time="0.122" /><testcase classname="tests.test_iter76_announcements_polls_kicks.TestIter76PollsMultiSelect" name="test_polls_list_aggregates_multi_select_votes" time="0.110" /><testcase classname="tests.test_iter76_announcements_polls_kicks.TestIter76ScheduledKicksList" name="test_list_endpoint_returns_array" time="0.107" /><testcase classname="tests.test_iter76_announcements_polls_kicks.TestIter76AuthEndpointsGating" name="test_set_state_requires_signature" time="0.111" /><testcase classname="tests.test_iter76_announcements_polls_kicks.TestIter76AuthEndpointsGating" name="test_clear_history_requires_creator_signature" time="0.118" /><testcase classname="tests.test_iter76_announcements_polls_kicks.TestIter76AuthEndpointsGating" name="test_schedule_kick_requires_creator_signature" time="0.109" /><testcase classname="tests.test_iter76_announcements_polls_kicks.TestIter76AuthEndpointsGating" name="test_cancel_scheduled_kick_requires_creator_signature" time="0.105" /><testcase classname="tests.test_iter77_audience_polls_accounts.TestIter77SignatureGating" name="test_accounts_list_requires_creator_signature" time="0.110" /><testcase classname="tests.test_iter77_audience_polls_accounts.TestIter77SignatureGating" name="test_accounts_set_staff_kind_requires_creator_signature" time="0.108" /><testcase classname="tests.test_iter77_audience_polls_accounts.TestIter77SignatureGating" name="test_accounts_force_visitor_requires_creator_signature" time="0.119" /><testcase classname="tests.test_iter77_audience_polls_accounts.TestIter77SignatureGating" name="test_announcements_edit_requires_creator_signature" time="0.119" /><testcase classname="tests.test_iter77_audience_polls_accounts.TestIter77SignatureGating" name="test_polls_create_requires_creator_signature" time="0.124" /><testcase classname="tests.test_iter77_audience_polls_accounts.TestIter77SignatureGating" name="test_polls_edit_requires_creator_signature" time="0.114" /><testcase classname="tests.test_iter77_audience_polls_accounts.TestIter77SignatureGating" name="test_polls_suggest_option_requires_signature" time="0.150" /><testcase classname="tests.test_iter77_audience_polls_accounts.TestIter77SignatureGating" name="test_polls_decide_suggestion_requires_creator_signature" time="0.119" /><testcase classname="tests.test_iter77_audience_polls_accounts.TestIter77SignatureGating" name="test_ideas_set_state_requires_staff_or_creator" time="0.111" /><testcase classname="tests.test_iter77_audience_polls_accounts.TestIter77AnnouncementsAudience" name="test_list_returns_array" time="0.112" /><testcase classname="tests.test_iter77_audience_polls_accounts.TestIter77AnnouncementsAudience" name="test_multi_audience_admin_modo_matches_admin_device" time="0.323" /><testcase classname="tests.test_iter77_audience_polls_accounts.TestIter77AnnouncementsAudience" name="test_legacy_audience_string_all_still_matches" time="0.114" /><testcase classname="tests.test_iter77_audience_polls_accounts.TestIter77AnnouncementsAudience" name="test_audience_non_validated_matches_pending" time="0.213" /><testcase classname="tests.test_iter77_audience_polls_accounts.TestIter77PollsSuggestions" name="test_polls_list_exposes_max_selections_and_suggestions_default" time="0.120" /><testcase classname="tests.test_iter77_audience_polls_accounts.TestIter77PollsSuggestions" name="test_polls_list_shows_pending_and_approved_suggestions_hides_removed" time="0.116" /><testcase classname="tests.test_iter77_audience_polls_accounts.TestIter77DevicesVerify" name="test_devices_verify_includes_force_visitor_and_staff_kind_shape" time="0.106" /></testsuite></testsuites>