<?xml version="1.0" encoding="utf-8"?><testsuites name="pytest tests"><testsuite name="pytest" errors="0" failures="0" skipped="0" tests="13" time="6.564" timestamp="2026-05-15T15:28:11.443468+00:00" hostname="agent-env-e7e33516-be82-44e8-a990-3a46649c1fe6"><testcase classname="backend.tests.test_iter69_biometric.TestRegisterBiometricValidation" name="test_register_without_biometric_returns_400" time="0.392" /><testcase classname="backend.tests.test_iter69_biometric.TestRegisterBiometricValidation" name="test_register_with_iris_3_hashes_returns_200" time="1.591" /><testcase classname="backend.tests.test_iter69_biometric.TestRegisterBiometricValidation" name="test_register_with_iris_2_hashes_returns_400" time="0.124" /><testcase classname="backend.tests.test_iter69_biometric.TestRegisterBiometricValidation" name="test_register_with_webauthn_invalid_options_token_returns_400" time="0.125" /><testcase classname="backend.tests.test_iter69_biometric.TestWebAuthnEnrollBegin" name="test_enroll_begin_anonymous_returns_options_and_token" time="0.143" /><testcase classname="backend.tests.test_iter69_biometric.TestWebAuthnEnrollBegin" name="test_enroll_begin_without_body_still_returns_200" time="0.163" /><testcase classname="backend.tests.test_iter69_biometric.TestDisconnectSoft" name="test_disconnect_soft_with_token_sets_last_seen_to_past" time="0.389" /><testcase classname="backend.tests.test_iter69_biometric.TestDisconnectSoft" name="test_disconnect_soft_without_token_returns_200_noop" time="0.233" /><testcase classname="backend.tests.test_iter69_biometric.TestThreshold35s" name="test_session_20s_old_triggers_202" time="0.673" /><testcase classname="backend.tests.test_iter69_biometric.TestThreshold35s" name="test_session_40s_old_returns_200" time="0.604" /><testcase classname="backend.tests.test_iter69_biometric.TestThreshold35s" name="test_session_120s_old_returns_200" time="0.571" /><testcase classname="backend.tests.test_iter69_biometric.TestPseudoMin1Char" name="test_pseudo_1_char_accepted" time="1.255" /><testcase classname="backend.tests.test_iter69_biometric.TestPseudoMin1Char" name="test_pseudo_empty_returns_400" time="0.115" /></testsuite></testsuites>