<?xml version="1.0" encoding="utf-8"?><testsuites name="pytest tests"><testsuite name="pytest" errors="0" failures="0" skipped="0" tests="11" time="3.593" timestamp="2026-05-14T22:19:01.866858+00:00" hostname="agent-env-e7e33516-be82-44e8-a990-3a46649c1fe6"><testcase classname="backend.tests.test_iter57_delete_accounts" name="test_00_health" time="0.357" /><testcase classname="backend.tests.test_iter57_delete_accounts" name="test_01_delete_one_unsigned_rejected" time="0.172" /><testcase classname="backend.tests.test_iter57_delete_accounts" name="test_02_delete_one_non_creator_signed_403" time="0.683" /><testcase classname="backend.tests.test_iter57_delete_accounts" name="test_03_delete_one_non_creator_self_target_still_403" time="0.503" /><testcase classname="backend.tests.test_iter57_delete_accounts" name="test_04_delete_one_non_creator_missing_target_403" time="0.333" /><testcase classname="backend.tests.test_iter57_delete_accounts" name="test_05_delete_all_unsigned_rejected" time="0.150" /><testcase classname="backend.tests.test_iter57_delete_accounts" name="test_06_delete_all_non_creator_signed_403" time="0.268" /><testcase classname="backend.tests.test_iter57_delete_accounts" name="test_10_remove_creator_non_creator_403" time="0.287" /><testcase classname="backend.tests.test_iter57_delete_accounts" name="test_20_ideas_send_anonymous" time="0.174" /><testcase classname="backend.tests.test_iter57_delete_accounts" name="test_21_ideas_send_signed_attaches_pseudo" time="0.298" /><testcase classname="backend.tests.test_iter57_delete_accounts" name="test_30_accounts_list_rejects_non_creator" time="0.305" /></testsuite></testsuites>