<?xml version="1.0" encoding="utf-8"?><testsuites name="pytest tests"><testsuite name="pytest" errors="0" failures="0" skipped="0" tests="89" time="74.610" timestamp="2026-06-10T17:47:15.867549+00:00" hostname="agent-env-e7e33516-be82-44e8-a990-3a46649c1fe6"><testcase classname="tests.test_iter81_orange_fixes.TestWizardSuggest" name="test_requires_auth" time="0.165" /><testcase classname="tests.test_iter81_orange_fixes.TestWizardSuggest" name="test_name_returns_three_suggestions" time="1.954" /><testcase classname="tests.test_iter81_orange_fixes.TestWizardSuggest" name="test_name_variety_across_seeds" time="6.947" /><testcase classname="tests.test_iter81_orange_fixes.TestWizardSuggest" name="test_name_lengths_varied" time="9.962" /><testcase classname="tests.test_iter81_orange_fixes.TestWizardSuggest" name="test_design_kind" time="3.293" /><testcase classname="tests.test_iter81_orange_fixes.TestFallbackNamePool" name="test_pool_min_size" time="0.003" /><testcase classname="tests.test_iter81_orange_fixes.TestFallbackNamePool" name="test_pool_length_variety" time="0.002" /><testcase classname="tests.test_iter81_orange_fixes.TestAccountsVisit" name="test_unsigned_returns_403" time="0.195" /><testcase classname="tests.test_iter81_orange_fixes.TestAccountsVisit" name="test_missing_body_returns_422" time="0.119" /><testcase classname="tests.test_iter81_orange_fixes.TestIdeasInboxClear" name="test_inbox_unsigned_returns_403" time="0.135" /><testcase classname="tests.test_iter81_orange_fixes.TestIdeasInboxClear" name="test_clear_invalid_scope_or_403" time="0.114" /><testcase classname="tests.test_iter81_orange_fixes.TestIdeasInboxClear" name="test_clear_invalid_scope_value" time="0.128" /><testcase classname="tests.test_iter81_orange_fixes.TestExportDownload" name="test_requires_auth" time="0.111" /><testcase classname="tests.test_iter81_orange_fixes.TestExportDownload" name="test_unknown_project_returns_404" time="0.053" /><testcase classname="tests.test_iter81_orange_fixes.TestExportDownload" name="test_accepts_include_flags_schema" time="0.054" /><testcase classname="tests.test_iter81_orange_fixes.TestRegression" name="test_health" time="0.160" /><testcase classname="tests.test_iter82_red_features.TestFriendsEndpoints" name="test_friends_request_unsigned_403" time="0.139" /><testcase classname="tests.test_iter82_red_features.TestFriendsEndpoints" name="test_friends_decide_unknown_404" time="0.144" /><testcase classname="tests.test_iter82_red_features.TestFriendsEndpoints" name="test_friends_list_unsigned_404_or_403" time="0.122" /><testcase classname="tests.test_iter82_red_features.TestGroupsEndpoints" name="test_groups_list_unsigned_403" time="0.106" /><testcase classname="tests.test_iter82_red_features.TestGroupsEndpoints" name="test_groups_messages_invalid_type_400_or_403" time="0.111" /><testcase classname="tests.test_iter82_red_features.TestGroupsEndpoints" name="test_groups_send_unsigned_403" time="0.108" /><testcase classname="tests.test_iter82_red_features.TestMessagesSendToStaff" name="test_unsigned_403" time="0.108" /><testcase classname="tests.test_iter82_red_features.TestMessagesSendToStaff" name="test_empty_content_400" time="0.112" /><testcase classname="tests.test_iter82_red_features.TestAccountsVisitEnriched" name="test_unsigned_403_or_404" time="0.113" /><testcase classname="tests.test_iter82_red_features.TestAccountsVisitEnriched" name="test_response_shape_documented" time="0.450" /><testcase classname="tests.test_iter82_red_features.TestChatStreamEndpoint" name="test_endpoint_exists" time="0.108" /><testcase classname="tests.test_iter82_red_features.TestGroupTypeGate" name="test_group_types_correctness" time="0.003" /><testcase classname="tests.test_iter83_red_plus.TestSiteMode_Multi" name="test_get_site_mode_returns_modes_list" time="0.107" /><testcase classname="tests.test_iter83_red_plus.TestSiteMode_Multi" name="test_put_site_mode_unsigned_rejected" time="0.124" /><testcase classname="tests.test_iter83_red_plus.TestSiteMode_Multi" name="test_put_site_mode_invalid_mode_rejected" time="0.150" /><testcase classname="tests.test_iter83_red_plus.TestSiteMode_Multi" name="test_modes_list_normalization" time="0.003" /><testcase classname="tests.test_iter83_red_plus.TestSessionPendingAutoExpire" name="test_endpoint_exists" time="0.107" /><testcase classname="tests.test_iter83_red_plus.TestSessionPendingAutoExpire" name="test_stale_threshold_90s_documented" time="0.003" /><testcase classname="tests.test_iter83_red_plus.TestChatOrchestrate" name="test_endpoint_exists_requires_auth" time="0.116" /><testcase classname="tests.test_iter83_red_plus.TestChatOrchestrate" name="test_stream_endpoint_exists" time="0.136" /><testcase classname="tests.test_iter83_red_plus.TestChatOrchestrate" name="test_orchestrator_module_imports" time="0.000" /><testcase classname="tests.test_iter83_red_plus.TestChatOrchestrate" name="test_execute_python_sandbox" time="1.022" /><testcase classname="tests.test_iter83_red_plus.TestRegressionNoBreak" name="test_site_mode_legacy_str_still_works" time="0.111" /><testcase classname="tests.test_iter84_stream_actions.TestOrchestrateActions" name="test_module_exports" time="0.000" /><testcase classname="tests.test_iter84_stream_actions.TestOrchestrateActions" name="test_make_event_shape" time="0.000" /><testcase classname="tests.test_iter84_stream_actions.TestOrchestrateActions" name="test_safe_path_blocks_escape" time="0.000" /><testcase classname="tests.test_iter84_stream_actions.TestOrchestrateActions" name="test_read_file_safe_reads_existing" time="0.000" /><testcase classname="tests.test_iter84_stream_actions.TestOrchestrateActions" name="test_read_file_safe_missing" time="0.000" /><testcase classname="tests.test_iter84_stream_actions.TestOrchestrateActions" name="test_grep_safe" time="0.007" /><testcase classname="tests.test_iter84_stream_actions.TestOrchestrateActionsStream" name="test_yields_phase_started_and_complete" time="28.001" /><testcase classname="tests.test_iter84_stream_actions.TestEndpoints" name="test_orchestrate_stream_requires_auth" time="0.189" /><testcase classname="tests.test_iter84_stream_actions.TestEndpoints" name="test_orchestrate_history_requires_auth" time="0.135" /><testcase classname="tests.test_iter84_stream_actions.TestEndpoints" name="test_event_details_requires_auth" time="0.115" /><testcase classname="tests.test_iter84_stream_actions.TestVideoObservability" name="test_video_event_no_auth_required" time="0.111" /><testcase classname="tests.test_iter84_stream_actions.TestVideoObservability" name="test_video_event_anti_flood" time="10.594" /><testcase classname="tests.test_iter85_view_modes_and_streaming.TestRefactoSocialRoutes" name="test_module_exists" time="0.000" /><testcase classname="tests.test_iter85_view_modes_and_streaming.TestRefactoSocialRoutes" name="test_groups_for_creator" time="0.000" /><testcase classname="tests.test_iter85_view_modes_and_streaming.TestRefactoSocialRoutes" name="test_groups_for_modo" time="0.000" /><testcase classname="tests.test_iter85_view_modes_and_streaming.TestRefactoSocialRoutes" name="test_groups_for_admin" time="0.000" /><testcase classname="tests.test_iter85_view_modes_and_streaming.TestRefactoSocialRoutes" name="test_groups_for_blocked" time="0.000" /><testcase classname="tests.test_iter85_view_modes_and_streaming.TestStreamingFinalChunks" name="test_llm_stream_tokens_exists" time="2.702" /><testcase classname="tests.test_iter85_view_modes_and_streaming.TestStreamingFinalChunks" name="test_orchestrate_actions_yields_final_chunk_event_type" time="0.001" /><testcase classname="tests.test_iter85_view_modes_and_streaming.TestTestLoopEndpoint" name="test_test_loop_requires_auth" time="4.253" /><testcase classname="tests.test_iter85_view_modes_and_streaming.TestTestLoopEndpoint" name="test_test_loop_endpoint_documented" time="0.003" /><testcase classname="tests.test_iter85_view_modes_and_streaming.TestViewModePicker" name="test_component_file_exists" time="0.000" /><testcase classname="tests.test_iter85_view_modes_and_streaming.TestViewModePicker" name="test_useDevice_extended_views" time="0.000" /><testcase classname="tests.test_iter85_view_modes_and_streaming.TestRegressionIntact" name="test_friends_endpoint_still_works" time="0.147" /><testcase classname="tests.test_iter85_view_modes_and_streaming.TestRegressionIntact" name="test_groups_list_still_works" time="0.116" /><testcase classname="tests.test_iter86_fixes_and_refacto.TestSlice2Refacto" name="test_friends_routes_still_accessible" time="0.249" /><testcase classname="tests.test_iter86_fixes_and_refacto.TestSlice2Refacto" name="test_build_friends_router_signature" time="0.000" /><testcase classname="tests.test_iter86_fixes_and_refacto.TestAdminGroup" name="test_admin_in_group_types" time="0.000" /><testcase classname="tests.test_iter86_fixes_and_refacto.TestAdminGroup" name="test_admin_user_has_admin_group" time="0.000" /><testcase classname="tests.test_iter86_fixes_and_refacto.TestAdminGroup" name="test_modo_user_no_admin_group" time="0.000" /><testcase classname="tests.test_iter86_fixes_and_refacto.TestAdminGroup" name="test_creator_sees_admin_group" time="0.000" /><testcase classname="tests.test_iter86_fixes_and_refacto.TestPublicPrivateStaffDistinction" name="test_device_matches_mode_helper" time="0.000" /><testcase classname="tests.test_iter86_fixes_and_refacto.TestOnCommitHook" name="test_signature_accepts_on_commit" time="0.000" /><testcase classname="tests.test_iter86_fixes_and_refacto.TestOnCommitHook" name="test_correction_loop_present" time="0.000" /><testcase classname="tests.test_iter86_fixes_and_refacto.TestPrivateCodeBrowser" name="test_read_file_requires_creator" time="0.139" /><testcase classname="tests.test_iter86_fixes_and_refacto.TestPrivateCodeBrowser" name="test_grep_requires_creator" time="0.193" /><testcase classname="tests.test_iter86_fixes_and_refacto.TestGuestViewExtended" name="test_guest_view_accepts_modo_admin" time="0.259" /><testcase classname="tests.test_iter86_fixes_and_refacto.TestViewModePickerCheckbox" name="test_picker_decoche_creator" time="0.000" /><testcase classname="tests.test_iter86_fixes_and_refacto.TestViewModePickerCheckbox" name="test_simulation_banner_exists" time="0.000" /><testcase classname="tests.test_iter87_public_private_and_models.TestViewModePickerExtended" name="test_creator_in_ORDER" time="0.000" /><testcase classname="tests.test_iter87_public_private_and_models.TestViewModePickerExtended" name="test_viewMode_can_be_null" time="0.000" /><testcase classname="tests.test_iter87_public_private_and_models.TestI18nForceModoAdmin" name="test_fr_keys" time="0.001" /><testcase classname="tests.test_iter87_public_private_and_models.TestI18nForceModoAdmin" name="test_en_keys" time="0.001" /><testcase classname="tests.test_iter87_public_private_and_models.TestPrivateCodeBlocked" name="test_read_file_403" time="0.141" /><testcase classname="tests.test_iter87_public_private_and_models.TestPrivateCodeBlocked" name="test_grep_403" time="0.112" /><testcase classname="tests.test_iter87_public_private_and_models.TestPrivateCodeBlocked" name="test_frontend_page_locked" time="0.000" /><testcase classname="tests.test_iter87_public_private_and_models.TestPublicPrivateContextDifferentiation" name="test_history_limit_in_server" time="0.001" /><testcase classname="tests.test_iter87_public_private_and_models.TestNewModelIds" name="test_emergent_models_listed" time="0.132" /><testcase classname="tests.test_iter87_public_private_and_models.TestNewModelIds" name="test_model_routes_extended" time="0.001" /><testcase classname="tests.test_iter87_public_private_and_models.TestNewModelIds" name="test_default_model_is_claude_sonnet" time="0.002" /></testsuite></testsuites>