<?xml version="1.0" encoding="utf-8"?><testsuites name="pytest tests"><testsuite name="pytest" errors="0" failures="1" skipped="0" tests="10" time="13.212" timestamp="2026-05-03T14:10:49.555674+00:00" hostname="agent-env-e7e33516-be82-44e8-a990-3a46649c1fe6"><testcase classname="backend.tests.test_iter41_sandbox_chat.TestSandboxPython" name="test_sandbox_simple" time="0.562" /><testcase classname="backend.tests.test_iter41_sandbox_chat.TestSandboxPython" name="test_sandbox_numpy_pandas_sympy" time="0.767" /><testcase classname="backend.tests.test_iter41_sandbox_chat.TestSandboxPython" name="test_sandbox_matplotlib_import" time="0.958" /><testcase classname="backend.tests.test_iter41_sandbox_chat.TestSandboxPython" name="test_sandbox_timeout" time="2.057" /><testcase classname="backend.tests.test_iter41_sandbox_chat.TestSandboxPython" name="test_sandbox_requires_auth" time="0.125" /><testcase classname="backend.tests.test_iter41_sandbox_chat.TestChatRunPython" name="test_chat_runs_python_inline" time="2.992" /><testcase classname="backend.tests.test_iter41_sandbox_chat.TestChatMemory" name="test_remembers_name_across_turns" time="1.847" /><testcase classname="backend.tests.test_iter41_sandbox_chat.TestChatLanguage" name="test_responds_in_english" time="2.497" /><testcase classname="backend.tests.test_iter41_sandbox_chat.TestCfactionDownload" name="test_docx_cfaction_flow" time="1.209" /><testcase classname="backend.tests.test_iter41_sandbox_chat.TestPreviewEndpoint" name="test_preview_html" time="0.111"><failure message="AssertionError: Internal Server Error&#10;assert 500 == 200&#10; +  where 500 = &lt;Response [500]&gt;.status_code">backend/tests/test_iter41_sandbox_chat.py:195: in test_preview_html
    assert r.status_code == 200, r.text[:300]
E   AssertionError: Internal Server Error
E   assert 500 == 200
E    +  where 500 = &lt;Response [500]&gt;.status_code</failure></testcase></testsuite></testsuites>