<?xml version="1.0" encoding="utf-8"?><testsuites name="pytest tests"><testsuite name="pytest" errors="0" failures="0" skipped="0" tests="9" time="12.134" timestamp="2026-05-03T14:48:10.776789+00:00" hostname="agent-env-e7e33516-be82-44e8-a990-3a46649c1fe6"><testcase classname="backend.tests.test_iter41ter_repl_files_ipynb.TestReplPersistent" name="test_repl_retains_variable_between_calls" time="1.536" /><testcase classname="backend.tests.test_iter41ter_repl_files_ipynb.TestReplPersistent" name="test_ephemeral_does_not_persist" time="1.189" /><testcase classname="backend.tests.test_iter41ter_repl_files_ipynb.TestReplPersistent" name="test_response_shape" time="0.663" /><testcase classname="backend.tests.test_iter41ter_repl_files_ipynb.TestSandboxFileUpload" name="test_csv_read_with_pandas" time="0.731" /><testcase classname="backend.tests.test_iter41ter_repl_files_ipynb.TestSandboxReset" name="test_reset_returns_shape" time="1.342" /><testcase classname="backend.tests.test_iter41ter_repl_files_ipynb.TestExportIpynb" name="test_export_ipynb_happy_path" time="5.784" /><testcase classname="backend.tests.test_iter41ter_repl_files_ipynb.TestExportIpynb" name="test_export_ipynb_no_messages_returns_400" time="0.160" /><testcase classname="backend.tests.test_iter41ter_repl_files_ipynb.TestExportIpynb" name="test_export_ipynb_unknown_project_404" time="0.106" /><testcase classname="backend.tests.test_iter41ter_repl_files_ipynb.TestBasicSandboxRegression" name="test_basic_print" time="0.570" /></testsuite></testsuites>