<?xml version="1.0" encoding="utf-8"?><testsuites name="pytest tests"><testsuite name="pytest" errors="0" failures="0" skipped="0" tests="11" time="8.646" timestamp="2026-05-15T01:13:51.272185+00:00" hostname="agent-env-e7e33516-be82-44e8-a990-3a46649c1fe6"><testcase classname="backend.tests.test_iter62_device_capture" name="test_ocr_empty_payload_rejected" time="0.288" /><testcase classname="backend.tests.test_iter62_device_capture" name="test_ocr_valid_image_returns_shape" time="3.166" /><testcase classname="backend.tests.test_iter62_device_capture" name="test_ocr_bare_b64_also_accepted" time="0.297" /><testcase classname="backend.tests.test_iter62_device_capture" name="test_register_rejected_without_device_capture" time="0.050" /><testcase classname="backend.tests.test_iter62_device_capture" name="test_register_phone_missing_product_and_model" time="0.055" /><testcase classname="backend.tests.test_iter62_device_capture" name="test_register_computer_missing_name" time="0.594" /><testcase classname="backend.tests.test_iter62_device_capture" name="test_register_pseudo_missing" time="0.050" /><testcase classname="backend.tests.test_iter62_device_capture" name="test_register_pseudo_too_short" time="0.056" /><testcase classname="backend.tests.test_iter62_device_capture" name="test_register_phone_valid_returns_link" time="1.312" /><testcase classname="backend.tests.test_iter62_device_capture" name="test_register_computer_valid_returns_link" time="1.044" /><testcase classname="backend.tests.test_iter62_device_capture" name="test_full_flow_register_verify_login" time="1.634" /></testsuite></testsuites>