<?xml version="1.0" encoding="utf-8"?><testsuites name="pytest tests"><testsuite name="pytest" errors="0" failures="0" skipped="0" tests="12" time="5.574" timestamp="2026-07-16T22:38:16.619409+00:00" hostname="agent-env-e7e33516-be82-44e8-a990-3a46649c1fe6"><testcase classname="backend.tests.test_iter131_live.TestUnauthenticatedAccess" name="test_agents_registry_401" time="0.278" /><testcase classname="backend.tests.test_iter131_live.TestUnauthenticatedAccess" name="test_workspace_list_401" time="0.149" /><testcase classname="backend.tests.test_iter131_live.TestUnauthenticatedAccess" name="test_workspace_download_401" time="0.153" /><testcase classname="backend.tests.test_iter131_live.TestUnauthenticatedAccess" name="test_integrations_status_403" time="0.113" /><testcase classname="backend.tests.test_iter131_live.TestUnauthenticatedAccess" name="test_integrations_save_403" time="0.170" /><testcase classname="backend.tests.test_iter131_live.TestUnauthenticatedAccess" name="test_integrations_test_403" time="0.167" /><testcase classname="backend.tests.test_iter131_live.TestAgentsRegistry" name="test_registry_returns_13_agents" time="0.459" /><testcase classname="backend.tests.test_iter131_live.TestAgentsRegistry" name="test_registry_agent_fields" time="0.104" /><testcase classname="backend.tests.test_iter131_live.TestWorkspaceOwnership" name="test_list_unknown_project_returns_404" time="0.120" /><testcase classname="backend.tests.test_iter131_live.TestWorkspaceOwnership" name="test_download_unknown_project_returns_404" time="0.124" /><testcase classname="backend.tests.test_iter131_live.TestPersonaIgnoredForNonCreator" name="test_chat_stream_ignores_persona_override" time="2.494" /><testcase classname="backend.tests.test_iter131_live.TestPersonaIgnoredForNonCreator" name="test_no_persona_metadata_on_user_msg" time="1.206" /></testsuite></testsuites>