<?xml version="1.0" encoding="utf-8"?><testsuites name="pytest tests"><testsuite name="pytest" errors="0" failures="0" skipped="4" tests="14" time="112.817" timestamp="2026-05-14T20:06:38.637821+00:00" hostname="agent-env-e7e33516-be82-44e8-a990-3a46649c1fe6"><testcase classname="backend.tests.test_iter53_smoke" name="test_01_auth_me_smoke" time="0.683" /><testcase classname="backend.tests.test_iter53_smoke" name="test_02_messages_delete_thread_contract" time="0.113" /><testcase classname="backend.tests.test_iter53_smoke" name="test_03_devices_block_contract" time="0.143" /><testcase classname="backend.tests.test_iter53_smoke" name="test_04_devices_unblock_contract" time="0.116" /><testcase classname="backend.tests.test_iter53_smoke" name="test_99_ai_generate_complete_app_smoke[claude-haiku]" time="51.468" /><testcase classname="backend.tests.test_iter53_smoke" name="test_99_ai_generate_complete_app_smoke[gpt-5.2]" time="60.229"><skipped type="pytest.skip" message="Upstream LLM (model=gpt-5.2) cascade timed out at ingress (60s). Background task likely still running. Endpoint wiring + asyncio.shield wrapper validated separately.">/app/backend/tests/test_iter53_smoke.py:122: Upstream LLM (model=gpt-5.2) cascade timed out at ingress (60s). Background task likely still running. Endpoint wiring + asyncio.shield wrapper validated separately.</skipped></testcase><testcase classname="backend.tests.test_iter53_smoke" name="test_03_messages_delete_thread_contract" time="0.000"><skipped type="pytest.skip" message="dedup — kept test_02_*">/app/backend/tests/test_iter53_smoke.py:141: dedup — kept test_02_*</skipped></testcase><testcase classname="backend.tests.test_iter53_smoke" name="test_04_devices_block_contract" time="0.000"><skipped type="pytest.skip" message="dedup — kept test_03_*">/app/backend/tests/test_iter53_smoke.py:145: dedup — kept test_03_*</skipped></testcase><testcase classname="backend.tests.test_iter53_smoke" name="test_05_devices_unblock_contract" time="0.000"><skipped type="pytest.skip" message="dedup — kept test_04_*">/app/backend/tests/test_iter53_smoke.py:149: dedup — kept test_04_*</skipped></testcase><testcase classname="backend.tests.test_iter53_smoke" name="test_06_theft_button_labelled_variant" time="0.001" /><testcase classname="backend.tests.test_iter53_smoke" name="test_07_landing_header_layout" time="0.000" /><testcase classname="backend.tests.test_iter53_smoke" name="test_08_dashboard_header_layout" time="0.000" /><testcase classname="backend.tests.test_iter53_smoke" name="test_09_messages_panel_block_unblock_icons_and_no_revoke" time="0.000" /><testcase classname="backend.tests.test_iter53_smoke" name="test_10_creator_only_action_buttons_guarded" time="0.000" /></testsuite></testsuites>