<?xml version="1.0" encoding="utf-8"?><testsuites name="pytest tests"><testsuite name="pytest" errors="0" failures="0" skipped="1" tests="85" time="60.846" timestamp="2026-06-14T15:44:19.301696+00:00" hostname="agent-env-e7e33516-be82-44e8-a990-3a46649c1fe6"><testcase classname="tests.test_iter120_refactor_heavy_auth.TestAuthSignupVerifyRoutes" name="test_magic_link_unknown_email_neutral_200" time="0.013" /><testcase classname="tests.test_iter120_refactor_heavy_auth.TestAuthSignupVerifyRoutes" name="test_magic_link_bad_email_400" time="0.002" /><testcase classname="tests.test_iter120_refactor_heavy_auth.TestAuthSignupVerifyRoutes" name="test_resend_verification_unknown_email_neutral_200" time="0.008" /><testcase classname="tests.test_iter120_refactor_heavy_auth.TestAuthSignupVerifyRoutes" name="test_resend_verification_bad_email_400" time="0.002" /><testcase classname="tests.test_iter120_refactor_heavy_auth.TestAuthSignupVerifyRoutes" name="test_verify_email_missing_token_400" time="0.002" /><testcase classname="tests.test_iter120_refactor_heavy_auth.TestAuthSignupVerifyRoutes" name="test_verify_email_unknown_token_400" time="0.006" /><testcase classname="tests.test_iter120_refactor_heavy_auth.TestAuthSignupVerifyRoutes" name="test_verification_status_unknown_token_returns_expired" time="0.003" /><testcase classname="tests.test_iter120_refactor_heavy_auth.TestAuthPwResetSessionRoutes" name="test_forgot_password_short_password_400" time="0.002" /><testcase classname="tests.test_iter120_refactor_heavy_auth.TestAuthPwResetSessionRoutes" name="test_forgot_password_bad_email_400" time="0.002" /><testcase classname="tests.test_iter120_refactor_heavy_auth.TestAuthPwResetSessionRoutes" name="test_forgot_password_unknown_email_neutral_200" time="0.008" /><testcase classname="tests.test_iter120_refactor_heavy_auth.TestAuthPwResetSessionRoutes" name="test_reset_password_missing_token_400" time="0.002" /><testcase classname="tests.test_iter120_refactor_heavy_auth.TestAuthPwResetSessionRoutes" name="test_reset_password_short_password_400" time="0.002" /><testcase classname="tests.test_iter120_refactor_heavy_auth.TestAuthPwResetSessionRoutes" name="test_reset_password_unknown_token_400" time="0.006" /><testcase classname="tests.test_iter120_refactor_heavy_auth.TestAuthPwResetSessionRoutes" name="test_confirm_password_reset_no_token_html_error" time="0.002" /><testcase classname="tests.test_iter120_refactor_heavy_auth.TestAuthPwResetSessionRoutes" name="test_confirm_password_reset_fake_token_html_error" time="0.002" /><testcase classname="tests.test_iter120_refactor_heavy_auth.TestAuthPwResetSessionRoutes" name="test_session_request_status_unknown_id_expired" time="0.009" /><testcase classname="tests.test_iter120_refactor_heavy_auth.TestAuthPwResetSessionRoutes" name="test_session_pending_unauthenticated_401" time="0.002" /><testcase classname="tests.test_iter120_refactor_heavy_auth.TestAuthPwResetSessionRoutes" name="test_session_decide_invalid_decision_400" time="0.002" /><testcase classname="tests.test_iter120_refactor_heavy_auth.TestAuthAccountRoutes" name="test_change_password_unauthenticated_401" time="0.002" /><testcase classname="tests.test_iter120_refactor_heavy_auth.TestAuthAccountRoutes" name="test_change_email_unauthenticated_401" time="0.002" /><testcase classname="tests.test_iter120_refactor_heavy_auth.TestAuthAccountRoutes" name="test_delete_me_unauthenticated_401" time="0.002" /><testcase classname="tests.test_iter120_refactor_heavy_auth.TestAuthAccountRoutes" name="test_export_unauthenticated_401" time="0.001" /><testcase classname="tests.test_iter120_refactor_heavy_auth.TestSmsAuthRoutes" name="test_sms_send_demo_mode_returns_code" time="0.016" /><testcase classname="tests.test_iter120_refactor_heavy_auth.TestSmsAuthRoutes" name="test_sms_verify_invalid_code_401" time="0.011" /><testcase classname="tests.test_iter120_refactor_heavy_auth.TestSmsAuthRoutes" name="test_sms_verify_send_then_verify_creates_session" time="0.032" /><testcase classname="tests.test_iter120_refactor_heavy_auth.TestRouteCount" name="test_all_extracted_routes_are_mounted" time="0.006" /><testcase classname="tests.test_password_reset_iter24.TestHealth" name="test_health_returns_200_and_checks" time="0.188" /><testcase classname="tests.test_password_reset_iter24.TestForgotPassword" name="test_unknown_email_neutral" time="0.104" /><testcase classname="tests.test_password_reset_iter24.TestForgotPassword" name="test_unverified_email_neutral" time="0.374" /><testcase classname="tests.test_password_reset_iter24.TestForgotPassword" name="test_verified_email_returns_email_sent_field" time="2.461" /><testcase classname="tests.test_password_reset_iter24.TestForgotPassword" name="test_invalid_email_format_400" time="0.148" /><testcase classname="tests.test_password_reset_iter24.TestForgotPassword" name="test_rate_limit_4th_call_429" time="5.823" /><testcase classname="tests.test_password_reset_iter24.TestResetPassword" name="test_reset_with_valid_token_old_pwd_fails_new_works" time="4.041" /><testcase classname="tests.test_password_reset_iter24.TestResetPassword" name="test_reset_invalid_token_400" time="0.110" /><testcase classname="tests.test_password_reset_iter24.TestResetPassword" name="test_reset_short_password_400" time="2.414" /><testcase classname="tests.test_password_reset_iter24.TestResetPassword" name="test_reset_expired_token_400" time="2.456" /><testcase classname="tests.test_password_reset_iter24.TestResetPassword" name="test_reset_token_single_use" time="2.678" /><testcase classname="tests.test_password_reset_iter24.TestResetPassword" name="test_existing_session_invalidated_after_reset" time="3.980" /><testcase classname="tests.test_password_reset_iter24.TestNonRegression" name="test_full_email_auth_flow" time="0.769" /><testcase classname="tests.test_password_reset_iter24.TestNonRegression" name="test_metrics_ok" time="0.121" /><testcase classname="tests.test_password_reset_iter24.TestNonRegression" name="test_guide_ok" time="0.108" /><testcase classname="tests.test_password_reset_iter24.TestNonRegression" name="test_sms_send_ok" time="0.106" /><testcase classname="tests.test_password_reset_iter24.TestNonRegression" name="test_removed_routes_404" time="0.307" /><testcase classname="tests.test_password_reset_iter24.TestNonRegression" name="test_password_hash_not_leaked_on_login" time="0.654" /><testcase classname="tests.test_email_auth.TestLogin" name="test_login_verified_returns_session" time="0.556" /><testcase classname="tests.test_email_auth.TestLogin" name="test_login_unverified_returns_403" time="0.550" /><testcase classname="tests.test_email_auth.TestLogin" name="test_login_wrong_password_returns_401" time="0.553" /><testcase classname="tests.test_email_auth.TestLogin" name="test_login_brute_force_returns_429" time="1.976" /><testcase classname="tests.test_email_auth.TestMeLogout" name="test_me_returns_no_password_hash" time="0.594" /><testcase classname="tests.test_email_auth.TestMeLogout" name="test_me_with_bearer_token" time="0.673" /><testcase classname="tests.test_email_auth.TestMeLogout" name="test_logout_destroys_session" time="0.593" /><testcase classname="tests.test_email_auth.TestDeprecatedRoutes" name="test_auth_session_removed" time="0.111" /><testcase classname="tests.test_email_auth.TestDeprecatedRoutes" name="test_google_login_removed" time="0.106" /><testcase classname="tests.test_email_auth.TestDeprecatedRoutes" name="test_google_callback_removed" time="0.103" /><testcase classname="tests.test_email_auth.TestSMSStillFunctional" name="test_sms_send_and_verify" time="0.234" /><testcase classname="tests.test_email_auth.TestMongoIndexes" name="test_users_email_unique_index" time="0.001" /><testcase classname="tests.test_email_auth.TestMongoIndexes" name="test_collections_exist" time="0.001" /><testcase classname="tests.test_iter25_session.TestChangePassword" name="test_no_auth_401" time="0.102" /><testcase classname="tests.test_iter25_session.TestChangePassword" name="test_wrong_current_401" time="0.553" /><testcase classname="tests.test_iter25_session.TestChangePassword" name="test_short_new_400" time="0.353" /><testcase classname="tests.test_iter25_session.TestChangePassword" name="test_success_old_refused_new_accepted_session_kept" time="2.007" /><testcase classname="tests.test_iter25_session.TestChangeEmail" name="test_no_auth_401" time="0.114" /><testcase classname="tests.test_iter25_session.TestChangeEmail" name="test_wrong_password_401" time="0.553" /><testcase classname="tests.test_iter25_session.TestChangeEmail" name="test_same_email_400" time="0.565" /><testcase classname="tests.test_iter25_session.TestChangeEmail" name="test_taken_email_409" time="0.784" /><testcase classname="tests.test_iter25_session.TestChangeEmail" name="test_success_link_then_apply" time="2.292"><skipped type="pytest.skip" message="Real Resend mode: cannot get token from response">/app/backend/tests/test_iter25_session.py:96: Real Resend mode: cannot get token from response</skipped></testcase><testcase classname="tests.test_iter25_session.TestDeleteAccount" name="test_no_auth_401" time="0.127" /><testcase classname="tests.test_iter25_session.TestDeleteAccount" name="test_wrong_pwd_401" time="0.562" /><testcase classname="tests.test_iter25_session.TestDeleteAccount" name="test_success_cascade" time="0.796" /><testcase classname="tests.test_iter25_session.TestExport" name="test_no_auth_401" time="0.115" /><testcase classname="tests.test_iter25_session.TestExport" name="test_export_shape" time="0.338" /><testcase classname="tests.test_iter25_session.TestMagicLink" name="test_unknown_email_neutral" time="0.105" /><testcase classname="tests.test_iter25_session.TestMagicLink" name="test_unverified_neutral" time="0.339" /><testcase classname="tests.test_iter25_session.TestMagicLink" name="test_verified_returns_token" time="1.219" /><testcase classname="tests.test_iter25_session.TestMagicLink" name="test_rate_limit_4th_429" time="6.043" /><testcase classname="tests.test_iter25_session.TestMagicLink" name="test_click_link_then_poll_status" time="2.282" /><testcase classname="tests.test_iter25_session.TestFeedback" name="test_too_short_400" time="0.111" /><testcase classname="tests.test_iter25_session.TestFeedback" name="test_too_long_400" time="2.675" /><testcase classname="tests.test_iter25_session.TestFeedback" name="test_anonymous_ok" time="1.050" /><testcase classname="tests.test_iter25_session.TestFeedback" name="test_invalid_type_falls_back" time="1.056" /><testcase classname="tests.test_iter25_session.TestFeedback" name="test_authenticated_uses_user_email" time="2.917" /><testcase classname="tests.test_iter25_session.TestRegression" name="test_health" time="0.126" /><testcase classname="tests.test_iter25_session.TestRegression" name="test_metrics" time="0.113" /><testcase classname="tests.test_iter25_session.TestRegression" name="test_guide" time="0.098" /><testcase classname="tests.test_iter25_session.TestRegression" name="test_google_routes_404" time="0.324" /></testsuite></testsuites>