<?xml version="1.0" encoding="utf-8"?><testsuites name="pytest tests"><testsuite name="pytest" errors="0" failures="0" skipped="0" tests="11" time="1.807" timestamp="2026-06-12T03:05:54.130535+00:00" hostname="agent-env-e7e33516-be82-44e8-a990-3a46649c1fe6"><testcase classname="backend.tests.test_iter111_p0_security_ux.TestViewsSpec" name="test_views_spec_returns_5_views" time="0.469" /><testcase classname="backend.tests.test_iter111_p0_security_ux.TestViewsSpec" name="test_guest_view_restrictions" time="0.108" /><testcase classname="backend.tests.test_iter111_p0_security_ux.TestDevicesApproveTiered" name="test_approve_without_signature_returns_403" time="0.103" /><testcase classname="backend.tests.test_iter111_p0_security_ux.TestDevicesApproveTiered" name="test_approve_with_bad_as_role_returns_400_or_403" time="0.105" /><testcase classname="backend.tests.test_iter111_p0_security_ux.TestDevicesApproveTiered" name="test_approve_missing_target_key_id_422" time="0.107" /><testcase classname="backend.tests.test_iter111_p0_security_ux.TestDevicesApproveTiered" name="test_approve_accepts_as_role_field_in_schema" time="0.335" /><testcase classname="backend.tests.test_iter111_p0_security_ux.TestChatStreamSchema" name="test_chat_stream_without_auth_returns_401" time="0.102" /><testcase classname="backend.tests.test_iter111_p0_security_ux.TestChatStreamSchema" name="test_chat_stream_accepts_model_and_attachments_fields" time="0.099" /><testcase classname="backend.tests.test_iter111_p0_security_ux.TestProjectParentChatId" name="test_generate_complete_app_without_auth_returns_401" time="0.111" /><testcase classname="backend.tests.test_iter111_p0_security_ux.TestProjectParentChatId" name="test_generate_complete_app_schema_accepts_parent_chat_id" time="0.106" /><testcase classname="backend.tests.test_iter111_p0_security_ux.TestBackendHealth" name="test_root_responds" time="0.096" /></testsuite></testsuites>