<?xml version="1.0" encoding="utf-8"?><testsuites name="pytest tests"><testsuite name="pytest" errors="0" failures="0" skipped="0" tests="19" time="9.296" timestamp="2026-05-14T17:27:05.679694+00:00" hostname="agent-env-e7e33516-be82-44e8-a990-3a46649c1fe6"><testcase classname="tests.test_iter50_messaging" name="test_site_mode_cache_invalidates_on_put" time="2.440" /><testcase classname="tests.test_iter50_messaging" name="test_send_to_creator_cooldown_429_on_second_call" time="0.695" /><testcase classname="tests.test_iter50_messaging" name="test_messages_send_unknown_key_id_404" time="0.365" /><testcase classname="tests.test_iter50_messaging" name="test_messages_send_empty_content_400" time="0.270" /><testcase classname="tests.test_iter50_messaging" name="test_messages_send_too_long_content_400" time="0.296" /><testcase classname="tests.test_iter50_messaging" name="test_messages_send_user_success" time="0.257" /><testcase classname="tests.test_iter50_messaging" name="test_messages_send_cooldown_429_on_second" time="0.692" /><testcase classname="tests.test_iter50_messaging" name="test_messages_send_creator_without_target_400" time="0.430" /><testcase classname="tests.test_iter50_messaging" name="test_messages_send_creator_with_target_success" time="0.253" /><testcase classname="tests.test_iter50_messaging" name="test_messages_send_from_blocked_device_403" time="0.440" /><testcase classname="tests.test_iter50_messaging" name="test_messages_inbox_without_creator_signature_403" time="0.285" /><testcase classname="tests.test_iter50_messaging" name="test_messages_inbox_creator_returns_threads" time="0.238" /><testcase classname="tests.test_iter50_messaging" name="test_creator_reads_thread_marks_user_msgs_read" time="0.809" /><testcase classname="tests.test_iter50_messaging" name="test_thread_for_non_creator_returns_only_own" time="0.357" /><testcase classname="tests.test_iter50_messaging" name="test_unread_count_user_sees_only_creator_replies_in_own_thread" time="0.413" /><testcase classname="tests.test_iter50_messaging" name="test_unread_count_creator_returns_total" time="0.233" /><testcase classname="tests.test_iter50_messaging" name="test_delete_thread_non_creator_403" time="0.252" /><testcase classname="tests.test_iter50_messaging" name="test_delete_thread_creator_removes_all" time="0.275" /><testcase classname="tests.test_iter50_messaging" name="test_zz_final_site_mode_public" time="0.149" /></testsuite></testsuites>