<?xml version="1.0" encoding="utf-8"?><testsuites name="pytest tests"><testsuite name="pytest" errors="0" failures="0" skipped="0" tests="6" time="3.446" timestamp="2026-05-03T15:39:46.775170+00:00" hostname="agent-env-e7e33516-be82-44e8-a990-3a46649c1fe6"><testcase classname="backend.tests.test_iter43_get_project_fix" name="test_get_projects_list_no_crash" time="0.417" /><testcase classname="backend.tests.test_iter43_get_project_fix" name="test_post_chat_without_project_id_returns_project_id" time="2.752" /><testcase classname="backend.tests.test_iter43_get_project_fix" name="test_get_project_chat_auto_created" time="0.058" /><testcase classname="backend.tests.test_iter43_get_project_fix" name="test_get_project_prod_reported_chat_id" time="0.063" /><testcase classname="backend.tests.test_iter43_get_project_fix" name="test_get_project_legacy_web" time="0.047" /><testcase classname="backend.tests.test_iter43_get_project_fix" name="test_get_project_not_found_returns_404" time="0.050" /></testsuite></testsuites>