<?xml version="1.0" encoding="utf-8"?><testsuites name="pytest tests"><testsuite name="pytest" errors="0" failures="0" skipped="0" tests="11" time="6.601" timestamp="2026-05-15T12:51:25.279824+00:00" hostname="agent-env-e7e33516-be82-44e8-a990-3a46649c1fe6"><testcase classname="backend.tests.test_iter63_session_pending.TestSessionRequestTTL" name="test_ttl_is_15_minutes" time="0.712" /><testcase classname="backend.tests.test_iter63_session_pending.TestDeviceBindingOneToOne" name="test_409_on_account_mismatch" time="1.184" /><testcase classname="backend.tests.test_iter63_session_pending.TestDeviceBindingOneToOne" name="test_stale_binding_is_cleared" time="0.554" /><testcase classname="backend.tests.test_iter63_session_pending.TestDeviceRegisterInactive" name="test_new_device_role_is_inactive" time="0.116" /><testcase classname="backend.tests.test_iter63_session_pending.TestDevicesListFilter" name="test_mongo_query_filters_inactive" time="0.002" /><testcase classname="backend.tests.test_iter63_session_pending.TestRegression" name="test_canonical_login_still_ok" time="0.369" /><testcase classname="backend.tests.test_iter65_multi_device_e2e.TestMultiDeviceApproveE2E" name="test_full_approve_flow" time="0.961" /><testcase classname="backend.tests.test_iter65_multi_device_e2e.TestMultiDeviceDenyE2E" name="test_full_deny_flow" time="0.841" /><testcase classname="backend.tests.test_iter65_multi_device_e2e.TestSessionRequestExpiration" name="test_polling_auto_expires" time="0.330" /><testcase classname="backend.tests.test_iter65_multi_device_e2e.TestDeviceEmailBinding" name="test_email_set_on_successful_login" time="0.594" /><testcase classname="backend.tests.test_iter65_multi_device_e2e.TestDeviceEmailBinding" name="test_409_on_email_mismatch" time="0.783" /></testsuite></testsuites>