<?xml version="1.0" encoding="utf-8"?><testsuites name="pytest tests"><testsuite name="pytest" errors="0" failures="0" skipped="0" tests="4" time="0.764" timestamp="2026-07-17T23:48:47.035670+00:00" hostname="agent-env-e7e33516-be82-44e8-a990-3a46649c1fe6"><testcase classname="backend.tests.test_iter138_hotfix.TestSiteModeEndpoint" name="test_site_mode_returns_200_with_all_fields" time="0.171" /><testcase classname="backend.tests.test_iter138_hotfix.TestAuthGatedEndpoints" name="test_staff_decisions_list_requires_auth" time="0.154" /><testcase classname="backend.tests.test_iter138_hotfix.TestAuthGatedEndpoints" name="test_workspace_list_requires_auth" time="0.186" /><testcase classname="backend.tests.test_iter138_hotfix.TestAuthGatedEndpoints" name="test_private_integrations_status_requires_auth" time="0.227" /></testsuite></testsuites>