<?xml version="1.0" encoding="utf-8"?><testsuites name="pytest tests"><testsuite name="pytest" errors="0" failures="0" skipped="0" tests="12" time="0.544" timestamp="2026-06-10T12:49:36.932076+00:00" hostname="agent-env-e7e33516-be82-44e8-a990-3a46649c1fe6"><testcase classname="tests.test_iter82_red_features.TestFriendsEndpoints" name="test_friends_request_unsigned_403" time="0.005" /><testcase classname="tests.test_iter82_red_features.TestFriendsEndpoints" name="test_friends_decide_unknown_404" time="0.003" /><testcase classname="tests.test_iter82_red_features.TestFriendsEndpoints" name="test_friends_list_unsigned_404_or_403" time="0.003" /><testcase classname="tests.test_iter82_red_features.TestGroupsEndpoints" name="test_groups_list_unsigned_403" time="0.003" /><testcase classname="tests.test_iter82_red_features.TestGroupsEndpoints" name="test_groups_messages_invalid_type_400_or_403" time="0.003" /><testcase classname="tests.test_iter82_red_features.TestGroupsEndpoints" name="test_groups_send_unsigned_403" time="0.003" /><testcase classname="tests.test_iter82_red_features.TestMessagesSendToStaff" name="test_unsigned_403" time="0.004" /><testcase classname="tests.test_iter82_red_features.TestMessagesSendToStaff" name="test_empty_content_400" time="0.003" /><testcase classname="tests.test_iter82_red_features.TestAccountsVisitEnriched" name="test_unsigned_403_or_404" time="0.003" /><testcase classname="tests.test_iter82_red_features.TestAccountsVisitEnriched" name="test_response_shape_documented" time="0.455" /><testcase classname="tests.test_iter82_red_features.TestChatStreamEndpoint" name="test_endpoint_exists" time="0.003" /><testcase classname="tests.test_iter82_red_features.TestGroupTypeGate" name="test_group_types_correctness" time="0.003" /></testsuite></testsuites>