<?xml version="1.0" encoding="utf-8"?><testsuites name="pytest tests"><testsuite name="pytest" errors="0" failures="1" skipped="0" tests="6" time="12.119" timestamp="2026-05-03T15:34:09.668931+00:00" hostname="agent-env-e7e33516-be82-44e8-a990-3a46649c1fe6"><testcase classname="backend.tests.test_iter42_session" name="test_login_credentials" time="0.496" /><testcase classname="backend.tests.test_iter42_session" name="test_chat_auto_creates_project" time="3.040" /><testcase classname="backend.tests.test_iter42_session" name="test_chat_with_existing_project_id_no_new_project" time="3.414" /><testcase classname="backend.tests.test_iter42_session" name="test_get_projects_no_crash_backfill" time="0.054" /><testcase classname="backend.tests.test_iter42_session" name="test_project_detail_has_preview_image_and_ai_mode" time="4.484"><failure message="assert 500 == 200&#10; +  where 500 = &lt;Response [500]&gt;.status_code">backend/tests/test_iter42_session.py:117: in test_project_detail_has_preview_image_and_ai_mode
    assert rd.status_code == 200
E   assert 500 == 200
E    +  where 500 = &lt;Response [500]&gt;.status_code</failure></testcase><testcase classname="backend.tests.test_iter42_session" name="test_moved_markdown_files_return_404" time="0.504" /></testsuite></testsuites>