<?xml version="1.0" encoding="utf-8"?><testsuites name="pytest tests"><testsuite name="pytest" errors="0" failures="0" skipped="0" tests="24" time="0.215" timestamp="2026-07-18T15:02:37.322641+00:00" hostname="agent-env-e7e33516-be82-44e8-a990-3a46649c1fe6"><testcase classname="backend.tests.test_iter140_groups_members_invisible.TestPhase1Groups" name="test_group_types_updated_in_social_routes" time="0.000" /><testcase classname="backend.tests.test_iter140_groups_members_invisible.TestPhase1Groups" name="test_group_types_updated_in_server" time="0.002" /><testcase classname="backend.tests.test_iter140_groups_members_invisible.TestPhase1Groups" name="test_groups_for_device_pending_users" time="0.171" /><testcase classname="backend.tests.test_iter140_groups_members_invisible.TestPhase1Groups" name="test_groups_for_device_private_approved" time="0.000" /><testcase classname="backend.tests.test_iter140_groups_members_invisible.TestPhase1Groups" name="test_groups_for_device_admin" time="0.000" /><testcase classname="backend.tests.test_iter140_groups_members_invisible.TestPhase1Groups" name="test_groups_for_device_creator_sees_all" time="0.000" /><testcase classname="backend.tests.test_iter140_groups_members_invisible.TestPhase1Groups" name="test_frontend_group_meta_updated" time="0.000" /><testcase classname="backend.tests.test_iter140_groups_members_invisible.TestPhase1Groups" name="test_frontend_group_order" time="0.000" /><testcase classname="backend.tests.test_iter140_groups_members_invisible.TestPhase2MemberActions" name="test_router_module_exists" time="0.000" /><testcase classname="backend.tests.test_iter140_groups_members_invisible.TestPhase2MemberActions" name="test_endpoints_registered" time="0.000" /><testcase classname="backend.tests.test_iter140_groups_members_invisible.TestPhase2MemberActions" name="test_action_types_supported" time="0.000" /><testcase classname="backend.tests.test_iter140_groups_members_invisible.TestPhase2MemberActions" name="test_hierarchy_blocks_mute_on_superior" time="0.000" /><testcase classname="backend.tests.test_iter140_groups_members_invisible.TestPhase2MemberActions" name="test_hierarchy_map_correct" time="0.002" /><testcase classname="backend.tests.test_iter140_groups_members_invisible.TestPhase2MemberActions" name="test_frontend_component_exists" time="0.000" /><testcase classname="backend.tests.test_iter140_groups_members_invisible.TestPhase2MemberActions" name="test_frontend_has_6_buttons" time="0.000" /><testcase classname="backend.tests.test_iter140_groups_members_invisible.TestPhase2MemberActions" name="test_frontend_disables_mute_on_superior" time="0.000" /><testcase classname="backend.tests.test_iter140_groups_members_invisible.TestPhase2MemberActions" name="test_server_registers_router" time="0.001" /><testcase classname="backend.tests.test_iter140_groups_members_invisible.TestPhase3InvisibleMode" name="test_endpoint_declared" time="0.000" /><testcase classname="backend.tests.test_iter140_groups_members_invisible.TestPhase3InvisibleMode" name="test_only_admin_and_creator" time="0.000" /><testcase classname="backend.tests.test_iter140_groups_members_invisible.TestPhase3InvisibleMode" name="test_creator_forbidden_in_staff" time="0.000" /><testcase classname="backend.tests.test_iter140_groups_members_invisible.TestPhase3InvisibleMode" name="test_toggle_component_exists" time="0.000" /><testcase classname="backend.tests.test_iter140_groups_members_invisible.TestPhase3InvisibleMode" name="test_toggle_slider_style" time="0.000" /><testcase classname="backend.tests.test_iter140_groups_members_invisible.TestPhase3InvisibleMode" name="test_toggle_disabled_for_creator_staff" time="0.000" /><testcase classname="backend.tests.test_iter140_groups_members_invisible.TestPhase3InvisibleMode" name="test_mounted_in_group_chats_panel" time="0.000" /></testsuite></testsuites>