<?xml version="1.0" encoding="utf-8"?><testsuites name="pytest tests"><testsuite name="pytest" errors="0" failures="0" skipped="0" tests="8" time="0.029" timestamp="2026-07-20T02:04:11.975089+00:00" hostname="agent-env-e7e33516-be82-44e8-a990-3a46649c1fe6"><testcase classname="tests.test_iter156_ai_identity" name="test_build_identity_fragment_uses_registry_card" time="0.003" /><testcase classname="tests.test_iter156_ai_identity" name="test_identity_fragment_differs_per_agent" time="0.000" /><testcase classname="tests.test_iter156_ai_identity" name="test_identity_fragment_empty_for_unknown_agent" time="0.000" /><testcase classname="tests.test_iter156_ai_identity" name="test_compose_system_prompt_stacks_identity_and_profile" time="0.001" /><testcase classname="tests.test_iter156_ai_identity" name="test_compose_system_prompt_returns_base_plus_identity_without_profile" time="0.000" /><testcase classname="tests.test_iter156_ai_identity" name="test_all_entry_points_use_compose_system_prompt_iter156" time="0.003" /><testcase classname="tests.test_iter156_ai_identity" name="test_two_agents_get_isolated_identities" time="0.000" /><testcase classname="tests.test_iter156_ai_identity" name="test_dev_agent_progression_events_visible_to_user" time="0.000" /></testsuite></testsuites>