<?xml version="1.0" encoding="utf-8"?><testsuites name="pytest tests"><testsuite name="pytest" errors="0" failures="0" skipped="0" tests="14" time="0.543" timestamp="2026-06-10T16:34:27.405674+00:00" hostname="agent-env-e7e33516-be82-44e8-a990-3a46649c1fe6"><testcase classname="tests.test_iter86_fixes_and_refacto.TestSlice2Refacto" name="test_friends_routes_still_accessible" time="0.007" /><testcase classname="tests.test_iter86_fixes_and_refacto.TestSlice2Refacto" name="test_build_friends_router_signature" time="0.182" /><testcase classname="tests.test_iter86_fixes_and_refacto.TestAdminGroup" name="test_admin_in_group_types" time="0.000" /><testcase classname="tests.test_iter86_fixes_and_refacto.TestAdminGroup" name="test_admin_user_has_admin_group" time="0.000" /><testcase classname="tests.test_iter86_fixes_and_refacto.TestAdminGroup" name="test_modo_user_no_admin_group" time="0.000" /><testcase classname="tests.test_iter86_fixes_and_refacto.TestAdminGroup" name="test_creator_sees_admin_group" time="0.000" /><testcase classname="tests.test_iter86_fixes_and_refacto.TestPublicPrivateStaffDistinction" name="test_device_matches_mode_helper" time="0.284" /><testcase classname="tests.test_iter86_fixes_and_refacto.TestOnCommitHook" name="test_signature_accepts_on_commit" time="0.000" /><testcase classname="tests.test_iter86_fixes_and_refacto.TestOnCommitHook" name="test_correction_loop_present" time="0.000" /><testcase classname="tests.test_iter86_fixes_and_refacto.TestPrivateCodeBrowser" name="test_read_file_requires_creator" time="0.004" /><testcase classname="tests.test_iter86_fixes_and_refacto.TestPrivateCodeBrowser" name="test_grep_requires_creator" time="0.003" /><testcase classname="tests.test_iter86_fixes_and_refacto.TestGuestViewExtended" name="test_guest_view_accepts_modo_admin" time="0.004" /><testcase classname="tests.test_iter86_fixes_and_refacto.TestViewModePickerCheckbox" name="test_picker_decoche_creator" time="0.000" /><testcase classname="tests.test_iter86_fixes_and_refacto.TestViewModePickerCheckbox" name="test_simulation_banner_exists" time="0.000" /></testsuite></testsuites>