<?xml version="1.0" encoding="utf-8"?><testsuites name="pytest tests"><testsuite name="pytest" errors="0" failures="0" skipped="2" tests="67" time="17.012" timestamp="2026-06-14T16:05:19.070734+00:00" hostname="agent-env-e7e33516-be82-44e8-a990-3a46649c1fe6"><testcase classname="tests.test_chat_iter29.TestChatOnlineFr" name="test_bonjour_fr_is_short_friendly_no_ollama" time="1.761" /><testcase classname="tests.test_chat_iter29.TestChatOnlineEn" name="test_hello_en_returns_english" time="1.101" /><testcase classname="tests.test_chat_iter29.TestChatOfflineFallback" name="test_offline_fr_returns_localized_fallback" time="0.153" /><testcase classname="tests.test_chat_iter29.TestChatOfflineFallback" name="test_offline_en_returns_localized_fallback" time="0.157" /><testcase classname="tests.test_chat_iter29.TestChatAuthGate" name="test_unauth_returns_401" time="0.101" /><testcase classname="tests.test_iter121_decompose.TestCalyRoutes" name="test_caly_config_get_returns_default" time="0.098" /><testcase classname="tests.test_iter121_decompose.TestCalyRoutes" name="test_caly_config_post_requires_signature" time="0.103" /><testcase classname="tests.test_iter121_decompose.TestCalyRoutes" name="test_caly_ask_empty_message_400" time="0.097" /><testcase classname="tests.test_iter121_decompose.TestCalyRoutes" name="test_caly_ask_valid_message" time="0.575" /><testcase classname="tests.test_iter121_decompose.TestSiteIssuesRoutes" name="test_issues_list_no_auth" time="0.112" /><testcase classname="tests.test_iter121_decompose.TestSiteIssuesRoutes" name="test_issues_create_requires_signature" time="0.104" /><testcase classname="tests.test_iter121_decompose.TestSiteIssuesRoutes" name="test_issues_update_requires_signature" time="0.114" /><testcase classname="tests.test_iter121_decompose.TestSiteIssuesRoutes" name="test_issues_filter_by_status" time="0.099" /><testcase classname="tests.test_iter121_decompose.TestExportsRoutes" name="test_exports_request_requires_signature" time="0.109" /><testcase classname="tests.test_iter121_decompose.TestExportsRoutes" name="test_exports_decide_requires_creator_signature" time="0.109" /><testcase classname="tests.test_iter121_decompose.TestExportsRoutes" name="test_exports_pending_requires_creator_signature" time="0.112" /><testcase classname="tests.test_iter121_decompose.TestExportsRoutes" name="test_exports_status_requires_signature" time="0.097" /><testcase classname="tests.test_iter121_decompose.TestExportsRoutes" name="test_exports_zip_project_unauthenticated_401" time="0.168" /><testcase classname="tests.test_iter121_decompose.TestRouteMounting" name="test_extracted_routes_in_openapi" time="0.021"><skipped type="pytest.skip" message="OpenAPI not reachable on localhost">/app/backend/tests/test_iter121_decompose.py:119: OpenAPI not reachable on localhost</skipped></testcase><testcase classname="tests.test_iter120_refactor_heavy_auth.TestAuthSignupVerifyRoutes" name="test_magic_link_unknown_email_neutral_200" time="0.004" /><testcase classname="tests.test_iter120_refactor_heavy_auth.TestAuthSignupVerifyRoutes" name="test_magic_link_bad_email_400" time="0.003" /><testcase classname="tests.test_iter120_refactor_heavy_auth.TestAuthSignupVerifyRoutes" name="test_resend_verification_unknown_email_neutral_200" time="0.004" /><testcase classname="tests.test_iter120_refactor_heavy_auth.TestAuthSignupVerifyRoutes" name="test_resend_verification_bad_email_400" time="0.002" /><testcase classname="tests.test_iter120_refactor_heavy_auth.TestAuthSignupVerifyRoutes" name="test_verify_email_missing_token_400" time="0.002" /><testcase classname="tests.test_iter120_refactor_heavy_auth.TestAuthSignupVerifyRoutes" name="test_verify_email_unknown_token_400" time="0.003" /><testcase classname="tests.test_iter120_refactor_heavy_auth.TestAuthSignupVerifyRoutes" name="test_verification_status_unknown_token_returns_expired" time="0.002" /><testcase classname="tests.test_iter120_refactor_heavy_auth.TestAuthPwResetSessionRoutes" name="test_forgot_password_short_password_400" time="0.002" /><testcase classname="tests.test_iter120_refactor_heavy_auth.TestAuthPwResetSessionRoutes" name="test_forgot_password_bad_email_400" time="0.002" /><testcase classname="tests.test_iter120_refactor_heavy_auth.TestAuthPwResetSessionRoutes" name="test_forgot_password_unknown_email_neutral_200" time="0.003" /><testcase classname="tests.test_iter120_refactor_heavy_auth.TestAuthPwResetSessionRoutes" name="test_reset_password_missing_token_400" time="0.002" /><testcase classname="tests.test_iter120_refactor_heavy_auth.TestAuthPwResetSessionRoutes" name="test_reset_password_short_password_400" time="0.002" /><testcase classname="tests.test_iter120_refactor_heavy_auth.TestAuthPwResetSessionRoutes" name="test_reset_password_unknown_token_400" time="0.002" /><testcase classname="tests.test_iter120_refactor_heavy_auth.TestAuthPwResetSessionRoutes" name="test_confirm_password_reset_no_token_html_error" time="0.002" /><testcase classname="tests.test_iter120_refactor_heavy_auth.TestAuthPwResetSessionRoutes" name="test_confirm_password_reset_fake_token_html_error" time="0.002" /><testcase classname="tests.test_iter120_refactor_heavy_auth.TestAuthPwResetSessionRoutes" name="test_session_request_status_unknown_id_expired" time="0.002" /><testcase classname="tests.test_iter120_refactor_heavy_auth.TestAuthPwResetSessionRoutes" name="test_session_pending_unauthenticated_401" time="0.002" /><testcase classname="tests.test_iter120_refactor_heavy_auth.TestAuthPwResetSessionRoutes" name="test_session_decide_invalid_decision_400" time="0.002" /><testcase classname="tests.test_iter120_refactor_heavy_auth.TestAuthAccountRoutes" name="test_change_password_unauthenticated_401" time="0.002" /><testcase classname="tests.test_iter120_refactor_heavy_auth.TestAuthAccountRoutes" name="test_change_email_unauthenticated_401" time="0.002" /><testcase classname="tests.test_iter120_refactor_heavy_auth.TestAuthAccountRoutes" name="test_delete_me_unauthenticated_401" time="0.002" /><testcase classname="tests.test_iter120_refactor_heavy_auth.TestAuthAccountRoutes" name="test_export_unauthenticated_401" time="0.002" /><testcase classname="tests.test_iter120_refactor_heavy_auth.TestSmsAuthRoutes" name="test_sms_send_demo_mode_returns_code" time="0.003" /><testcase classname="tests.test_iter120_refactor_heavy_auth.TestSmsAuthRoutes" name="test_sms_verify_invalid_code_401" time="0.003" /><testcase classname="tests.test_iter120_refactor_heavy_auth.TestSmsAuthRoutes" name="test_sms_verify_send_then_verify_creates_session" time="0.007" /><testcase classname="tests.test_iter120_refactor_heavy_auth.TestRouteCount" name="test_all_extracted_routes_are_mounted" time="0.018"><skipped type="pytest.skip" message="OpenAPI not reachable on localhost:8001 (got 500)">/app/backend/tests/test_iter120_refactor_heavy_auth.py:243: OpenAPI not reachable on localhost:8001 (got 500)</skipped></testcase><testcase classname="tests.test_email_auth.TestLogin" name="test_login_verified_returns_session" time="0.564" /><testcase classname="tests.test_email_auth.TestLogin" name="test_login_unverified_returns_403" time="0.555" /><testcase classname="tests.test_email_auth.TestLogin" name="test_login_wrong_password_returns_401" time="0.561" /><testcase classname="tests.test_email_auth.TestLogin" name="test_login_brute_force_returns_429" time="2.012" /><testcase classname="tests.test_email_auth.TestMeLogout" name="test_me_returns_no_password_hash" time="0.615" /><testcase classname="tests.test_email_auth.TestMeLogout" name="test_me_with_bearer_token" time="0.677" /><testcase classname="tests.test_email_auth.TestMeLogout" name="test_logout_destroys_session" time="0.600" /><testcase classname="tests.test_email_auth.TestDeprecatedRoutes" name="test_auth_session_removed" time="0.110" /><testcase classname="tests.test_email_auth.TestDeprecatedRoutes" name="test_google_login_removed" time="0.114" /><testcase classname="tests.test_email_auth.TestDeprecatedRoutes" name="test_google_callback_removed" time="0.100" /><testcase classname="tests.test_email_auth.TestSMSStillFunctional" name="test_sms_send_and_verify" time="0.214" /><testcase classname="tests.test_email_auth.TestMongoIndexes" name="test_users_email_unique_index" time="0.001" /><testcase classname="tests.test_email_auth.TestMongoIndexes" name="test_collections_exist" time="0.001" /><testcase classname="tests.test_forgot_password_iter30" name="test_00_login_with_original_password" time="0.340" /><testcase classname="tests.test_forgot_password_iter30" name="test_01_forgot_password_short_rejected" time="0.050" /><testcase classname="tests.test_forgot_password_iter30" name="test_02_forgot_password_happy" time="2.083" /><testcase classname="tests.test_forgot_password_iter30" name="test_03_confirm_invalid_token" time="0.050" /><testcase classname="tests.test_forgot_password_iter30" name="test_04_confirm_valid_token_applies_password" time="0.056" /><testcase classname="tests.test_forgot_password_iter30" name="test_05_login_with_new_password" time="0.275" /><testcase classname="tests.test_forgot_password_iter30" name="test_06_old_password_rejected" time="0.271" /><testcase classname="tests.test_forgot_password_iter30" name="test_07_reused_token" time="0.051" /><testcase classname="tests.test_forgot_password_iter30" name="test_08_restore_original_password" time="2.364" /></testsuite></testsuites>