<?xml version="1.0" encoding="utf-8"?><testsuites name="pytest tests"><testsuite name="pytest" errors="0" failures="0" skipped="0" tests="6" time="3.062" timestamp="2026-05-15T11:16:59.560790+00:00" hostname="agent-env-e7e33516-be82-44e8-a990-3a46649c1fe6"><testcase classname="backend.tests.test_iter63_session_pending.TestSessionRequestTTL" name="test_ttl_is_15_minutes" time="0.751" /><testcase classname="backend.tests.test_iter63_session_pending.TestDeviceBindingOneToOne" name="test_409_on_account_mismatch" time="1.161" /><testcase classname="backend.tests.test_iter63_session_pending.TestDeviceBindingOneToOne" name="test_stale_binding_is_cleared" time="0.576" /><testcase classname="backend.tests.test_iter63_session_pending.TestDeviceRegisterInactive" name="test_new_device_role_is_inactive" time="0.112" /><testcase classname="backend.tests.test_iter63_session_pending.TestDevicesListFilter" name="test_mongo_query_filters_inactive" time="0.002" /><testcase classname="backend.tests.test_iter63_session_pending.TestRegression" name="test_canonical_login_still_ok" time="0.334" /></testsuite></testsuites>