<?xml version="1.0" encoding="utf-8"?><testsuites name="pytest tests"><testsuite name="pytest" errors="0" failures="0" skipped="0" tests="32" time="0.270" timestamp="2026-06-11T08:21:55.663161+00:00" hostname="agent-env-e7e33516-be82-44e8-a990-3a46649c1fe6"><testcase classname="tests.test_iter91_refacto_slice4_and_grok.TestFeminineFix" name="test_no_le_creatrice_in_fr_locale" time="0.002" /><testcase classname="tests.test_iter91_refacto_slice4_and_grok.TestSlice4aAnnouncements" name="test_module_exists" time="0.000" /><testcase classname="tests.test_iter91_refacto_slice4_and_grok.TestSlice4aAnnouncements" name="test_factory_exists" time="0.163" /><testcase classname="tests.test_iter91_refacto_slice4_and_grok.TestSlice4aAnnouncements" name="test_routes_removed_from_server" time="0.003" /><testcase classname="tests.test_iter91_refacto_slice4_and_grok.TestSlice4aAnnouncements" name="test_endpoints_still_respond" time="0.006" /><testcase classname="tests.test_iter91_refacto_slice4_and_grok.TestSlice4bPolls" name="test_module_exists" time="0.000" /><testcase classname="tests.test_iter91_refacto_slice4_and_grok.TestSlice4bPolls" name="test_factory_exists" time="0.005" /><testcase classname="tests.test_iter91_refacto_slice4_and_grok.TestSlice4bPolls" name="test_routes_removed_from_server" time="0.002" /><testcase classname="tests.test_iter91_refacto_slice4_and_grok.TestSlice4bPolls" name="test_endpoints_still_respond" time="0.004" /><testcase classname="tests.test_iter91_refacto_slice4_and_grok.TestXAIGrokIntegration" name="test_grok_module_exists" time="0.000" /><testcase classname="tests.test_iter91_refacto_slice4_and_grok.TestXAIGrokIntegration" name="test_grok_helpers_importable" time="0.000" /><testcase classname="tests.test_iter91_refacto_slice4_and_grok.TestXAIGrokIntegration" name="test_grok_model_id_mapping" time="0.000" /><testcase classname="tests.test_iter91_refacto_slice4_and_grok.TestXAIGrokIntegration" name="test_grok_unavailable_without_key" time="0.000" /><testcase classname="tests.test_iter91_refacto_slice4_and_grok.TestXAIGrokIntegration" name="test_grok_chat_raises_without_key" time="0.000" /><testcase classname="tests.test_iter91_refacto_slice4_and_grok.TestXAIGrokIntegration" name="test_chat_message_has_xai_branch" time="0.002" /><testcase classname="tests.test_iter91_refacto_slice4_and_grok.TestServerLineCountReduced" name="test_server_under_9000_lines" time="0.001" /><testcase classname="tests.test_iter92_translation_and_changelog.TestProjectNameTranslation" name="test_endpoint_requires_auth" time="0.002" /><testcase classname="tests.test_iter92_translation_and_changelog.TestProjectNameTranslation" name="test_invalidate_requires_auth" time="0.002" /><testcase classname="tests.test_iter92_translation_and_changelog.TestProjectNameTranslation" name="test_endpoint_definition_present" time="0.002" /><testcase classname="tests.test_iter92_translation_and_changelog.TestPrivateChangelog" name="test_changelog_requires_creator" time="0.002" /><testcase classname="tests.test_iter92_translation_and_changelog.TestPrivateChangelog" name="test_changelog_log_requires_creator" time="0.002" /><testcase classname="tests.test_iter92_translation_and_changelog.TestPrivateChangelog" name="test_helper_log_change_defined" time="0.002" /><testcase classname="tests.test_iter92_translation_and_changelog.TestPrivateChangelog" name="test_site_mode_auto_logs" time="0.002" /><testcase classname="tests.test_iter92_translation_and_changelog.TestFrontendIntegration" name="test_hook_translated_project_name_exists" time="0.000" /><testcase classname="tests.test_iter92_translation_and_changelog.TestFrontendIntegration" name="test_component_translated_project_name_exists" time="0.000" /><testcase classname="tests.test_iter92_translation_and_changelog.TestFrontendIntegration" name="test_dashboard_uses_translated_component" time="0.000" /><testcase classname="tests.test_iter92_translation_and_changelog.TestFrontendIntegration" name="test_private_programming_has_changelog_panel" time="0.000" /><testcase classname="tests.test_iter93_xai_and_preview.TestXaiKeyConfigured" name="test_xai_key_in_env" time="0.000" /><testcase classname="tests.test_iter93_xai_and_preview.TestXaiKeyConfigured" name="test_grok_helpers_detect_key" time="0.000" /><testcase classname="tests.test_iter93_xai_and_preview.TestLivePreviewPanel" name="test_component_exists" time="0.000" /><testcase classname="tests.test_iter93_xai_and_preview.TestLivePreviewPanel" name="test_dashboard_wires_live_preview" time="0.000" /><testcase classname="tests.test_iter93_xai_and_preview.TestRegressionIter92" name="test_translate_endpoint" time="0.002" /></testsuite></testsuites>