<?xml version="1.0" encoding="utf-8"?><testsuites name="pytest tests"><testsuite name="pytest" errors="0" failures="0" skipped="0" tests="14" time="7.595" timestamp="2026-06-14T15:44:06.236383+00:00" hostname="agent-env-e7e33516-be82-44e8-a990-3a46649c1fe6"><testcase classname="tests.test_iter121_decompose.TestCalyRoutes" name="test_caly_config_get_returns_default" time="0.304" /><testcase classname="tests.test_iter121_decompose.TestCalyRoutes" name="test_caly_config_post_requires_signature" time="0.131" /><testcase classname="tests.test_iter121_decompose.TestCalyRoutes" name="test_caly_ask_empty_message_400" time="0.117" /><testcase classname="tests.test_iter121_decompose.TestCalyRoutes" name="test_caly_ask_valid_message" time="5.766" /><testcase classname="tests.test_iter121_decompose.TestSiteIssuesRoutes" name="test_issues_list_no_auth" time="0.188" /><testcase classname="tests.test_iter121_decompose.TestSiteIssuesRoutes" name="test_issues_create_requires_signature" time="0.110" /><testcase classname="tests.test_iter121_decompose.TestSiteIssuesRoutes" name="test_issues_update_requires_signature" time="0.105" /><testcase classname="tests.test_iter121_decompose.TestSiteIssuesRoutes" name="test_issues_filter_by_status" time="0.148" /><testcase classname="tests.test_iter121_decompose.TestExportsRoutes" name="test_exports_request_requires_signature" time="0.150" /><testcase classname="tests.test_iter121_decompose.TestExportsRoutes" name="test_exports_decide_requires_creator_signature" time="0.145" /><testcase classname="tests.test_iter121_decompose.TestExportsRoutes" name="test_exports_pending_requires_creator_signature" time="0.105" /><testcase classname="tests.test_iter121_decompose.TestExportsRoutes" name="test_exports_status_requires_signature" time="0.116" /><testcase classname="tests.test_iter121_decompose.TestExportsRoutes" name="test_exports_zip_project_unauthenticated_401" time="0.103" /><testcase classname="tests.test_iter121_decompose.TestRouteMounting" name="test_extracted_routes_in_openapi" time="0.076" /></testsuite></testsuites>