<?xml version="1.0" encoding="utf-8"?><testsuites name="pytest tests"><testsuite name="pytest" errors="0" failures="0" skipped="0" tests="10" time="0.520" timestamp="2026-06-11T07:19:30.289161+00:00" hostname="agent-env-e7e33516-be82-44e8-a990-3a46649c1fe6"><testcase classname="backend.tests.test_iter90_strict_password_and_models.TestIdeasClearStrictPassword" name="test_iter89_fallback_removed" time="0.003" /><testcase classname="backend.tests.test_iter90_strict_password_and_models.TestIdeasClearStrictPassword" name="test_ideas_clear_403_without_sig" time="0.270" /><testcase classname="backend.tests.test_iter90_strict_password_and_models.TestNewModelsIter90" name="test_model_routes_grok_lindy" time="0.002" /><testcase classname="backend.tests.test_iter90_strict_password_and_models.TestNewModelsIter90" name="test_chat_models_list_has_new" time="0.002" /><testcase classname="backend.tests.test_iter90_strict_password_and_models.TestNewModelsIter90" name="test_modelpicker_icons_iter90" time="0.000" /><testcase classname="backend.tests.test_iter90_strict_password_and_models.TestOfflineInstaller" name="test_ollama_status_endpoint" time="0.188" /><testcase classname="backend.tests.test_iter90_strict_password_and_models.TestOfflineInstaller" name="test_offline_installer_component_exists" time="0.000" /><testcase classname="backend.tests.test_iter90_strict_password_and_models.TestOfflineInstaller" name="test_chat_page_wires_installer" time="0.000" /><testcase classname="backend.tests.test_iter90_strict_password_and_models.TestRegressionIter89" name="test_chat_history_loading_state" time="0.000" /><testcase classname="backend.tests.test_iter90_strict_password_and_models.TestRegressionIter89" name="test_emergent_collab_vexub_still_present" time="0.002" /></testsuite></testsuites>