<?xml version="1.0" encoding="utf-8"?><testsuites name="pytest tests"><testsuite name="pytest" errors="0" failures="0" skipped="0" tests="12" time="0.029" timestamp="2026-06-12T20:50:26.589449+00:00" hostname="agent-env-e7e33516-be82-44e8-a990-3a46649c1fe6"><testcase classname="backend.tests.test_iter114_vue_creatrice_big_access_changelog" name="test_vue_creatrice_is_active_when_not_simulating" time="0.000" /><testcase classname="backend.tests.test_iter114_vue_creatrice_big_access_changelog" name="test_view_mode_toggle_shows_creator_label_when_not_simulating_for_creator" time="0.000" /><testcase classname="backend.tests.test_iter114_vue_creatrice_big_access_changelog" name="test_caly_tile_navigates_without_early_toast" time="0.000" /><testcase classname="backend.tests.test_iter114_vue_creatrice_big_access_changelog" name="test_bots_tile_navigates_without_early_toast" time="0.000" /><testcase classname="backend.tests.test_iter114_vue_creatrice_big_access_changelog" name="test_private_site_tile_navigates_without_early_toast" time="0.000" /><testcase classname="backend.tests.test_iter114_vue_creatrice_big_access_changelog" name="test_private_ai_tile_navigates_without_early_toast" time="0.000" /><testcase classname="backend.tests.test_iter114_vue_creatrice_big_access_changelog" name="test_private_programming_renders_access_denied_panel" time="0.000" /><testcase classname="backend.tests.test_iter114_vue_creatrice_big_access_changelog" name="test_changelog_panel_in_site_programming" time="0.000" /><testcase classname="backend.tests.test_iter114_vue_creatrice_big_access_changelog" name="test_backend_changelog_endpoint_exists" time="0.000" /><testcase classname="backend.tests.test_iter114_vue_creatrice_big_access_changelog" name="test_account_visit_view_polls_live" time="0.000" /><testcase classname="backend.tests.test_iter114_vue_creatrice_big_access_changelog" name="test_account_visit_view_supports_deleted_projects_visual" time="0.000" /><testcase classname="backend.tests.test_iter114_vue_creatrice_big_access_changelog" name="test_account_visit_view_creator_can_send_direct_message" time="0.000" /></testsuite></testsuites>