<?xml version="1.0" encoding="utf-8"?><testsuites name="pytest tests"><testsuite name="pytest" errors="0" failures="0" skipped="0" tests="42" time="0.625" timestamp="2026-06-10T20:09:09.985317+00:00" hostname="agent-env-e7e33516-be82-44e8-a990-3a46649c1fe6"><testcase classname="tests.test_iter86_fixes_and_refacto.TestSlice2Refacto" name="test_friends_routes_still_accessible" time="0.007" /><testcase classname="tests.test_iter86_fixes_and_refacto.TestSlice2Refacto" name="test_build_friends_router_signature" time="0.180" /><testcase classname="tests.test_iter86_fixes_and_refacto.TestAdminGroup" name="test_admin_in_group_types" time="0.000" /><testcase classname="tests.test_iter86_fixes_and_refacto.TestAdminGroup" name="test_admin_user_has_admin_group" time="0.000" /><testcase classname="tests.test_iter86_fixes_and_refacto.TestAdminGroup" name="test_modo_user_no_admin_group" time="0.000" /><testcase classname="tests.test_iter86_fixes_and_refacto.TestAdminGroup" name="test_creator_sees_admin_group" time="0.000" /><testcase classname="tests.test_iter86_fixes_and_refacto.TestPublicPrivateStaffDistinction" name="test_device_matches_mode_helper" time="0.291" /><testcase classname="tests.test_iter86_fixes_and_refacto.TestOnCommitHook" name="test_signature_accepts_on_commit" time="0.000" /><testcase classname="tests.test_iter86_fixes_and_refacto.TestOnCommitHook" name="test_correction_loop_present" time="0.000" /><testcase classname="tests.test_iter86_fixes_and_refacto.TestPrivateCodeBrowser" name="test_read_file_requires_creator" time="0.005" /><testcase classname="tests.test_iter86_fixes_and_refacto.TestPrivateCodeBrowser" name="test_grep_requires_creator" time="0.003" /><testcase classname="tests.test_iter86_fixes_and_refacto.TestGuestViewExtended" name="test_guest_view_accepts_modo_admin" time="0.004" /><testcase classname="tests.test_iter86_fixes_and_refacto.TestViewModePickerCheckbox" name="test_picker_decoche_creator" time="0.000" /><testcase classname="tests.test_iter86_fixes_and_refacto.TestViewModePickerCheckbox" name="test_simulation_banner_exists" time="0.000" /><testcase classname="tests.test_iter87_public_private_and_models.TestViewModePickerExtended" name="test_creator_in_ORDER" time="0.000" /><testcase classname="tests.test_iter87_public_private_and_models.TestViewModePickerExtended" name="test_viewMode_can_be_null" time="0.000" /><testcase classname="tests.test_iter87_public_private_and_models.TestI18nForceModoAdmin" name="test_fr_keys" time="0.001" /><testcase classname="tests.test_iter87_public_private_and_models.TestI18nForceModoAdmin" name="test_en_keys" time="0.001" /><testcase classname="tests.test_iter87_public_private_and_models.TestPrivateCodeBlocked" name="test_read_file_403" time="0.003" /><testcase classname="tests.test_iter87_public_private_and_models.TestPrivateCodeBlocked" name="test_grep_403" time="0.002" /><testcase classname="tests.test_iter87_public_private_and_models.TestPrivateCodeBlocked" name="test_frontend_page_locked" time="0.000" /><testcase classname="tests.test_iter87_public_private_and_models.TestPublicPrivateContextDifferentiation" name="test_history_limit_in_server" time="0.002" /><testcase classname="tests.test_iter87_public_private_and_models.TestNewModelIds" name="test_emergent_models_listed" time="0.002" /><testcase classname="tests.test_iter87_public_private_and_models.TestNewModelIds" name="test_model_routes_extended" time="0.002" /><testcase classname="tests.test_iter87_public_private_and_models.TestNewModelIds" name="test_default_model_is_claude_sonnet" time="0.002" /><testcase classname="tests.test_iter88_eye_fix_and_slice3.TestEyeImportFix" name="test_eye_imported" time="0.000" /><testcase classname="tests.test_iter88_eye_fix_and_slice3.TestSlice3GroupsRefacto" name="test_groups_endpoints_still_work" time="0.007" /><testcase classname="tests.test_iter88_eye_fix_and_slice3.TestSlice3GroupsRefacto" name="test_build_groups_router_exists" time="0.000" /><testcase classname="tests.test_iter88_eye_fix_and_slice3.TestSlice3GroupsRefacto" name="test_groups_routes_removed_from_server" time="0.003" /><testcase classname="tests.test_iter88_eye_fix_and_slice3.TestPreviewRebuild" name="test_orchestrate_in_has_preview_flag" time="0.002" /><testcase classname="tests.test_iter88_eye_fix_and_slice3.TestPreviewRebuild" name="test_orchestrator_accepts_on_preview" time="0.000" /><testcase classname="tests.test_iter88_eye_fix_and_slice3.TestPreviewRebuild" name="test_preview_event_includes_rebuild_result" time="0.000" /><testcase classname="tests.test_iter89_punchlist.TestIdeasClearPasswordFallback" name="test_ideas_clear_requires_signature" time="0.003" /><testcase classname="tests.test_iter89_punchlist.TestIdeasClearPasswordFallback" name="test_ideas_clear_invalid_scope" time="0.002" /><testcase classname="tests.test_iter89_punchlist.TestIdeasClearPasswordFallback" name="test_ideas_clear_fallback_logic_present" time="0.004" /><testcase classname="tests.test_iter89_punchlist.TestNewModels" name="test_model_routes_include_new" time="0.001" /><testcase classname="tests.test_iter89_punchlist.TestNewModels" name="test_chat_models_endpoint_requires_auth" time="0.002" /><testcase classname="tests.test_iter89_punchlist.TestNewModels" name="test_modelpicker_badge_icons_complete" time="0.000" /><testcase classname="tests.test_iter89_punchlist.TestChatHistoryResume" name="test_chat_history_endpoint_exists" time="0.001" /><testcase classname="tests.test_iter89_punchlist.TestChatHistoryResume" name="test_chat_message_persists_project_id" time="0.001" /><testcase classname="tests.test_iter89_punchlist.TestPrivateProgrammingSecurity" name="test_private_code_read_locked" time="0.003" /><testcase classname="tests.test_iter89_punchlist.TestPrivateProgrammingSecurity" name="test_private_code_grep_locked" time="0.002" /></testsuite></testsuites>