<?xml version="1.0" encoding="utf-8"?><testsuites name="pytest tests"><testsuite name="pytest" errors="0" failures="0" skipped="0" tests="22" time="7.661" timestamp="2026-06-10T05:06:41.186136+00:00" hostname="agent-env-e7e33516-be82-44e8-a990-3a46649c1fe6"><testcase classname="backend.tests.test_iter66_last_seen.TestAuthMeHeartbeat" name="test_me_updates_last_seen_at" time="0.492" /><testcase classname="backend.tests.test_iter66_last_seen.TestLoginInitLastSeen" name="test_login_inits_last_seen_at" time="0.594" /><testcase classname="backend.tests.test_iter66_last_seen.TestStaleSessionNoApprovalPrompt" name="test_stale_session_returns_200" time="0.595" /><testcase classname="backend.tests.test_iter66_last_seen.TestFreshSessionTriggers202" name="test_fresh_session_returns_202" time="0.641" /><testcase classname="backend.tests.test_iter66_last_seen.TestApproveInitLastSeen" name="test_approve_inits_last_seen_at" time="0.828" /><testcase classname="backend.tests.test_iter67_threshold_3min.TestThreshold60Sec" name="test_session_30s_old_triggers_202" time="0.590" /><testcase classname="backend.tests.test_iter67_threshold_3min.TestThreshold60Sec" name="test_session_120s_old_returns_200" time="0.558" /><testcase classname="backend.tests.test_iter67_threshold_3min.TestThreshold60Sec" name="test_session_90s_old_returns_200" time="0.569" /><testcase classname="backend.tests.test_iter68_heartbeat.TestHeartbeatEndpoint" name="test_heartbeat_without_token_401" time="0.114" /><testcase classname="backend.tests.test_iter68_heartbeat.TestHeartbeatEndpoint" name="test_heartbeat_with_invalid_token_401" time="0.120" /><testcase classname="backend.tests.test_iter68_heartbeat.TestHeartbeatEndpoint" name="test_heartbeat_success_updates_last_seen" time="0.359" /><testcase classname="backend.tests.test_iter68_heartbeat.TestThreshold60sSpecScenario" name="test_sessionA_fresh_blocks_then_remove_then_sessionB_stale_allows" time="0.933" /><testcase classname="backend.tests.test_iter76_announcements_polls_kicks.TestIter76AnnouncementsList" name="test_list_empty_or_returns_array" time="0.111" /><testcase classname="backend.tests.test_iter76_announcements_polls_kicks.TestIter76AnnouncementsList" name="test_list_with_key_id_includes_my_state_field" time="0.112" /><testcase classname="backend.tests.test_iter76_announcements_polls_kicks.TestIter76AnnouncementsList" name="test_list_hides_validated_for_non_creator" time="0.112" /><testcase classname="backend.tests.test_iter76_announcements_polls_kicks.TestIter76PollsMultiSelect" name="test_polls_list_includes_max_selections_default_1" time="0.108" /><testcase classname="backend.tests.test_iter76_announcements_polls_kicks.TestIter76PollsMultiSelect" name="test_polls_list_aggregates_multi_select_votes" time="0.113" /><testcase classname="backend.tests.test_iter76_announcements_polls_kicks.TestIter76ScheduledKicksList" name="test_list_endpoint_returns_array" time="0.112" /><testcase classname="backend.tests.test_iter76_announcements_polls_kicks.TestIter76AuthEndpointsGating" name="test_set_state_requires_signature" time="0.121" /><testcase classname="backend.tests.test_iter76_announcements_polls_kicks.TestIter76AuthEndpointsGating" name="test_clear_history_requires_creator_signature" time="0.103" /><testcase classname="backend.tests.test_iter76_announcements_polls_kicks.TestIter76AuthEndpointsGating" name="test_schedule_kick_requires_creator_signature" time="0.122" /><testcase classname="backend.tests.test_iter76_announcements_polls_kicks.TestIter76AuthEndpointsGating" name="test_cancel_scheduled_kick_requires_creator_signature" time="0.110" /></testsuite></testsuites>