<?xml version="1.0" encoding="utf-8"?><testsuites name="pytest tests"><testsuite name="pytest" errors="0" failures="0" skipped="0" tests="16" time="23.259" timestamp="2026-06-10T12:27:47.376734+00:00" hostname="agent-env-e7e33516-be82-44e8-a990-3a46649c1fe6"><testcase classname="backend.tests.test_iter81_orange_fixes.TestWizardSuggest" name="test_requires_auth" time="0.132" /><testcase classname="backend.tests.test_iter81_orange_fixes.TestWizardSuggest" name="test_name_returns_three_suggestions" time="3.088" /><testcase classname="backend.tests.test_iter81_orange_fixes.TestWizardSuggest" name="test_name_variety_across_seeds" time="6.185" /><testcase classname="backend.tests.test_iter81_orange_fixes.TestWizardSuggest" name="test_name_lengths_varied" time="9.487" /><testcase classname="backend.tests.test_iter81_orange_fixes.TestWizardSuggest" name="test_design_kind" time="3.289" /><testcase classname="backend.tests.test_iter81_orange_fixes.TestFallbackNamePool" name="test_pool_min_size" time="0.003" /><testcase classname="backend.tests.test_iter81_orange_fixes.TestFallbackNamePool" name="test_pool_length_variety" time="0.002" /><testcase classname="backend.tests.test_iter81_orange_fixes.TestAccountsVisit" name="test_unsigned_returns_403" time="0.146" /><testcase classname="backend.tests.test_iter81_orange_fixes.TestAccountsVisit" name="test_missing_body_returns_422" time="0.109" /><testcase classname="backend.tests.test_iter81_orange_fixes.TestIdeasInboxClear" name="test_inbox_unsigned_returns_403" time="0.119" /><testcase classname="backend.tests.test_iter81_orange_fixes.TestIdeasInboxClear" name="test_clear_invalid_scope_or_403" time="0.117" /><testcase classname="backend.tests.test_iter81_orange_fixes.TestIdeasInboxClear" name="test_clear_invalid_scope_value" time="0.106" /><testcase classname="backend.tests.test_iter81_orange_fixes.TestExportDownload" name="test_requires_auth" time="0.122" /><testcase classname="backend.tests.test_iter81_orange_fixes.TestExportDownload" name="test_unknown_project_returns_404" time="0.077" /><testcase classname="backend.tests.test_iter81_orange_fixes.TestExportDownload" name="test_accepts_include_flags_schema" time="0.063" /><testcase classname="backend.tests.test_iter81_orange_fixes.TestRegression" name="test_health" time="0.156" /></testsuite></testsuites>