<?xml version="1.0" encoding="utf-8"?><testsuites name="pytest tests"><testsuite name="pytest" errors="0" failures="0" skipped="0" tests="6" time="1.014" timestamp="2026-06-12T11:07:24.722414+00:00" hostname="agent-env-e7e33516-be82-44e8-a990-3a46649c1fe6"><testcase classname="backend.tests.test_iter112_live" name="test_login_credentials_valid" time="0.358" /><testcase classname="backend.tests.test_iter112_live" name="test_auth_me_works" time="0.098" /><testcase classname="backend.tests.test_iter112_live" name="test_health_endpoint" time="0.149" /><testcase classname="backend.tests.test_iter112_live" name="test_site_issues_endpoint_still_present" time="0.108" /><testcase classname="backend.tests.test_iter112_live" name="test_projects_list_supports_parent_chat_id" time="0.141" /><testcase classname="backend.tests.test_iter112_live" name="test_export_apk_endpoint_reachable" time="0.099" /></testsuite></testsuites>