<?xml version="1.0" encoding="utf-8"?><testsuites name="pytest tests"><testsuite name="pytest" errors="0" failures="0" skipped="0" tests="16" time="0.237" timestamp="2026-06-11T07:43:44.430204+00:00" hostname="agent-env-e7e33516-be82-44e8-a990-3a46649c1fe6"><testcase classname="tests.test_iter91_refacto_slice4_and_grok.TestFeminineFix" name="test_no_le_creatrice_in_fr_locale" time="0.002" /><testcase classname="tests.test_iter91_refacto_slice4_and_grok.TestSlice4aAnnouncements" name="test_module_exists" time="0.000" /><testcase classname="tests.test_iter91_refacto_slice4_and_grok.TestSlice4aAnnouncements" name="test_factory_exists" time="0.162" /><testcase classname="tests.test_iter91_refacto_slice4_and_grok.TestSlice4aAnnouncements" name="test_routes_removed_from_server" time="0.003" /><testcase classname="tests.test_iter91_refacto_slice4_and_grok.TestSlice4aAnnouncements" name="test_endpoints_still_respond" time="0.006" /><testcase classname="tests.test_iter91_refacto_slice4_and_grok.TestSlice4bPolls" name="test_module_exists" time="0.000" /><testcase classname="tests.test_iter91_refacto_slice4_and_grok.TestSlice4bPolls" name="test_factory_exists" time="0.004" /><testcase classname="tests.test_iter91_refacto_slice4_and_grok.TestSlice4bPolls" name="test_routes_removed_from_server" time="0.002" /><testcase classname="tests.test_iter91_refacto_slice4_and_grok.TestSlice4bPolls" name="test_endpoints_still_respond" time="0.004" /><testcase classname="tests.test_iter91_refacto_slice4_and_grok.TestXAIGrokIntegration" name="test_grok_module_exists" time="0.000" /><testcase classname="tests.test_iter91_refacto_slice4_and_grok.TestXAIGrokIntegration" name="test_grok_helpers_importable" time="0.000" /><testcase classname="tests.test_iter91_refacto_slice4_and_grok.TestXAIGrokIntegration" name="test_grok_model_id_mapping" time="0.000" /><testcase classname="tests.test_iter91_refacto_slice4_and_grok.TestXAIGrokIntegration" name="test_grok_unavailable_without_key" time="0.000" /><testcase classname="tests.test_iter91_refacto_slice4_and_grok.TestXAIGrokIntegration" name="test_grok_chat_raises_without_key" time="0.001" /><testcase classname="tests.test_iter91_refacto_slice4_and_grok.TestXAIGrokIntegration" name="test_chat_message_has_xai_branch" time="0.002" /><testcase classname="tests.test_iter91_refacto_slice4_and_grok.TestServerLineCountReduced" name="test_server_under_9000_lines" time="0.001" /></testsuite></testsuites>