<?xml version="1.0" encoding="utf-8"?><testsuites name="pytest tests"><testsuite name="pytest" errors="0" failures="0" skipped="0" tests="5" time="0.208" timestamp="2026-07-19T23:17:19.261821+00:00" hostname="agent-env-e7e33516-be82-44e8-a990-3a46649c1fe6"><testcase classname="tests.test_iter149_runtime_injection" name="test_caly_ask_injects_profile_fragment" time="0.167" /><testcase classname="tests.test_iter149_runtime_injection" name="test_caly_ask_isolation_dev_profile_does_not_bleed" time="0.002" /><testcase classname="tests.test_iter149_runtime_injection" name="test_caly_ask_fault_tolerant_when_db_throws" time="0.002" /><testcase classname="tests.test_iter149_runtime_injection" name="test_caly_ask_no_profile_uses_base_only" time="0.002" /><testcase classname="tests.test_iter149_runtime_injection" name="test_community_bots_test_injects_bot_specific_profile" time="0.006" /></testsuite></testsuites>