<?xml version="1.0" encoding="utf-8"?><testsuites name="pytest tests"><testsuite name="pytest" errors="0" failures="0" skipped="1" tests="16" time="1.807" timestamp="2026-06-14T16:04:25.163308+00:00" hostname="agent-env-e7e33516-be82-44e8-a990-3a46649c1fe6"><testcase classname="tests.test_iter122_decompose_preview_projects.TestPreviewRoutes" name="test_preview_unknown_id_returns_404_html" time="0.277" /><testcase classname="tests.test_iter122_decompose_preview_projects.TestPreviewRoutes" name="test_preview_project_unknown_returns_404_html" time="0.105" /><testcase classname="tests.test_iter122_decompose_preview_projects.TestPreviewRoutes" name="test_preview_demo_web_returns_200" time="0.111" /><testcase classname="tests.test_iter122_decompose_preview_projects.TestPreviewRoutes" name="test_preview_demo_app_returns_200" time="0.116" /><testcase classname="tests.test_iter122_decompose_preview_projects.TestPreviewRoutes" name="test_preview_demo_unknown_falls_back_to_web" time="0.104" /><testcase classname="tests.test_iter122_decompose_preview_projects.TestVoiceRoutes" name="test_voice_transcribe_unauthenticated" time="0.108" /><testcase classname="tests.test_iter122_decompose_preview_projects.TestProjectsRoutes" name="test_projects_list_unauthenticated_401" time="0.118" /><testcase classname="tests.test_iter122_decompose_preview_projects.TestProjectsRoutes" name="test_projects_get_one_unauthenticated_401" time="0.095" /><testcase classname="tests.test_iter122_decompose_preview_projects.TestProjectsRoutes" name="test_projects_create_unauthenticated_401" time="0.116" /><testcase classname="tests.test_iter122_decompose_preview_projects.TestProjectsRoutes" name="test_projects_update_unauthenticated_401" time="0.098" /><testcase classname="tests.test_iter122_decompose_preview_projects.TestProjectsRoutes" name="test_projects_delete_unauthenticated_401" time="0.104" /><testcase classname="tests.test_iter122_decompose_preview_projects.TestProjectsRoutes" name="test_projects_duplicate_unauthenticated_401" time="0.100" /><testcase classname="tests.test_iter122_decompose_preview_projects.TestProjectsRoutes" name="test_projects_share_unauthenticated_401" time="0.104" /><testcase classname="tests.test_iter122_decompose_preview_projects.TestShareRoutes" name="test_share_unknown_slug_404" time="0.102" /><testcase classname="tests.test_iter122_decompose_preview_projects.TestShareRoutes" name="test_share_preview_unknown_slug_404" time="0.102" /><testcase classname="tests.test_iter122_decompose_preview_projects.TestRouteMounting" name="test_extracted_routes_in_openapi" time="0.019"><skipped type="pytest.skip" message="OpenAPI not reachable on localhost">/app/backend/tests/test_iter122_decompose_preview_projects.py:106: OpenAPI not reachable on localhost</skipped></testcase></testsuite></testsuites>