<?xml version="1.0" encoding="utf-8"?><testsuites name="pytest tests"><testsuite name="pytest" errors="0" failures="0" skipped="0" tests="71" time="31.022" timestamp="2026-06-10T14:19:19.687062+00:00" hostname="agent-env-e7e33516-be82-44e8-a990-3a46649c1fe6"><testcase classname="tests.test_iter77_audience_polls_accounts.TestIter77SignatureGating" name="test_accounts_list_requires_creator_signature" time="0.215" /><testcase classname="tests.test_iter77_audience_polls_accounts.TestIter77SignatureGating" name="test_accounts_set_staff_kind_requires_creator_signature" time="0.107" /><testcase classname="tests.test_iter77_audience_polls_accounts.TestIter77SignatureGating" name="test_accounts_force_visitor_requires_creator_signature" time="0.112" /><testcase classname="tests.test_iter77_audience_polls_accounts.TestIter77SignatureGating" name="test_announcements_edit_requires_creator_signature" time="0.113" /><testcase classname="tests.test_iter77_audience_polls_accounts.TestIter77SignatureGating" name="test_polls_create_requires_creator_signature" time="0.114" /><testcase classname="tests.test_iter77_audience_polls_accounts.TestIter77SignatureGating" name="test_polls_edit_requires_creator_signature" time="0.103" /><testcase classname="tests.test_iter77_audience_polls_accounts.TestIter77SignatureGating" name="test_polls_suggest_option_requires_signature" time="0.108" /><testcase classname="tests.test_iter77_audience_polls_accounts.TestIter77SignatureGating" name="test_polls_decide_suggestion_requires_creator_signature" time="0.115" /><testcase classname="tests.test_iter77_audience_polls_accounts.TestIter77SignatureGating" name="test_ideas_set_state_requires_staff_or_creator" time="0.117" /><testcase classname="tests.test_iter77_audience_polls_accounts.TestIter77AnnouncementsAudience" name="test_list_returns_array" time="0.114" /><testcase classname="tests.test_iter77_audience_polls_accounts.TestIter77AnnouncementsAudience" name="test_multi_audience_admin_modo_matches_admin_device" time="0.389" /><testcase classname="tests.test_iter77_audience_polls_accounts.TestIter77AnnouncementsAudience" name="test_legacy_audience_string_all_still_matches" time="0.156" /><testcase classname="tests.test_iter77_audience_polls_accounts.TestIter77AnnouncementsAudience" name="test_audience_non_validated_matches_pending" time="0.242" /><testcase classname="tests.test_iter77_audience_polls_accounts.TestIter77PollsSuggestions" name="test_polls_list_exposes_max_selections_and_suggestions_default" time="0.126" /><testcase classname="tests.test_iter77_audience_polls_accounts.TestIter77PollsSuggestions" name="test_polls_list_shows_pending_and_approved_suggestions_hides_removed" time="0.113" /><testcase classname="tests.test_iter77_audience_polls_accounts.TestIter77DevicesVerify" name="test_devices_verify_includes_force_visitor_and_staff_kind_shape" time="0.113" /><testcase classname="tests.test_iter79_staff_permissions.TestPublicGet" name="test_announcements_list_200" time="0.108" /><testcase classname="tests.test_iter79_staff_permissions.TestPublicGet" name="test_polls_list_200" time="0.049" /><testcase classname="tests.test_iter79_staff_permissions.TestPublicGet" name="test_system_scheduled_kicks_200" time="0.047" /><testcase classname="tests.test_iter79_staff_permissions.TestWizardSuggest" name="test_wizard_name_requires_auth" time="0.055" /><testcase classname="tests.test_iter79_staff_permissions.TestWizardSuggest" name="test_wizard_fallback_pool_variety" time="0.353" /><testcase classname="tests.test_iter79_staff_permissions" name="test_staff_gated_rejects_unsigned[/accounts/mute-payload0]" time="0.052" /><testcase classname="tests.test_iter79_staff_permissions" name="test_staff_gated_rejects_unsigned[/accounts/unmute-payload1]" time="0.044" /><testcase classname="tests.test_iter79_staff_permissions" name="test_staff_gated_rejects_unsigned[/accounts/ban-payload2]" time="0.048" /><testcase classname="tests.test_iter79_staff_permissions" name="test_staff_gated_rejects_unsigned[/accounts/unban-payload3]" time="0.050" /><testcase classname="tests.test_iter79_staff_permissions" name="test_staff_gated_rejects_unsigned[/accounts/exclude-payload4]" time="0.050" /><testcase classname="tests.test_iter79_staff_permissions" name="test_staff_gated_rejects_unsigned[/accounts/set-staff-kind-payload5]" time="0.054" /><testcase classname="tests.test_iter79_staff_permissions" name="test_staff_gated_rejects_unsigned[/devices/block-payload6]" time="0.054" /><testcase classname="tests.test_iter79_staff_permissions" name="test_staff_gated_rejects_unsigned[/devices/unblock-payload7]" time="0.053" /><testcase classname="tests.test_iter79_staff_permissions" name="test_staff_gated_rejects_unsigned[/devices/approve-payload8]" time="0.054" /><testcase classname="tests.test_iter79_staff_permissions.TestExportDocx" name="test_export_docx_without_auth" time="0.181" /><testcase classname="tests.test_iter79_staff_permissions" name="test_backend_root_healthy" time="0.049" /><testcase classname="tests.test_iter81_orange_fixes.TestWizardSuggest" name="test_requires_auth" time="0.108" /><testcase classname="tests.test_iter81_orange_fixes.TestWizardSuggest" name="test_name_returns_three_suggestions" time="1.820" /><testcase classname="tests.test_iter81_orange_fixes.TestWizardSuggest" name="test_name_variety_across_seeds" time="8.397" /><testcase classname="tests.test_iter81_orange_fixes.TestWizardSuggest" name="test_name_lengths_varied" time="10.053" /><testcase classname="tests.test_iter81_orange_fixes.TestWizardSuggest" name="test_design_kind" time="2.611" /><testcase classname="tests.test_iter81_orange_fixes.TestFallbackNamePool" name="test_pool_min_size" time="0.003" /><testcase classname="tests.test_iter81_orange_fixes.TestFallbackNamePool" name="test_pool_length_variety" time="0.002" /><testcase classname="tests.test_iter81_orange_fixes.TestAccountsVisit" name="test_unsigned_returns_403" time="0.155" /><testcase classname="tests.test_iter81_orange_fixes.TestAccountsVisit" name="test_missing_body_returns_422" time="0.130" /><testcase classname="tests.test_iter81_orange_fixes.TestIdeasInboxClear" name="test_inbox_unsigned_returns_403" time="0.116" /><testcase classname="tests.test_iter81_orange_fixes.TestIdeasInboxClear" name="test_clear_invalid_scope_or_403" time="0.118" /><testcase classname="tests.test_iter81_orange_fixes.TestIdeasInboxClear" name="test_clear_invalid_scope_value" time="0.168" /><testcase classname="tests.test_iter81_orange_fixes.TestExportDownload" name="test_requires_auth" time="0.124" /><testcase classname="tests.test_iter81_orange_fixes.TestExportDownload" name="test_unknown_project_returns_404" time="0.060" /><testcase classname="tests.test_iter81_orange_fixes.TestExportDownload" name="test_accepts_include_flags_schema" time="0.060" /><testcase classname="tests.test_iter81_orange_fixes.TestRegression" name="test_health" time="0.138" /><testcase classname="tests.test_iter82_red_features.TestFriendsEndpoints" name="test_friends_request_unsigned_403" time="0.114" /><testcase classname="tests.test_iter82_red_features.TestFriendsEndpoints" name="test_friends_decide_unknown_404" time="0.106" /><testcase classname="tests.test_iter82_red_features.TestFriendsEndpoints" name="test_friends_list_unsigned_404_or_403" time="0.110" /><testcase classname="tests.test_iter82_red_features.TestGroupsEndpoints" name="test_groups_list_unsigned_403" time="0.131" /><testcase classname="tests.test_iter82_red_features.TestGroupsEndpoints" name="test_groups_messages_invalid_type_400_or_403" time="0.121" /><testcase classname="tests.test_iter82_red_features.TestGroupsEndpoints" name="test_groups_send_unsigned_403" time="0.103" /><testcase classname="tests.test_iter82_red_features.TestMessagesSendToStaff" name="test_unsigned_403" time="0.136" /><testcase classname="tests.test_iter82_red_features.TestMessagesSendToStaff" name="test_empty_content_400" time="0.113" /><testcase classname="tests.test_iter82_red_features.TestAccountsVisitEnriched" name="test_unsigned_403_or_404" time="0.111" /><testcase classname="tests.test_iter82_red_features.TestAccountsVisitEnriched" name="test_response_shape_documented" time="0.003" /><testcase classname="tests.test_iter82_red_features.TestChatStreamEndpoint" name="test_endpoint_exists" time="0.120" /><testcase classname="tests.test_iter82_red_features.TestGroupTypeGate" name="test_group_types_correctness" time="0.011" /><testcase classname="tests.test_iter83_red_plus.TestSiteMode_Multi" name="test_get_site_mode_returns_modes_list" time="0.148" /><testcase classname="tests.test_iter83_red_plus.TestSiteMode_Multi" name="test_put_site_mode_unsigned_rejected" time="0.134" /><testcase classname="tests.test_iter83_red_plus.TestSiteMode_Multi" name="test_put_site_mode_invalid_mode_rejected" time="0.124" /><testcase classname="tests.test_iter83_red_plus.TestSiteMode_Multi" name="test_modes_list_normalization" time="0.003" /><testcase classname="tests.test_iter83_red_plus.TestSessionPendingAutoExpire" name="test_endpoint_exists" time="0.124" /><testcase classname="tests.test_iter83_red_plus.TestSessionPendingAutoExpire" name="test_stale_threshold_90s_documented" time="0.003" /><testcase classname="tests.test_iter83_red_plus.TestChatOrchestrate" name="test_endpoint_exists_requires_auth" time="0.137" /><testcase classname="tests.test_iter83_red_plus.TestChatOrchestrate" name="test_stream_endpoint_exists" time="0.132" /><testcase classname="tests.test_iter83_red_plus.TestChatOrchestrate" name="test_orchestrator_module_imports" time="0.000" /><testcase classname="tests.test_iter83_red_plus.TestChatOrchestrate" name="test_execute_python_sandbox" time="1.018" /><testcase classname="tests.test_iter83_red_plus.TestRegressionNoBreak" name="test_site_mode_legacy_str_still_works" time="0.136" /></testsuite></testsuites>