<?xml version="1.0" encoding="utf-8"?><testsuites name="pytest tests"><testsuite name="pytest" errors="0" failures="0" skipped="0" tests="7" time="1.219" timestamp="2026-06-11T07:20:36.357208+00:00" hostname="agent-env-e7e33516-be82-44e8-a990-3a46649c1fe6"><testcase classname="backend.tests.test_iter90_integration_live.TestOllamaStatusLive" name="test_public_ollama_status" time="0.287" /><testcase classname="backend.tests.test_iter90_integration_live.TestChatModelsLive" name="test_models_list_has_13_with_new_badges" time="0.472" /><testcase classname="backend.tests.test_iter90_integration_live.TestChatModelsLive" name="test_models_chat_requires_auth" time="0.109" /><testcase classname="backend.tests.test_iter90_integration_live.TestIdeasClearLive" name="test_clear_without_signature_403" time="0.136" /><testcase classname="backend.tests.test_iter90_integration_live.TestIdeasClearLive" name="test_clear_invalid_scope_403_before_400" time="0.155" /><testcase classname="backend.tests.test_iter90_integration_live.TestSourceAuditIter90" name="test_no_iter89_fallback_remnant" time="0.003" /><testcase classname="backend.tests.test_iter90_integration_live.TestSourceAuditIter90" name="test_password_path_uses_bcrypt_checkpw" time="0.002" /></testsuite></testsuites>