<?xml version="1.0" encoding="utf-8"?><testsuites name="pytest tests"><testsuite name="pytest" errors="0" failures="0" skipped="0" tests="47" time="10.538" timestamp="2026-05-14T20:54:46.745861+00:00" hostname="agent-env-e7e33516-be82-44e8-a990-3a46649c1fe6"><testcase classname="backend.tests.test_iter54_accounts_ecosystem" name="test_00_health" time="0.348" /><testcase classname="backend.tests.test_iter54_accounts_ecosystem" name="test_00b_device_register_and_verify" time="0.438" /><testcase classname="backend.tests.test_iter54_accounts_ecosystem" name="test_01_creator_gate_rejects_non_creator[/api/accounts/list-extra0]" time="0.285" /><testcase classname="backend.tests.test_iter54_accounts_ecosystem" name="test_01_creator_gate_rejects_non_creator[/api/accounts/rename-pseudo-extra1]" time="0.222" /><testcase classname="backend.tests.test_iter54_accounts_ecosystem" name="test_01_creator_gate_rejects_non_creator[/api/accounts/mute-extra2]" time="0.292" /><testcase classname="backend.tests.test_iter54_accounts_ecosystem" name="test_01_creator_gate_rejects_non_creator[/api/accounts/unmute-extra3]" time="0.242" /><testcase classname="backend.tests.test_iter54_accounts_ecosystem" name="test_01_creator_gate_rejects_non_creator[/api/accounts/exclude-extra4]" time="0.204" /><testcase classname="backend.tests.test_iter54_accounts_ecosystem" name="test_01_creator_gate_rejects_non_creator[/api/accounts/ban-extra5]" time="0.223" /><testcase classname="backend.tests.test_iter54_accounts_ecosystem" name="test_01_creator_gate_rejects_non_creator[/api/accounts/unban-extra6]" time="0.257" /><testcase classname="backend.tests.test_iter54_accounts_ecosystem" name="test_01_creator_gate_rejects_non_creator[/api/accounts/history-extra7]" time="0.232" /><testcase classname="backend.tests.test_iter54_accounts_ecosystem" name="test_01_creator_gate_rejects_non_creator[/api/accounts/history/clear-extra8]" time="0.264" /><testcase classname="backend.tests.test_iter54_accounts_ecosystem" name="test_01_creator_gate_rejects_non_creator[/api/accounts/visit-extra9]" time="0.229" /><testcase classname="backend.tests.test_iter54_accounts_ecosystem" name="test_01_creator_gate_rejects_non_creator[/api/accounts/delete-user-project-extra10]" time="0.259" /><testcase classname="backend.tests.test_iter54_accounts_ecosystem" name="test_01_creator_gate_rejects_non_creator[/api/accounts/remove-creator-extra11]" time="0.243" /><testcase classname="backend.tests.test_iter54_accounts_ecosystem" name="test_01_creator_gate_rejects_non_creator[/api/ideas/inbox-extra12]" time="0.230" /><testcase classname="backend.tests.test_iter54_accounts_ecosystem" name="test_01_creator_gate_rejects_non_creator[/api/ideas/mark-read-extra13]" time="0.262" /><testcase classname="backend.tests.test_iter54_accounts_ecosystem" name="test_01_creator_gate_rejects_non_creator[/api/ideas/delete-extra14]" time="0.242" /><testcase classname="backend.tests.test_iter54_accounts_ecosystem" name="test_01_creator_gate_rejects_non_creator[/api/announcements/create-extra15]" time="0.272" /><testcase classname="backend.tests.test_iter54_accounts_ecosystem" name="test_01_creator_gate_rejects_non_creator[/api/announcements/delete-extra16]" time="0.230" /><testcase classname="backend.tests.test_iter54_accounts_ecosystem" name="test_01_creator_gate_rejects_non_creator[/api/polls/create-extra17]" time="0.244" /><testcase classname="backend.tests.test_iter54_accounts_ecosystem" name="test_01_creator_gate_rejects_non_creator[/api/polls/delete-extra18]" time="0.280" /><testcase classname="backend.tests.test_iter54_accounts_ecosystem" name="test_01_creator_gate_rejects_non_creator[/api/exports/decide-extra19]" time="0.229" /><testcase classname="backend.tests.test_iter54_accounts_ecosystem" name="test_01_creator_gate_rejects_non_creator[/api/exports/pending-extra20]" time="0.223" /><testcase classname="backend.tests.test_iter54_accounts_ecosystem" name="test_01_creator_gate_rejects_non_creator[/api/creator/translate-extra21]" time="0.272" /><testcase classname="backend.tests.test_iter54_accounts_ecosystem" name="test_02_announcements_list_public" time="0.115" /><testcase classname="backend.tests.test_iter54_accounts_ecosystem" name="test_03_polls_list_public" time="0.105" /><testcase classname="backend.tests.test_iter54_accounts_ecosystem" name="test_04_announcements_list_with_keyid" time="0.135" /><testcase classname="backend.tests.test_iter54_accounts_ecosystem" name="test_05_ideas_send_signed" time="0.237" /><testcase classname="backend.tests.test_iter54_accounts_ecosystem" name="test_06_ideas_send_empty_rejected" time="0.240" /><testcase classname="backend.tests.test_iter54_accounts_ecosystem" name="test_07_exports_request_pending_for_non_creator" time="0.270" /><testcase classname="backend.tests.test_iter54_accounts_ecosystem" name="test_08_exports_status_polling" time="0.450" /><testcase classname="backend.tests.test_iter54_accounts_ecosystem" name="test_09_polls_vote_nonexistent_poll" time="0.248" /><testcase classname="backend.tests.test_iter54_accounts_ecosystem" name="test_10_invalid_signature_rejected" time="0.238" /><testcase classname="backend.tests.test_iter54_accounts_ecosystem" name="test_11_unsigned_payload_rejected" time="0.138" /><testcase classname="backend.tests.test_iter54_accounts_ecosystem" name="test_12_update_pseudo_too_short" time="0.451" /><testcase classname="backend.tests.test_iter54_accounts_ecosystem" name="test_13_update_pseudo_reserved" time="0.130" /><testcase classname="backend.tests.test_iter54_accounts_ecosystem" name="test_14_update_pseudo_happy_path" time="0.110" /><testcase classname="backend.tests.test_iter54_accounts_ecosystem" name="test_15_register_duplicate_pseudo_allowed" time="1.084" /><testcase classname="backend.tests.test_iter54_accounts_ecosystem" name="test_16_accounts_list_security_contract" time="0.257" /><testcase classname="backend.tests.test_iter54_accounts_ecosystem" name="test_17_frontend_components_exist[/app/frontend/src/components/AccountsButton.jsx]" time="0.000" /><testcase classname="backend.tests.test_iter54_accounts_ecosystem" name="test_17_frontend_components_exist[/app/frontend/src/components/IdeasButton.jsx]" time="0.000" /><testcase classname="backend.tests.test_iter54_accounts_ecosystem" name="test_17_frontend_components_exist[/app/frontend/src/components/AnnounceButton.jsx]" time="0.000" /><testcase classname="backend.tests.test_iter54_accounts_ecosystem" name="test_17_frontend_components_exist[/app/frontend/src/components/AnnouncementsBanner.jsx]" time="0.000" /><testcase classname="backend.tests.test_iter54_accounts_ecosystem" name="test_17_frontend_components_exist[/app/frontend/src/components/ExportApprovalNotifier.jsx]" time="0.000" /><testcase classname="backend.tests.test_iter54_accounts_ecosystem" name="test_17_frontend_components_exist[/app/frontend/src/components/AccountVisitView.jsx]" time="0.000" /><testcase classname="backend.tests.test_iter54_accounts_ecosystem" name="test_18_language_keys_present" time="0.001" /><testcase classname="backend.tests.test_iter54_accounts_ecosystem" name="test_19_dashboard_visit_state_wiring" time="0.000" /></testsuite></testsuites>