<?xml version="1.0" encoding="utf-8"?><testsuites name="pytest tests"><testsuite name="pytest" errors="0" failures="0" skipped="0" tests="11" time="0.684" timestamp="2026-06-10T17:46:18.224829+00:00" hostname="agent-env-e7e33516-be82-44e8-a990-3a46649c1fe6"><testcase classname="backend.tests.test_iter87_public_private_and_models.TestViewModePickerExtended" name="test_creator_in_ORDER" time="0.000" /><testcase classname="backend.tests.test_iter87_public_private_and_models.TestViewModePickerExtended" name="test_viewMode_can_be_null" time="0.000" /><testcase classname="backend.tests.test_iter87_public_private_and_models.TestI18nForceModoAdmin" name="test_fr_keys" time="0.001" /><testcase classname="backend.tests.test_iter87_public_private_and_models.TestI18nForceModoAdmin" name="test_en_keys" time="0.001" /><testcase classname="backend.tests.test_iter87_public_private_and_models.TestPrivateCodeBlocked" name="test_read_file_403" time="0.364" /><testcase classname="backend.tests.test_iter87_public_private_and_models.TestPrivateCodeBlocked" name="test_grep_403" time="0.139" /><testcase classname="backend.tests.test_iter87_public_private_and_models.TestPrivateCodeBlocked" name="test_frontend_page_locked" time="0.000" /><testcase classname="backend.tests.test_iter87_public_private_and_models.TestPublicPrivateContextDifferentiation" name="test_history_limit_in_server" time="0.003" /><testcase classname="backend.tests.test_iter87_public_private_and_models.TestNewModelIds" name="test_emergent_models_listed" time="0.116" /><testcase classname="backend.tests.test_iter87_public_private_and_models.TestNewModelIds" name="test_model_routes_extended" time="0.002" /><testcase classname="backend.tests.test_iter87_public_private_and_models.TestNewModelIds" name="test_default_model_is_claude_sonnet" time="0.002" /></testsuite></testsuites>