<?xml version="1.0" encoding="utf-8"?><testsuites name="pytest tests"><testsuite name="pytest" errors="0" failures="0" skipped="0" tests="34" time="19.121" timestamp="2026-05-15T15:50:26.132041+00:00" hostname="agent-env-e7e33516-be82-44e8-a990-3a46649c1fe6"><testcase classname="backend.tests.test_iter70_webauthn_origin.TestIter70EnrollBeginOrigin" name="test_origin_in_body_sets_rp_id_to_public_host" time="0.329" /><testcase classname="backend.tests.test_iter70_webauthn_origin.TestIter70EnrollBeginOrigin" name="test_arbitrary_origin_strips_scheme_and_port" time="0.984" /><testcase classname="backend.tests.test_iter70_webauthn_origin.TestIter70EnrollBeginOrigin" name="test_empty_body_still_returns_200_legacy_path" time="0.193" /><testcase classname="backend.tests.test_iter69_biometric.TestRegisterBiometricValidation" name="test_register_without_biometric_returns_400" time="0.180" /><testcase classname="backend.tests.test_iter69_biometric.TestRegisterBiometricValidation" name="test_register_with_iris_3_hashes_returns_200" time="1.528" /><testcase classname="backend.tests.test_iter69_biometric.TestRegisterBiometricValidation" name="test_register_with_iris_2_hashes_returns_400" time="0.193" /><testcase classname="backend.tests.test_iter69_biometric.TestRegisterBiometricValidation" name="test_register_with_webauthn_invalid_options_token_returns_400" time="0.253" /><testcase classname="backend.tests.test_iter69_biometric.TestWebAuthnEnrollBegin" name="test_enroll_begin_anonymous_returns_options_and_token" time="0.279" /><testcase classname="backend.tests.test_iter69_biometric.TestWebAuthnEnrollBegin" name="test_enroll_begin_without_body_still_returns_200" time="0.203" /><testcase classname="backend.tests.test_iter69_biometric.TestDisconnectSoft" name="test_disconnect_soft_with_token_sets_last_seen_to_past" time="0.719" /><testcase classname="backend.tests.test_iter69_biometric.TestDisconnectSoft" name="test_disconnect_soft_without_token_returns_200_noop" time="0.165" /><testcase classname="backend.tests.test_iter69_biometric.TestThreshold35s" name="test_session_20s_old_triggers_202" time="0.741" /><testcase classname="backend.tests.test_iter69_biometric.TestThreshold35s" name="test_session_40s_old_returns_200" time="0.611" /><testcase classname="backend.tests.test_iter69_biometric.TestThreshold35s" name="test_session_120s_old_returns_200" time="0.940" /><testcase classname="backend.tests.test_iter69_biometric.TestPseudoMin1Char" name="test_pseudo_1_char_accepted" time="1.432" /><testcase classname="backend.tests.test_iter69_biometric.TestPseudoMin1Char" name="test_pseudo_empty_returns_400" time="0.150" /><testcase classname="backend.tests.test_iter68_heartbeat.TestHeartbeatEndpoint" name="test_heartbeat_without_token_401" time="0.182" /><testcase classname="backend.tests.test_iter68_heartbeat.TestHeartbeatEndpoint" name="test_heartbeat_with_invalid_token_401" time="0.116" /><testcase classname="backend.tests.test_iter68_heartbeat.TestHeartbeatEndpoint" name="test_heartbeat_success_updates_last_seen" time="0.504" /><testcase classname="backend.tests.test_iter68_heartbeat.TestThreshold60sSpecScenario" name="test_sessionA_fresh_blocks_then_remove_then_sessionB_stale_allows" time="1.076" /><testcase classname="backend.tests.test_iter67_threshold_3min.TestThreshold60Sec" name="test_session_30s_old_triggers_202" time="0.782" /><testcase classname="backend.tests.test_iter67_threshold_3min.TestThreshold60Sec" name="test_session_120s_old_returns_200" time="0.629" /><testcase classname="backend.tests.test_iter67_threshold_3min.TestThreshold60Sec" name="test_session_90s_old_returns_200" time="0.609" /><testcase classname="backend.tests.test_iter66_last_seen.TestAuthMeHeartbeat" name="test_me_updates_last_seen_at" time="0.386" /><testcase classname="backend.tests.test_iter66_last_seen.TestLoginInitLastSeen" name="test_login_inits_last_seen_at" time="0.617" /><testcase classname="backend.tests.test_iter66_last_seen.TestStaleSessionNoApprovalPrompt" name="test_stale_session_returns_200" time="0.611" /><testcase classname="backend.tests.test_iter66_last_seen.TestFreshSessionTriggers202" name="test_fresh_session_returns_202" time="0.648" /><testcase classname="backend.tests.test_iter66_last_seen.TestApproveInitLastSeen" name="test_approve_inits_last_seen_at" time="0.943" /><testcase classname="backend.tests.test_iter63_session_pending.TestSessionRequestTTL" name="test_ttl_is_15_minutes" time="0.658" /><testcase classname="backend.tests.test_iter63_session_pending.TestDeviceBindingOneToOne" name="test_409_on_account_mismatch" time="1.160" /><testcase classname="backend.tests.test_iter63_session_pending.TestDeviceBindingOneToOne" name="test_stale_binding_is_cleared" time="0.592" /><testcase classname="backend.tests.test_iter63_session_pending.TestDeviceRegisterInactive" name="test_new_device_role_is_inactive" time="0.153" /><testcase classname="backend.tests.test_iter63_session_pending.TestDevicesListFilter" name="test_mongo_query_filters_inactive" time="0.002" /><testcase classname="backend.tests.test_iter63_session_pending.TestRegression" name="test_canonical_login_still_ok" time="0.383" /></testsuite></testsuites>