<?xml version="1.0" encoding="utf-8"?><testsuites name="pytest tests"><testsuite name="pytest" errors="0" failures="1" skipped="0" tests="17" time="10.484" timestamp="2026-05-15T12:10:33.238721+00:00" hostname="agent-env-e7e33516-be82-44e8-a990-3a46649c1fe6"><testcase classname="backend.tests.test_iter63_session_pending.TestSessionRequestTTL" name="test_ttl_is_15_minutes" time="0.880" /><testcase classname="backend.tests.test_iter63_session_pending.TestDeviceBindingOneToOne" name="test_409_on_account_mismatch" time="1.183" /><testcase classname="backend.tests.test_iter63_session_pending.TestDeviceBindingOneToOne" name="test_stale_binding_is_cleared" time="0.562" /><testcase classname="backend.tests.test_iter63_session_pending.TestDeviceRegisterInactive" name="test_new_device_role_is_inactive" time="0.146" /><testcase classname="backend.tests.test_iter63_session_pending.TestDevicesListFilter" name="test_mongo_query_filters_inactive" time="0.005" /><testcase classname="backend.tests.test_iter63_session_pending.TestRegression" name="test_canonical_login_still_ok" time="0.378" /><testcase classname="backend.tests.test_iter62_device_capture" name="test_ocr_empty_payload_rejected" time="0.160" /><testcase classname="backend.tests.test_iter62_device_capture" name="test_ocr_valid_image_returns_shape" time="1.658" /><testcase classname="backend.tests.test_iter62_device_capture" name="test_ocr_bare_b64_also_accepted" time="1.155" /><testcase classname="backend.tests.test_iter62_device_capture" name="test_register_rejected_without_device_capture" time="0.046" /><testcase classname="backend.tests.test_iter62_device_capture" name="test_register_phone_missing_product_and_model" time="0.045" /><testcase classname="backend.tests.test_iter62_device_capture" name="test_register_computer_missing_name" time="0.045" /><testcase classname="backend.tests.test_iter62_device_capture" name="test_register_pseudo_missing" time="0.049" /><testcase classname="backend.tests.test_iter62_device_capture" name="test_register_pseudo_too_short" time="0.049" /><testcase classname="backend.tests.test_iter62_device_capture" name="test_register_phone_valid_returns_link" time="1.211" /><testcase classname="backend.tests.test_iter62_device_capture" name="test_register_computer_valid_returns_link" time="1.273" /><testcase classname="backend.tests.test_iter62_device_capture" name="test_full_flow_register_verify_login" time="1.269"><failure message="AssertionError: verify failed: 500 Internal Server Error&#10;assert 500 in (200, 302, 303, 307)&#10; +  where 500 = &lt;Response [500]&gt;.status_code">backend/tests/test_iter62_device_capture.py:170: in test_full_flow_register_verify_login
    assert v.status_code in (200, 302, 303, 307), f"verify failed: {v.status_code} {v.text[:200]}"
E   AssertionError: verify failed: 500 Internal Server Error
E   assert 500 in (200, 302, 303, 307)
E    +  where 500 = &lt;Response [500]&gt;.status_code</failure></testcase></testsuite></testsuites>