<?xml version="1.0" encoding="utf-8"?><testsuites name="pytest tests"><testsuite name="pytest" errors="0" failures="0" skipped="0" tests="13" time="0.976" timestamp="2026-06-11T08:34:48.550892+00:00" hostname="agent-env-e7e33516-be82-44e8-a990-3a46649c1fe6"><testcase classname="tests.test_iter95_slice4d_llm_analyzer_tts.TestSlice4dOrchestrate" name="test_module_exists" time="0.000" /><testcase classname="tests.test_iter95_slice4d_llm_analyzer_tts.TestSlice4dOrchestrate" name="test_factory_exists" time="0.160" /><testcase classname="tests.test_iter95_slice4d_llm_analyzer_tts.TestSlice4dOrchestrate" name="test_routes_removed_from_server" time="0.002" /><testcase classname="tests.test_iter95_slice4d_llm_analyzer_tts.TestSlice4dOrchestrate" name="test_endpoints_still_respond" time="0.453" /><testcase classname="tests.test_iter95_slice4d_llm_analyzer_tts.TestEnhancementLLMAnalyzer" name="test_endpoint_requires_auth" time="0.137" /><testcase classname="tests.test_iter95_slice4d_llm_analyzer_tts.TestEnhancementLLMAnalyzer" name="test_endpoint_defined" time="0.002" /><testcase classname="tests.test_iter95_slice4d_llm_analyzer_tts.TestEnhancementLLMAnalyzer" name="test_frontend_uses_real_analyzer" time="0.000" /><testcase classname="tests.test_iter95_slice4d_llm_analyzer_tts.TestVoiceTTS" name="test_endpoint_requires_auth" time="0.169" /><testcase classname="tests.test_iter95_slice4d_llm_analyzer_tts.TestVoiceTTS" name="test_endpoint_defined" time="0.003" /><testcase classname="tests.test_iter95_slice4d_llm_analyzer_tts.TestVoiceTTS" name="test_component_exists" time="0.000" /><testcase classname="tests.test_iter95_slice4d_llm_analyzer_tts.TestVoiceTTS" name="test_chat_page_wires_tts" time="0.000" /><testcase classname="tests.test_iter95_slice4d_llm_analyzer_tts.TestRegression" name="test_server_under_8950_lines" time="0.001" /><testcase classname="tests.test_iter95_slice4d_llm_analyzer_tts.TestRegression" name="test_all_route_modules_present" time="0.000" /></testsuite></testsuites>