<?xml version="1.0" encoding="utf-8"?><testsuites name="pytest tests"><testsuite name="pytest" errors="0" failures="0" skipped="0" tests="10" time="0.026" timestamp="2026-06-12T11:06:50.943985+00:00" hostname="agent-env-e7e33516-be82-44e8-a990-3a46649c1fe6"><testcase classname="backend.tests.test_iter112_rename_nested_picker" name="test_caly_tile_renamed" time="0.000" /><testcase classname="backend.tests.test_iter112_rename_nested_picker" name="test_bots_tile_replaces_issues" time="0.000" /><testcase classname="backend.tests.test_iter112_rename_nested_picker" name="test_site_issues_page_deleted" time="0.000" /><testcase classname="backend.tests.test_iter112_rename_nested_picker" name="test_app_routes_caly_and_bots" time="0.000" /><testcase classname="backend.tests.test_iter112_rename_nested_picker" name="test_chatbot_programming_accepts_mode_prop" time="0.000" /><testcase classname="backend.tests.test_iter112_rename_nested_picker" name="test_sidebar_groups_projects_by_parent_chat" time="0.000" /><testcase classname="backend.tests.test_iter112_rename_nested_picker" name="test_export_picker_state_and_modal" time="0.000" /><testcase classname="backend.tests.test_iter112_rename_nested_picker" name="test_export_picker_triggered_for_chat_with_multiple_children" time="0.000" /><testcase classname="backend.tests.test_iter112_rename_nested_picker" name="test_header_tight_gap_iter112" time="0.000" /><testcase classname="backend.tests.test_iter112_rename_nested_picker" name="test_compte_button_closer_to_lang" time="0.000" /></testsuite></testsuites>