<?xml version="1.0" encoding="utf-8"?><testsuites name="pytest tests"><testsuite name="pytest" errors="0" failures="0" skipped="0" tests="11" time="9.201" timestamp="2026-05-13T18:20:33.970418+00:00" hostname="agent-env-e7e33516-be82-44e8-a990-3a46649c1fe6"><testcase classname="tests.test_iter44_new_endpoints" name="test_ollama_status_unavailable" time="0.353" /><testcase classname="tests.test_iter44_new_endpoints" name="test_duplicate_project" time="0.990" /><testcase classname="tests.test_iter44_new_endpoints" name="test_duplicate_appears_in_list" time="0.403" /><testcase classname="tests.test_iter44_new_endpoints" name="test_share_enable" time="0.122" /><testcase classname="tests.test_iter44_new_endpoints" name="test_share_disable" time="0.231" /><testcase classname="tests.test_iter44_new_endpoints" name="test_public_share_metadata" time="0.267" /><testcase classname="tests.test_iter44_new_endpoints" name="test_public_share_preview_html" time="0.243" /><testcase classname="tests.test_iter44_new_endpoints" name="test_public_share_unknown_slug_404" time="0.174" /><testcase classname="tests.test_iter44_new_endpoints" name="test_chat_cascade_obscure_model" time="2.500" /><testcase classname="tests.test_iter44_new_endpoints" name="test_github_export_pushes_to_save" time="3.699" /><testcase classname="tests.test_iter44_new_endpoints" name="test_zz_cleanup_seed" time="0.140" /></testsuite></testsuites>