<?xml version="1.0" encoding="utf-8"?><testsuites name="pytest tests"><testsuite name="pytest" errors="0" failures="0" skipped="0" tests="18" time="9.439" timestamp="2026-05-15T15:28:23.272709+00:00" hostname="agent-env-e7e33516-be82-44e8-a990-3a46649c1fe6"><testcase classname="backend.tests.test_iter63_session_pending.TestSessionRequestTTL" name="test_ttl_is_15_minutes" time="0.672" /><testcase classname="backend.tests.test_iter63_session_pending.TestDeviceBindingOneToOne" name="test_409_on_account_mismatch" time="1.138" /><testcase classname="backend.tests.test_iter63_session_pending.TestDeviceBindingOneToOne" name="test_stale_binding_is_cleared" time="0.597" /><testcase classname="backend.tests.test_iter63_session_pending.TestDeviceRegisterInactive" name="test_new_device_role_is_inactive" time="0.114" /><testcase classname="backend.tests.test_iter63_session_pending.TestDevicesListFilter" name="test_mongo_query_filters_inactive" time="0.002" /><testcase classname="backend.tests.test_iter63_session_pending.TestRegression" name="test_canonical_login_still_ok" time="0.431" /><testcase classname="backend.tests.test_iter66_last_seen.TestAuthMeHeartbeat" name="test_me_updates_last_seen_at" time="0.339" /><testcase classname="backend.tests.test_iter66_last_seen.TestLoginInitLastSeen" name="test_login_inits_last_seen_at" time="0.556" /><testcase classname="backend.tests.test_iter66_last_seen.TestStaleSessionNoApprovalPrompt" name="test_stale_session_returns_200" time="0.593" /><testcase classname="backend.tests.test_iter66_last_seen.TestFreshSessionTriggers202" name="test_fresh_session_returns_202" time="0.634" /><testcase classname="backend.tests.test_iter66_last_seen.TestApproveInitLastSeen" name="test_approve_inits_last_seen_at" time="0.951" /><testcase classname="backend.tests.test_iter67_threshold_3min.TestThreshold60Sec" name="test_session_30s_old_triggers_202" time="0.593" /><testcase classname="backend.tests.test_iter67_threshold_3min.TestThreshold60Sec" name="test_session_120s_old_returns_200" time="0.583" /><testcase classname="backend.tests.test_iter67_threshold_3min.TestThreshold60Sec" name="test_session_90s_old_returns_200" time="0.579" /><testcase classname="backend.tests.test_iter68_heartbeat.TestHeartbeatEndpoint" name="test_heartbeat_without_token_401" time="0.119" /><testcase classname="backend.tests.test_iter68_heartbeat.TestHeartbeatEndpoint" name="test_heartbeat_with_invalid_token_401" time="0.112" /><testcase classname="backend.tests.test_iter68_heartbeat.TestHeartbeatEndpoint" name="test_heartbeat_success_updates_last_seen" time="0.354" /><testcase classname="backend.tests.test_iter68_heartbeat.TestThreshold60sSpecScenario" name="test_sessionA_fresh_blocks_then_remove_then_sessionB_stale_allows" time="0.936" /></testsuite></testsuites>