<?xml version="1.0" encoding="utf-8"?><testsuites name="pytest tests"><testsuite name="pytest" errors="0" failures="0" skipped="0" tests="133" time="0.704" timestamp="2026-07-19T13:07:31.670786+00:00" hostname="agent-env-e7e33516-be82-44e8-a990-3a46649c1fe6"><testcase classname="tests.test_iter141_groups_anonymous_public_handle" name="test_groups_matrix_modo" time="0.170" /><testcase classname="tests.test_iter141_groups_anonymous_public_handle" name="test_groups_matrix_users_pending" time="0.000" /><testcase classname="tests.test_iter141_groups_anonymous_public_handle" name="test_groups_matrix_admin" time="0.000" /><testcase classname="tests.test_iter141_groups_anonymous_public_handle" name="test_groups_matrix_private_approved" time="0.000" /><testcase classname="tests.test_iter141_groups_anonymous_public_handle" name="test_groups_matrix_guest" time="0.000" /><testcase classname="tests.test_iter141_groups_anonymous_public_handle" name="test_groups_matrix_creator_all" time="0.000" /><testcase classname="tests.test_iter141_groups_anonymous_public_handle" name="test_groups_matrix_creator_simulated_admin_no_modo" time="0.000" /><testcase classname="tests.test_iter141_groups_anonymous_public_handle" name="test_groups_matrix_creator_simulated_modo" time="0.000" /><testcase classname="tests.test_iter141_groups_anonymous_public_handle" name="test_groups_matrix_creator_simulated_user" time="0.000" /><testcase classname="tests.test_iter141_groups_anonymous_public_handle" name="test_groups_matrix_creator_simulated_guest_only_public" time="0.000" /><testcase classname="tests.test_iter141_groups_anonymous_public_handle" name="test_group_members_endpoint_defined" time="0.006" /><testcase classname="tests.test_iter141_groups_anonymous_public_handle" name="test_anonymous_and_sun_mode_endpoints_defined" time="0.006" /><testcase classname="tests.test_iter141_groups_anonymous_public_handle" name="test_anonymous_toggle_model_present" time="0.000" /><testcase classname="tests.test_iter141_groups_anonymous_public_handle" name="test_public_handle_required_in_register" time="0.272" /><testcase classname="tests.test_iter141_groups_anonymous_public_handle" name="test_public_handle_validation_present" time="0.001" /><testcase classname="tests.test_iter141_groups_anonymous_public_handle" name="test_group_send_stores_public_handle" time="0.005" /><testcase classname="tests.test_iter141_groups_anonymous_public_handle" name="test_view_mode_param_on_groups_endpoints" time="0.000" /><testcase classname="tests.test_iter141_groups_anonymous_public_handle" name="test_creator_invisible_rule_in_members_route" time="0.005" /><testcase classname="tests.test_iter141_groups_anonymous_public_handle" name="test_anonymous_rendering_in_messages" time="0.005" /><testcase classname="tests.test_iter142_bots_and_journal" name="test_bot_analyzer_module_present" time="0.001" /><testcase classname="tests.test_iter142_bots_and_journal" name="test_analyze_message_clean_content" time="0.000" /><testcase classname="tests.test_iter142_bots_and_journal" name="test_analyze_message_keywords_flag" time="0.000" /><testcase classname="tests.test_iter142_bots_and_journal" name="test_analyze_message_flood_detection" time="0.000" /><testcase classname="tests.test_iter142_bots_and_journal" name="test_analyze_message_repeat_detection" time="0.000" /><testcase classname="tests.test_iter142_bots_and_journal" name="test_analyze_message_mention_flood" time="0.000" /><testcase classname="tests.test_iter142_bots_and_journal" name="test_suspicion_threshold" time="0.000" /><testcase classname="tests.test_iter142_bots_and_journal" name="test_journal_endpoint_defined" time="0.004" /><testcase classname="tests.test_iter142_bots_and_journal" name="test_sun_mode_requires_suspicion_for_non_creator" time="0.003" /><testcase classname="tests.test_iter142_bots_and_journal" name="test_creator_anonymous_never_revealed" time="0.004" /><testcase classname="tests.test_iter142_bots_and_journal" name="test_bot_analyzer_hooks_in_groups_send" time="0.004" /><testcase classname="tests.test_iter142_bots_and_journal" name="test_journal_mode_change_signature" time="0.000" /><testcase classname="tests.test_iter142_bots_and_journal" name="test_no_more_backend_prefix_import" time="0.000" /><testcase classname="tests.test_iter142_ux_cleanup" name="test_admin_does_not_see_modo_group" time="0.000" /><testcase classname="tests.test_iter142_ux_cleanup" name="test_guest_sees_public_staff" time="0.000" /><testcase classname="tests.test_iter142_ux_cleanup" name="test_creator_sim_admin_no_modo" time="0.000" /><testcase classname="tests.test_iter142_ux_cleanup" name="test_creator_sim_guest_sees_public_staff" time="0.000" /><testcase classname="tests.test_iter142_ux_cleanup" name="test_messages_endpoint_blocks_history_for_guest_on_public_staff" time="0.005" /><testcase classname="tests.test_iter142_ux_cleanup" name="test_devices_list_enriches_public_handle" time="0.011" /><testcase classname="tests.test_iter142_ux_cleanup" name="test_preview_menu_component_exists" time="0.000" /><testcase classname="tests.test_iter142_ux_cleanup" name="test_landing_uses_preview_menu" time="0.000" /><testcase classname="tests.test_iter142_ux_cleanup" name="test_login_removes_creator_toolbar" time="0.000" /><testcase classname="tests.test_iter142_ux_cleanup" name="test_creator_toolbar_hides_in_simulation" time="0.000" /><testcase classname="tests.test_iter142_ux_cleanup" name="test_accounts_button_shows_only_pseudo_and_handle" time="0.000" /><testcase classname="tests.test_iter142_ux_cleanup" name="test_device_manager_removed_last_seen_and_shows_handle" time="0.000" /><testcase classname="tests.test_iter142_ux_cleanup" name="test_toasts_removed_in_toggles" time="0.000" /><testcase classname="tests.test_iter142_ux_cleanup" name="test_member_actions_bar_has_confirm_for_destructive" time="0.000" /><testcase classname="tests.test_iter142_ux_cleanup" name="test_group_chat_panel_silent_on_403" time="0.000" /><testcase classname="tests.test_iter143_ai_programming_and_export_bot" name="test_registry_has_new_llms" time="0.001" /><testcase classname="tests.test_iter143_ai_programming_and_export_bot" name="test_ai_programming_endpoints_defined" time="0.004" /><testcase classname="tests.test_iter143_ai_programming_and_export_bot" name="test_ai_programming_allowed_fields" time="0.000" /><testcase classname="tests.test_iter143_ai_programming_and_export_bot" name="test_ai_programming_creator_only" time="0.002" /><testcase classname="tests.test_iter143_ai_programming_and_export_bot" name="test_ai_programming_versioning_present" time="0.002" /><testcase classname="tests.test_iter143_ai_programming_and_export_bot" name="test_export_validator_bot_present" time="0.000" /><testcase classname="tests.test_iter143_ai_programming_and_export_bot" name="test_export_bot_report_endpoint_defined" time="0.005" /><testcase classname="tests.test_iter143_ai_programming_and_export_bot" name="test_export_pending_returns_public_handle" time="0.000" /><testcase classname="tests.test_iter143_ai_programming_and_export_bot" name="test_export_request_triggers_bot" time="0.000" /><testcase classname="tests.test_iter143_ai_programming_and_export_bot" name="test_ai_programming_frontend_page_exists" time="0.000" /><testcase classname="tests.test_iter143_ai_programming_and_export_bot" name="test_export_notifier_has_bot_report_button" time="0.000" /><testcase classname="tests.test_iter143_ai_programming_and_export_bot" name="test_accounts_button_removes_duplicate_export_icon" time="0.000" /><testcase classname="tests.test_iter143_ai_programming_and_export_bot" name="test_app_routes_ai_programming" time="0.000" /><testcase classname="tests.test_iter143_ai_programming_and_export_bot" name="test_registry_page_has_ai_programming_link" time="0.000" /><testcase classname="tests.test_iter143_moderation_and_mentions" name="test_moderation_router_defined" time="0.006" /><testcase classname="tests.test_iter143_moderation_and_mentions" name="test_moderation_pick_online_staff_balances_load" time="0.004" /><testcase classname="tests.test_iter143_moderation_and_mentions" name="test_moderation_assignment_timeout" time="0.000" /><testcase classname="tests.test_iter143_moderation_and_mentions" name="test_moderation_actions_include_all_decisions" time="0.004" /><testcase classname="tests.test_iter143_moderation_and_mentions" name="test_moderation_alerts_creator_admin_only" time="0.004" /><testcase classname="tests.test_iter143_moderation_and_mentions" name="test_groups_send_creates_alert_on_suspicion" time="0.000" /><testcase classname="tests.test_iter143_moderation_and_mentions" name="test_mod_alert_modal_present" time="0.000" /><testcase classname="tests.test_iter143_moderation_and_mentions" name="test_mod_alert_modal_toggles_sun_mode" time="0.000" /><testcase classname="tests.test_iter143_moderation_and_mentions" name="test_dashboard_mounts_mod_alert_modal" time="0.000" /><testcase classname="tests.test_iter143_moderation_and_mentions" name="test_mention_input_component_exists" time="0.000" /><testcase classname="tests.test_iter143_moderation_and_mentions" name="test_group_chats_panel_uses_mention_input" time="0.000" /><testcase classname="tests.test_iter143_moderation_and_mentions" name="test_moderation_router_wired_in_server" time="0.001" /><testcase classname="tests.test_iter144_staff_actions_and_founders" name="test_founder_guard_present" time="0.000" /><testcase classname="tests.test_iter144_staff_actions_and_founders" name="test_founder_guard_not_founder_by_default" time="0.000" /><testcase classname="tests.test_iter144_staff_actions_and_founders" name="test_founder_guard_assert_raises" time="0.000" /><testcase classname="tests.test_iter144_staff_actions_and_founders" name="test_staff_actions_router_defined" time="0.005" /><testcase classname="tests.test_iter144_staff_actions_and_founders" name="test_permission_matrix_modo" time="0.000" /><testcase classname="tests.test_iter144_staff_actions_and_founders" name="test_permission_matrix_admin" time="0.000" /><testcase classname="tests.test_iter144_staff_actions_and_founders" name="test_permission_matrix_creator_all" time="0.000" /><testcase classname="tests.test_iter144_staff_actions_and_founders" name="test_default_durations" time="0.000" /><testcase classname="tests.test_iter144_staff_actions_and_founders" name="test_staff_action_founder_guard_used" time="0.003" /><testcase classname="tests.test_iter144_staff_actions_and_founders" name="test_rename_local_creator_view_endpoint" time="0.003" /><testcase classname="tests.test_iter144_staff_actions_and_founders" name="test_staff_actions_icon_bar_component_exists" time="0.000" /><testcase classname="tests.test_iter144_staff_actions_and_founders" name="test_founder_icon_locked" time="0.000" /><testcase classname="tests.test_iter144_staff_actions_and_founders" name="test_ai_programming_responsive_sidebar" time="0.000" /><testcase classname="tests.test_iter144_staff_actions_and_founders" name="test_devices_list_marks_founders" time="0.000" /><testcase classname="tests.test_iter144_staff_actions_and_founders" name="test_founder_guard_registered_on_boot" time="0.001" /><testcase classname="tests.test_iter144_staff_actions_and_founders" name="test_staff_actions_router_wired" time="0.001" /><testcase classname="tests.test_iter144_staff_actions_and_founders" name="test_staff_action_log_present" time="0.003" /><testcase classname="tests.test_iter145_ux_fixes_and_founders" name="test_founder_creators_json_has_two_keys" time="0.000" /><testcase classname="tests.test_iter145_ux_fixes_and_founders" name="test_founder_guard_recognizes_two_keys" time="0.000" /><testcase classname="tests.test_iter145_ux_fixes_and_founders" name="test_export_validator_no_kind_anomaly" time="0.002" /><testcase classname="tests.test_iter145_ux_fixes_and_founders" name="test_export_validator_analyzes_dms" time="0.002" /><testcase classname="tests.test_iter145_ux_fixes_and_founders" name="test_landing_removes_message_button" time="0.000" /><testcase classname="tests.test_iter145_ux_fixes_and_founders" name="test_login_removes_message_button" time="0.000" /><testcase classname="tests.test_iter145_ux_fixes_and_founders" name="test_login_removes_welcome_toast" time="0.000" /><testcase classname="tests.test_iter145_ux_fixes_and_founders" name="test_landing_has_preview_menu_button_before_login_ctas" time="0.000" /><testcase classname="tests.test_iter145_ux_fixes_and_founders" name="test_founder_note_only_two_founders" time="0.001" /><testcase classname="tests.test_iter146_sprint2_wiring" name="test_devicemanager_uses_staff_actions_icon_bar" time="0.000" /><testcase classname="tests.test_iter146_sprint2_wiring" name="test_devicemanager_supports_creator_approval" time="0.000" /><testcase classname="tests.test_iter146_sprint2_wiring" name="test_messagebubble_has_local_rename_button" time="0.000" /><testcase classname="tests.test_iter146_sprint2_wiring" name="test_messagebubble_hooks_before_early_return" time="0.000" /><testcase classname="tests.test_iter146_sprint2_wiring" name="test_group_members_list_component_exists" time="0.000" /><testcase classname="tests.test_iter146_sprint2_wiring" name="test_group_chats_panel_mounts_members_list" time="0.000" /><testcase classname="tests.test_iter146_sprint2_wiring" name="test_auth_session_pending_filters_requesting_device" time="0.002" /><testcase classname="tests.test_iter146_sprint2_wiring" name="test_msgbubble_shows_alias_indicator" time="0.000" /><testcase classname="tests.test_iter146_sprint2_wiring" name="test_group_members_list_shows_role_icons" time="0.000" /><testcase classname="tests.test_iter147_llm_journal_mentions" name="test_bot_analyzer_still_exports_deterministic_layer" time="0.000" /><testcase classname="tests.test_iter147_llm_journal_mentions" name="test_bot_analyzer_has_combined_layer" time="0.000" /><testcase classname="tests.test_iter147_llm_journal_mentions" name="test_bot_analyzer_combined_llm_never_replaces_local" time="0.001" /><testcase classname="tests.test_iter147_llm_journal_mentions" name="test_bot_analyzer_llm_error_does_not_break_local" time="0.002" /><testcase classname="tests.test_iter147_llm_journal_mentions" name="test_bot_analyzer_llm_prompt_targets_subtle_harassment" time="0.000" /><testcase classname="tests.test_iter147_llm_journal_mentions" name="test_alert_doc_stores_both_layers_separately" time="0.000" /><testcase classname="tests.test_iter147_llm_journal_mentions" name="test_mentions_router_exists_and_registered" time="0.001" /><testcase classname="tests.test_iter147_llm_journal_mentions" name="test_mentions_endpoints_are_signed" time="0.000" /><testcase classname="tests.test_iter147_llm_journal_mentions" name="test_mention_notif_hides_author_when_anonymous" time="0.000" /><testcase classname="tests.test_iter147_llm_journal_mentions" name="test_mentions_router_sanitize_never_leaks_hidden_author" time="0.000" /><testcase classname="tests.test_iter147_llm_journal_mentions" name="test_journal_panel_has_three_tabs" time="0.000" /><testcase classname="tests.test_iter147_llm_journal_mentions" name="test_journal_panel_uses_moderation_endpoints" time="0.000" /><testcase classname="tests.test_iter147_llm_journal_mentions" name="test_mention_notifier_component_exists_and_mounted" time="0.000" /><testcase classname="tests.test_iter148_sprint3" name="test_tutorial_route_registered" time="0.000" /><testcase classname="tests.test_iter148_sprint3" name="test_tutorial_page_exists_with_required_steps" time="0.000" /><testcase classname="tests.test_iter148_sprint3" name="test_ai_programming_route_conflict_resolved" time="0.000" /><testcase classname="tests.test_iter148_sprint3" name="test_all_sprint3_routes_present" time="0.000" /><testcase classname="tests.test_iter148_sprint3" name="test_dashboard_has_tutorial_button" time="0.000" /><testcase classname="tests.test_iter148_sprint3" name="test_dashboard_sprint3_cards" time="0.000" /><testcase classname="tests.test_iter148_sprint3" name="test_dashboard_language_toggle_mounted" time="0.000" /><testcase classname="tests.test_iter148_sprint3" name="test_language_context_supports_multiple_languages" time="0.002" /><testcase classname="tests.test_iter148_sprint3" name="test_integrations_page_covers_three_providers" time="0.000" /><testcase classname="tests.test_iter148_sprint3" name="test_agent_registry_page_exists" time="0.000" /><testcase classname="tests.test_iter148_sprint3" name="test_backend_ai_profile_endpoints_registered" time="0.001" /><testcase classname="tests.test_iter148_sprint3" name="test_backend_integrations_endpoints_registered" time="0.001" /></testsuite></testsuites>