<?xml version="1.0" encoding="utf-8"?><testsuites name="pytest tests"><testsuite name="pytest" errors="0" failures="0" skipped="0" tests="15" time="4.096" timestamp="2026-05-14T21:36:39.561681+00:00" hostname="agent-env-e7e33516-be82-44e8-a990-3a46649c1fe6"><testcase classname="backend.tests.test_iter55_ideas_theft" name="test_00_health" time="0.165" /><testcase classname="backend.tests.test_iter55_ideas_theft" name="test_01_ideas_send_anonymous_empty_content" time="0.107" /><testcase classname="backend.tests.test_iter55_ideas_theft" name="test_02_ideas_send_anonymous_with_content" time="0.108" /><testcase classname="backend.tests.test_iter55_ideas_theft" name="test_03_ideas_send_anonymous_invalid_kind_defaults_to_idea" time="0.147" /><testcase classname="backend.tests.test_iter55_ideas_theft" name="test_04_ideas_send_signed_attaches_label" time="0.703" /><testcase classname="backend.tests.test_iter55_ideas_theft" name="test_05_ideas_mine_isolation" time="0.868" /><testcase classname="backend.tests.test_iter55_ideas_theft" name="test_06_ideas_mine_requires_signature" time="0.109" /><testcase classname="backend.tests.test_iter55_ideas_theft" name="test_07_theft_email_request_unknown_email_returns_200" time="0.134" /><testcase classname="backend.tests.test_iter55_ideas_theft" name="test_08_theft_email_request_known_email_returns_200" time="0.294" /><testcase classname="backend.tests.test_iter55_ideas_theft" name="test_09_theft_email_request_invalid_email_rejected" time="0.118" /><testcase classname="backend.tests.test_iter55_ideas_theft" name="test_10_theft_email_confirm_invalid_token" time="0.109" /><testcase classname="backend.tests.test_iter55_ideas_theft" name="test_11_theft_email_confirm_valid_token_revokes_devices" time="0.624" /><testcase classname="backend.tests.test_iter55_ideas_theft" name="test_12_update_pseudo_requires_session" time="0.101" /><testcase classname="backend.tests.test_iter55_ideas_theft" name="test_13_accounts_list_rejects_non_creator" time="0.227" /><testcase classname="backend.tests.test_iter55_ideas_theft" name="test_14_accounts_mute_rejects_non_creator" time="0.227" /></testsuite></testsuites>