<?xml version="1.0" encoding="utf-8"?><testsuites name="pytest tests"><testsuite name="pytest" errors="0" failures="0" skipped="0" tests="8" time="6.250" timestamp="2026-05-14T19:40:14.077015+00:00" hostname="agent-env-e7e33516-be82-44e8-a990-3a46649c1fe6"><testcase classname="backend.tests.test_iter52_smoke" name="test_01_auth_me_smoke" time="0.596" /><testcase classname="backend.tests.test_iter52_smoke" name="test_02_chat_message_wrapper_smoke" time="5.162" /><testcase classname="backend.tests.test_iter52_smoke" name="test_03_messages_inbox_contract" time="0.163" /><testcase classname="backend.tests.test_iter52_smoke" name="test_04_session_decide_error_contract" time="0.261" /><testcase classname="backend.tests.test_iter52_smoke" name="test_05_kick_reason_keys_match_translation_keys" time="0.011" /><testcase classname="backend.tests.test_iter52_smoke" name="test_06_pwd_suggest_translation_keys_exist" time="0.003" /><testcase classname="backend.tests.test_iter52_smoke" name="test_07_header_buttons_have_required_testids" time="0.000" /><testcase classname="backend.tests.test_iter52_smoke" name="test_08_no_capital_creator_string_in_fr" time="0.001" /></testsuite></testsuites>