<?xml version="1.0" encoding="utf-8"?><testsuites name="pytest tests"><testsuite name="pytest" errors="0" failures="0" skipped="0" tests="12" time="7.748" timestamp="2026-05-14T16:12:34.979983+00:00" hostname="agent-env-e7e33516-be82-44e8-a990-3a46649c1fe6"><testcase classname="backend.tests.test_iter48_site_mode_undo" name="test_public_mode_second_device_logs_in_200" time="1.346" /><testcase classname="backend.tests.test_iter48_site_mode_undo" name="test_guest_mode_second_device_logs_in_200" time="0.997" /><testcase classname="backend.tests.test_iter48_site_mode_undo" name="test_private_mode_second_device_returns_202" time="1.057" /><testcase classname="backend.tests.test_iter48_site_mode_undo" name="test_creator_mode_second_device_returns_202" time="1.065" /><testcase classname="backend.tests.test_iter48_site_mode_undo" name="test_revoke_writes_snapshot_on_decision_row" time="0.521" /><testcase classname="backend.tests.test_iter48_site_mode_undo" name="test_undo_revoke_recreates_device_as_pending" time="0.674" /><testcase classname="backend.tests.test_iter48_site_mode_undo" name="test_undo_approve_flips_role_back_to_pending" time="0.641" /><testcase classname="backend.tests.test_iter48_site_mode_undo" name="test_undo_unknown_decision_returns_404" time="0.246" /><testcase classname="backend.tests.test_iter48_site_mode_undo" name="test_undo_without_creator_sig_returns_403" time="0.408" /><testcase classname="backend.tests.test_iter48_site_mode_undo" name="test_undo_logs_fresh_undo_decision" time="0.630" /><testcase classname="backend.tests.test_iter48_site_mode_undo" name="test_kept_creator_key_intact" time="0.001" /><testcase classname="backend.tests.test_iter48_site_mode_undo" name="test_site_mode_restored_to_public_at_end" time="0.004" /></testsuite></testsuites>