<?xml version="1.0" encoding="utf-8"?><testsuites name="pytest tests"><testsuite name="pytest" errors="0" failures="0" skipped="0" tests="123" time="22.569" timestamp="2026-06-14T17:21:26.815595+00:00" hostname="agent-env-e7e33516-be82-44e8-a990-3a46649c1fe6"><testcase classname="tests.test_iter123_decompose_chat.TestChatAdvancedRoutes" name="test_translate_messages_unauthenticated" time="0.121" /><testcase classname="tests.test_iter123_decompose_chat.TestChatAdvancedRoutes" name="test_suggest_enhancements_unauthenticated" time="0.106" /><testcase classname="tests.test_iter123_decompose_chat.TestChatAdvancedRoutes" name="test_tts_unauthenticated" time="0.112" /><testcase classname="tests.test_iter123_decompose_chat.TestChatAdvancedRoutes" name="test_orchestrate_unauthenticated" time="0.092" /><testcase classname="tests.test_iter123_decompose_chat.TestChatAdvancedRoutes" name="test_orchestrate_stream_unauthenticated" time="0.095" /><testcase classname="tests.test_iter123_decompose_chat.TestChatAdvancedRoutes" name="test_test_loop_unauthenticated" time="0.104" /><testcase classname="tests.test_iter123_decompose_chat.TestChatAdvancedRoutes" name="test_chat_stream_unauthenticated" time="0.098" /><testcase classname="tests.test_iter123_decompose_chat.TestChatHistoryRoutes" name="test_history_unauthenticated" time="0.106" /><testcase classname="tests.test_iter123_decompose_chat.TestChatHistoryRoutes" name="test_attach_unauthenticated" time="0.102" /><testcase classname="tests.test_iter123_decompose_chat.TestChatHistoryRoutes" name="test_attach_missing_fields_validation" time="0.112" /><testcase classname="tests.test_iter123_decompose_chat.TestChatGenerateRoutes" name="test_generate_docx_unauthenticated" time="0.096" /><testcase classname="tests.test_iter123_decompose_chat.TestChatGenerateRoutes" name="test_generate_pdf_unauthenticated" time="0.128" /><testcase classname="tests.test_iter123_decompose_chat.TestChatGenerateRoutes" name="test_generate_image_unauthenticated" time="0.096" /><testcase classname="tests.test_iter123_decompose_chat.TestRouteMounting" name="test_extracted_routes_mounted_via_openapi" time="0.006" /><testcase classname="tests.test_iter123_decompose_chat.TestRouteMounting" name="test_routes_still_in_server_intact" time="0.005" /><testcase classname="tests.test_iter123_decompose_chat.TestNoRegressionPrevExtractions" name="test_caly_config_still_works" time="0.105" /><testcase classname="tests.test_iter123_decompose_chat.TestNoRegressionPrevExtractions" name="test_site_issues_still_works" time="0.099" /><testcase classname="tests.test_iter123_decompose_chat.TestNoRegressionPrevExtractions" name="test_preview_demo_still_works" time="0.107" /><testcase classname="tests.test_iter123_decompose_chat.TestNoRegressionPrevExtractions" name="test_projects_list_still_401" time="0.098" /><testcase classname="tests.test_iter123_decompose_chat.TestNoRegressionPrevExtractions" name="test_auth_magic_link_still_works" time="0.099" /><testcase classname="tests.test_iter123_supplement.TestRoutesStillInServer" name="test_auth_login_404_unknown_email" time="0.109" /><testcase classname="tests.test_iter123_supplement.TestRoutesStillInServer" name="test_auth_register_missing_fields" time="0.102" /><testcase classname="tests.test_iter123_supplement.TestRoutesStillInServer" name="test_chat_message_unauth" time="0.097" /><testcase classname="tests.test_iter123_supplement.TestRoutesStillInServer" name="test_chat_models_unauth" time="0.101" /><testcase classname="tests.test_iter123_supplement.TestRoutesStillInServer" name="test_auth_me_unauth" time="0.105" /><testcase classname="tests.test_iter123_supplement.TestRoutesStillInServer" name="test_chat_analyze_attachment_unauth" time="0.099" /><testcase classname="tests.test_iter123_supplement.TestRoutesStillInServer" name="test_chat_export_ipynb_unauth" time="0.116" /><testcase classname="tests.test_iter123_supplement.TestRoutesStillInServer" name="test_chat_export_docx_unauth" time="0.099" /><testcase classname="tests.test_iter123_supplement.TestRegressionPreviousIters" name="test_caly_config" time="0.097" /><testcase classname="tests.test_iter123_supplement.TestRegressionPreviousIters" name="test_site_issues" time="0.099" /><testcase classname="tests.test_iter123_supplement.TestRegressionPreviousIters" name="test_preview_demo_web" time="0.103" /><testcase classname="tests.test_iter123_supplement.TestRegressionPreviousIters" name="test_projects_unauth" time="0.098" /><testcase classname="tests.test_iter123_supplement.TestRegressionPreviousIters" name="test_auth_magic_link_neutral" time="0.104" /><testcase classname="tests.test_iter123_supplement.TestRegressionPreviousIters" name="test_auth_forgot_password_missing" time="0.110" /><testcase classname="tests.test_iter123_supplement.TestRegressionPreviousIters" name="test_exports_pending_rejects_without_valid_key" time="0.099" /><testcase classname="tests.test_iter123_supplement.TestOpenAPI" name="test_openapi_200_and_endpoints" time="0.006" /><testcase classname="tests.test_iter123_supplement.TestAuthenticatedHappyPath" name="test_chat_history_authenticated_returns_list" time="0.338" /><testcase classname="tests.test_iter123_supplement.TestAuthenticatedHappyPath" name="test_chat_stream_authenticated_sse_flow" time="0.909" /><testcase classname="tests.test_iter122_decompose_preview_projects.TestPreviewRoutes" name="test_preview_unknown_id_returns_404_html" time="0.118" /><testcase classname="tests.test_iter122_decompose_preview_projects.TestPreviewRoutes" name="test_preview_project_unknown_returns_404_html" time="0.100" /><testcase classname="tests.test_iter122_decompose_preview_projects.TestPreviewRoutes" name="test_preview_demo_web_returns_200" time="0.114" /><testcase classname="tests.test_iter122_decompose_preview_projects.TestPreviewRoutes" name="test_preview_demo_app_returns_200" time="0.119" /><testcase classname="tests.test_iter122_decompose_preview_projects.TestPreviewRoutes" name="test_preview_demo_unknown_falls_back_to_web" time="0.106" /><testcase classname="tests.test_iter122_decompose_preview_projects.TestVoiceRoutes" name="test_voice_transcribe_unauthenticated" time="0.098" /><testcase classname="tests.test_iter122_decompose_preview_projects.TestProjectsRoutes" name="test_projects_list_unauthenticated_401" time="0.094" /><testcase classname="tests.test_iter122_decompose_preview_projects.TestProjectsRoutes" name="test_projects_get_one_unauthenticated_401" time="0.111" /><testcase classname="tests.test_iter122_decompose_preview_projects.TestProjectsRoutes" name="test_projects_create_unauthenticated_401" time="0.101" /><testcase classname="tests.test_iter122_decompose_preview_projects.TestProjectsRoutes" name="test_projects_update_unauthenticated_401" time="0.101" /><testcase classname="tests.test_iter122_decompose_preview_projects.TestProjectsRoutes" name="test_projects_delete_unauthenticated_401" time="0.112" /><testcase classname="tests.test_iter122_decompose_preview_projects.TestProjectsRoutes" name="test_projects_duplicate_unauthenticated_401" time="0.099" /><testcase classname="tests.test_iter122_decompose_preview_projects.TestProjectsRoutes" name="test_projects_share_unauthenticated_401" time="0.102" /><testcase classname="tests.test_iter122_decompose_preview_projects.TestShareRoutes" name="test_share_unknown_slug_404" time="0.107" /><testcase classname="tests.test_iter122_decompose_preview_projects.TestShareRoutes" name="test_share_preview_unknown_slug_404" time="0.100" /><testcase classname="tests.test_iter122_decompose_preview_projects.TestProjectsAuthenticatedCRUD" name="test_create_then_get_then_update_then_delete" time="0.854" /><testcase classname="tests.test_iter122_decompose_preview_projects.TestProjectsAuthenticatedCRUD" name="test_duplicate_creates_copy" time="0.645" /><testcase classname="tests.test_iter122_decompose_preview_projects.TestRouteMounting" name="test_extracted_routes_in_openapi" time="0.009" /><testcase classname="tests.test_iter121_decompose.TestCalyRoutes" name="test_caly_config_get_returns_default" time="0.100" /><testcase classname="tests.test_iter121_decompose.TestCalyRoutes" name="test_caly_config_post_requires_signature" time="0.106" /><testcase classname="tests.test_iter121_decompose.TestCalyRoutes" name="test_caly_ask_empty_message_400" time="0.094" /><testcase classname="tests.test_iter121_decompose.TestCalyRoutes" name="test_caly_ask_valid_message" time="0.583" /><testcase classname="tests.test_iter121_decompose.TestSiteIssuesRoutes" name="test_issues_list_no_auth" time="0.099" /><testcase classname="tests.test_iter121_decompose.TestSiteIssuesRoutes" name="test_issues_create_requires_signature" time="0.109" /><testcase classname="tests.test_iter121_decompose.TestSiteIssuesRoutes" name="test_issues_update_requires_signature" time="0.099" /><testcase classname="tests.test_iter121_decompose.TestSiteIssuesRoutes" name="test_issues_filter_by_status" time="0.099" /><testcase classname="tests.test_iter121_decompose.TestExportsRoutes" name="test_exports_request_requires_signature" time="0.100" /><testcase classname="tests.test_iter121_decompose.TestExportsRoutes" name="test_exports_decide_requires_creator_signature" time="0.100" /><testcase classname="tests.test_iter121_decompose.TestExportsRoutes" name="test_exports_pending_requires_creator_signature" time="0.101" /><testcase classname="tests.test_iter121_decompose.TestExportsRoutes" name="test_exports_status_requires_signature" time="0.099" /><testcase classname="tests.test_iter121_decompose.TestExportsRoutes" name="test_exports_zip_project_unauthenticated_401" time="0.102" /><testcase classname="tests.test_iter121_decompose.TestRouteMounting" name="test_extracted_routes_in_openapi" time="0.006" /><testcase classname="tests.test_iter120_refactor_heavy_auth.TestAuthSignupVerifyRoutes" name="test_magic_link_unknown_email_neutral_200" time="0.003" /><testcase classname="tests.test_iter120_refactor_heavy_auth.TestAuthSignupVerifyRoutes" name="test_magic_link_bad_email_400" time="0.002" /><testcase classname="tests.test_iter120_refactor_heavy_auth.TestAuthSignupVerifyRoutes" name="test_resend_verification_unknown_email_neutral_200" time="0.003" /><testcase classname="tests.test_iter120_refactor_heavy_auth.TestAuthSignupVerifyRoutes" name="test_resend_verification_bad_email_400" time="0.002" /><testcase classname="tests.test_iter120_refactor_heavy_auth.TestAuthSignupVerifyRoutes" name="test_verify_email_missing_token_400" time="0.002" /><testcase classname="tests.test_iter120_refactor_heavy_auth.TestAuthSignupVerifyRoutes" name="test_verify_email_unknown_token_400" time="0.002" /><testcase classname="tests.test_iter120_refactor_heavy_auth.TestAuthSignupVerifyRoutes" name="test_verification_status_unknown_token_returns_expired" time="0.002" /><testcase classname="tests.test_iter120_refactor_heavy_auth.TestAuthPwResetSessionRoutes" name="test_forgot_password_short_password_400" time="0.003" /><testcase classname="tests.test_iter120_refactor_heavy_auth.TestAuthPwResetSessionRoutes" name="test_forgot_password_bad_email_400" time="0.022" /><testcase classname="tests.test_iter120_refactor_heavy_auth.TestAuthPwResetSessionRoutes" name="test_forgot_password_unknown_email_neutral_200" time="0.023" /><testcase classname="tests.test_iter120_refactor_heavy_auth.TestAuthPwResetSessionRoutes" name="test_reset_password_missing_token_400" time="0.003" /><testcase classname="tests.test_iter120_refactor_heavy_auth.TestAuthPwResetSessionRoutes" name="test_reset_password_short_password_400" time="0.002" /><testcase classname="tests.test_iter120_refactor_heavy_auth.TestAuthPwResetSessionRoutes" name="test_reset_password_unknown_token_400" time="0.003" /><testcase classname="tests.test_iter120_refactor_heavy_auth.TestAuthPwResetSessionRoutes" name="test_confirm_password_reset_no_token_html_error" time="0.002" /><testcase classname="tests.test_iter120_refactor_heavy_auth.TestAuthPwResetSessionRoutes" name="test_confirm_password_reset_fake_token_html_error" time="0.003" /><testcase classname="tests.test_iter120_refactor_heavy_auth.TestAuthPwResetSessionRoutes" name="test_session_request_status_unknown_id_expired" time="0.003" /><testcase classname="tests.test_iter120_refactor_heavy_auth.TestAuthPwResetSessionRoutes" name="test_session_pending_unauthenticated_401" time="0.002" /><testcase classname="tests.test_iter120_refactor_heavy_auth.TestAuthPwResetSessionRoutes" name="test_session_decide_invalid_decision_400" time="0.002" /><testcase classname="tests.test_iter120_refactor_heavy_auth.TestAuthAccountRoutes" name="test_change_password_unauthenticated_401" time="0.002" /><testcase classname="tests.test_iter120_refactor_heavy_auth.TestAuthAccountRoutes" name="test_change_email_unauthenticated_401" time="0.002" /><testcase classname="tests.test_iter120_refactor_heavy_auth.TestAuthAccountRoutes" name="test_delete_me_unauthenticated_401" time="0.002" /><testcase classname="tests.test_iter120_refactor_heavy_auth.TestAuthAccountRoutes" name="test_export_unauthenticated_401" time="0.002" /><testcase classname="tests.test_iter120_refactor_heavy_auth.TestSmsAuthRoutes" name="test_sms_send_demo_mode_returns_code" time="0.003" /><testcase classname="tests.test_iter120_refactor_heavy_auth.TestSmsAuthRoutes" name="test_sms_verify_invalid_code_401" time="0.003" /><testcase classname="tests.test_iter120_refactor_heavy_auth.TestSmsAuthRoutes" name="test_sms_verify_send_then_verify_creates_session" time="0.008" /><testcase classname="tests.test_iter120_refactor_heavy_auth.TestRouteCount" name="test_all_extracted_routes_are_mounted" time="0.005" /><testcase classname="tests.test_chat_iter29.TestChatOnlineFr" name="test_bonjour_fr_is_short_friendly_no_ollama" time="1.518" /><testcase classname="tests.test_chat_iter29.TestChatOnlineEn" name="test_hello_en_returns_english" time="1.034" /><testcase classname="tests.test_chat_iter29.TestChatOfflineFallback" name="test_offline_fr_returns_localized_fallback" time="0.148" /><testcase classname="tests.test_chat_iter29.TestChatOfflineFallback" name="test_offline_en_returns_localized_fallback" time="0.132" /><testcase classname="tests.test_chat_iter29.TestChatAuthGate" name="test_unauth_returns_401" time="0.104" /><testcase classname="tests.test_email_auth.TestLogin" name="test_login_verified_returns_session" time="0.549" /><testcase classname="tests.test_email_auth.TestLogin" name="test_login_unverified_returns_403" time="0.542" /><testcase classname="tests.test_email_auth.TestLogin" name="test_login_wrong_password_returns_401" time="0.557" /><testcase classname="tests.test_email_auth.TestLogin" name="test_login_brute_force_returns_429" time="1.968" /><testcase classname="tests.test_email_auth.TestMeLogout" name="test_me_returns_no_password_hash" time="0.601" /><testcase classname="tests.test_email_auth.TestMeLogout" name="test_me_with_bearer_token" time="0.655" /><testcase classname="tests.test_email_auth.TestMeLogout" name="test_logout_destroys_session" time="0.598" /><testcase classname="tests.test_email_auth.TestDeprecatedRoutes" name="test_auth_session_removed" time="0.101" /><testcase classname="tests.test_email_auth.TestDeprecatedRoutes" name="test_google_login_removed" time="0.128" /><testcase classname="tests.test_email_auth.TestDeprecatedRoutes" name="test_google_callback_removed" time="0.099" /><testcase classname="tests.test_email_auth.TestSMSStillFunctional" name="test_sms_send_and_verify" time="0.209" /><testcase classname="tests.test_email_auth.TestMongoIndexes" name="test_users_email_unique_index" time="0.001" /><testcase classname="tests.test_email_auth.TestMongoIndexes" name="test_collections_exist" time="0.001" /><testcase classname="tests.test_forgot_password_iter30" name="test_00_login_with_original_password" time="0.329" /><testcase classname="tests.test_forgot_password_iter30" name="test_01_forgot_password_short_rejected" time="0.048" /><testcase classname="tests.test_forgot_password_iter30" name="test_02_forgot_password_happy" time="1.161" /><testcase classname="tests.test_forgot_password_iter30" name="test_03_confirm_invalid_token" time="0.066" /><testcase classname="tests.test_forgot_password_iter30" name="test_04_confirm_valid_token_applies_password" time="0.052" /><testcase classname="tests.test_forgot_password_iter30" name="test_05_login_with_new_password" time="0.274" /><testcase classname="tests.test_forgot_password_iter30" name="test_06_old_password_rejected" time="0.271" /><testcase classname="tests.test_forgot_password_iter30" name="test_07_reused_token" time="0.049" /><testcase classname="tests.test_forgot_password_iter30" name="test_08_restore_original_password" time="1.579" /></testsuite></testsuites>