<?xml version="1.0" encoding="utf-8"?><testsuites name="pytest tests"><testsuite name="pytest" errors="0" failures="1" skipped="0" tests="16" time="5.931" timestamp="2026-05-14T14:50:27.057376+00:00" hostname="agent-env-e7e33516-be82-44e8-a990-3a46649c1fe6"><testcase classname="backend.tests.test_iter45_session_pending_webauthn" name="test_site_mode_is_public" time="0.174" /><testcase classname="backend.tests.test_iter45_session_pending_webauthn" name="test_webauthn_has_enrollment_shape" time="0.112" /><testcase classname="backend.tests.test_iter45_session_pending_webauthn" name="test_login_without_device_key_id" time="1.250" /><testcase classname="backend.tests.test_iter45_session_pending_webauthn" name="test_login_first_device_with_key_succeeds" time="1.098" /><testcase classname="backend.tests.test_iter45_session_pending_webauthn" name="test_second_device_login_returns_202_pending" time="0.418" /><testcase classname="backend.tests.test_iter45_session_pending_webauthn" name="test_status_pending" time="0.129" /><testcase classname="backend.tests.test_iter45_session_pending_webauthn" name="test_session_pending_lists_request_for_first_device" time="0.147" /><testcase classname="backend.tests.test_iter45_session_pending_webauthn" name="test_decide_approve" time="0.118" /><testcase classname="backend.tests.test_iter45_session_pending_webauthn" name="test_status_after_approve_issues_session" time="0.156" /><testcase classname="backend.tests.test_iter45_session_pending_webauthn" name="test_request_consumed_after_approval" time="0.141" /><testcase classname="backend.tests.test_iter45_session_pending_webauthn" name="test_deny_flow_end_to_end" time="1.663" /><testcase classname="backend.tests.test_iter45_session_pending_webauthn" name="test_webauthn_register_options_requires_creator" time="0.123" /><testcase classname="backend.tests.test_iter45_session_pending_webauthn" name="test_webauthn_register_verify_requires_creator" time="0.119" /><testcase classname="backend.tests.test_iter45_session_pending_webauthn" name="test_webauthn_declare_theft_options_requires_known_device" time="0.136" /><testcase classname="backend.tests.test_iter45_session_pending_webauthn" name="test_kept_creator_device_still_present" time="0.005" /><testcase classname="backend.tests.test_iter45_session_pending_webauthn" name="test_no_other_device_keys_exist" time="0.001"><failure message="AssertionError: unexpected extra device_keys present (state drift since iter_45 reset): [{'key_id': 'dev_7f5990ebc7306c0a20314412cfb92b48', 'role': 'pending', 'label': 'HeadlessChrome/145.0.7632.0 Safari/537.36'}, {'key_id': 'dev_bcd32fcb7a8abb1f3f2bbc1139dd7b7e', 'role': 'pending', 'label': 'Gecko/20100101 Firefox/150.0'}, {'key_id': 'dev_ee1ac1e08089027b40e15c488bb0ad60', 'role': 'pending', 'label': 'HeadlessChrome/145.0.7632.0 Safari/537.36'}]&#10;assert not [{'key_id': 'dev_7f5990ebc7306c0a20314412cfb92b48', 'label': 'HeadlessChrome/145.0.7632.0 Safari/537.36', 'role': 'pending'}, {'key_id': 'dev_bcd32fcb7a8abb1f3f2bbc1139dd7b7e', 'label': 'Gecko/20100101 Firefox/150.0', 'role': 'pending'}, {'key_id': 'dev_ee1ac1e08089027b40e15c488bb0ad60', 'label': 'HeadlessChrome/145.0.7632.0 Safari/537.36', 'role': 'pending'}]">E   AssertionError: unexpected extra device_keys present (state drift since iter_45 reset): [{'key_id': 'dev_7f5990ebc7306c0a20314412cfb92b48', 'role': 'pending', 'label': 'HeadlessChrome/145.0.7632.0 Safari/537.36'}, {'key_id': 'dev_bcd32fcb7a8abb1f3f2bbc1139dd7b7e', 'role': 'pending', 'label': 'Gecko/20100101 Firefox/150.0'}, {'key_id': 'dev_ee1ac1e08089027b40e15c488bb0ad60', 'role': 'pending', 'label': 'HeadlessChrome/145.0.7632.0 Safari/537.36'}]
    assert not [{'key_id': 'dev_7f5990ebc7306c0a20314412cfb92b48', 'label': 'HeadlessChrome/145.0.7632.0 Safari/537.36', 'role': 'pending'}, {'key_id': 'dev_bcd32fcb7a8abb1f3f2bbc1139dd7b7e', 'label': 'Gecko/20100101 Firefox/150.0', 'role': 'pending'}, {'key_id': 'dev_ee1ac1e08089027b40e15c488bb0ad60', 'label': 'HeadlessChrome/145.0.7632.0 Safari/537.36', 'role': 'pending'}]</failure></testcase></testsuite></testsuites>