<?xml version="1.0" encoding="utf-8"?><testsuites name="pytest tests"><testsuite name="pytest" errors="0" failures="0" skipped="0" tests="5" time="4.215" timestamp="2026-05-15T12:28:45.433500+00:00" hostname="agent-env-e7e33516-be82-44e8-a990-3a46649c1fe6"><testcase classname="backend.tests.test_iter65_multi_device_e2e.TestMultiDeviceApproveE2E" name="test_full_approve_flow" time="1.216" /><testcase classname="backend.tests.test_iter65_multi_device_e2e.TestMultiDeviceDenyE2E" name="test_full_deny_flow" time="1.089" /><testcase classname="backend.tests.test_iter65_multi_device_e2e.TestSessionRequestExpiration" name="test_polling_auto_expires" time="0.345" /><testcase classname="backend.tests.test_iter65_multi_device_e2e.TestDeviceEmailBinding" name="test_email_set_on_successful_login" time="0.604" /><testcase classname="backend.tests.test_iter65_multi_device_e2e.TestDeviceEmailBinding" name="test_409_on_email_mismatch" time="0.777" /></testsuite></testsuites>