<?xml version="1.0" encoding="utf-8"?><testsuites name="pytest tests"><testsuite name="pytest" errors="0" failures="0" skipped="0" tests="18" time="4.501" timestamp="2026-06-14T16:57:08.545557+00:00" hostname="agent-env-e7e33516-be82-44e8-a990-3a46649c1fe6"><testcase classname="tests.test_iter123_supplement.TestRoutesStillInServer" name="test_auth_login_404_unknown_email" time="0.186" /><testcase classname="tests.test_iter123_supplement.TestRoutesStillInServer" name="test_auth_register_missing_fields" time="0.098" /><testcase classname="tests.test_iter123_supplement.TestRoutesStillInServer" name="test_chat_message_unauth" time="0.103" /><testcase classname="tests.test_iter123_supplement.TestRoutesStillInServer" name="test_chat_models_unauth" time="0.100" /><testcase classname="tests.test_iter123_supplement.TestRoutesStillInServer" name="test_auth_me_unauth" time="0.095" /><testcase classname="tests.test_iter123_supplement.TestRoutesStillInServer" name="test_chat_analyze_attachment_unauth" time="0.095" /><testcase classname="tests.test_iter123_supplement.TestRoutesStillInServer" name="test_chat_export_ipynb_unauth" time="0.099" /><testcase classname="tests.test_iter123_supplement.TestRoutesStillInServer" name="test_chat_export_docx_unauth" time="0.146" /><testcase classname="tests.test_iter123_supplement.TestRegressionPreviousIters" name="test_caly_config" time="0.101" /><testcase classname="tests.test_iter123_supplement.TestRegressionPreviousIters" name="test_site_issues" time="0.128" /><testcase classname="tests.test_iter123_supplement.TestRegressionPreviousIters" name="test_preview_demo_web" time="0.103" /><testcase classname="tests.test_iter123_supplement.TestRegressionPreviousIters" name="test_projects_unauth" time="0.112" /><testcase classname="tests.test_iter123_supplement.TestRegressionPreviousIters" name="test_auth_magic_link_neutral" time="0.180" /><testcase classname="tests.test_iter123_supplement.TestRegressionPreviousIters" name="test_auth_forgot_password_missing" time="0.098" /><testcase classname="tests.test_iter123_supplement.TestRegressionPreviousIters" name="test_exports_pending_rejects_without_valid_key" time="0.104" /><testcase classname="tests.test_iter123_supplement.TestOpenAPI" name="test_openapi_200_and_endpoints" time="0.071" /><testcase classname="tests.test_iter123_supplement.TestAuthenticatedHappyPath" name="test_chat_history_authenticated_returns_list" time="0.338" /><testcase classname="tests.test_iter123_supplement.TestAuthenticatedHappyPath" name="test_chat_stream_authenticated_sse_flow" time="2.305" /></testsuite></testsuites>