<?xml version="1.0" encoding="utf-8"?><testsuites name="pytest tests"><testsuite name="pytest" errors="0" failures="0" skipped="5" tests="21" time="9.235" timestamp="2026-04-30T13:59:29.253030+00:00" hostname="agent-env-e7e33516-be82-44e8-a990-3a46649c1fe6"><testcase classname="backend.tests.test_email_auth.TestRegister" name="test_register_returns_demo_link" time="0.395" /><testcase classname="backend.tests.test_email_auth.TestRegister" name="test_register_invalid_email_returns_400" time="0.151" /><testcase classname="backend.tests.test_email_auth.TestRegister" name="test_register_short_password_returns_400" time="0.112" /><testcase classname="backend.tests.test_email_auth.TestRegister" name="test_register_existing_verified_returns_409" time="0.000"><skipped type="pytest.skip" message="Mongo env vars missing">/app/backend/tests/test_email_auth.py:70: Mongo env vars missing</skipped></testcase><testcase classname="backend.tests.test_email_auth.TestRegister" name="test_register_existing_unverified_resends_link" time="0.692" /><testcase classname="backend.tests.test_email_auth.TestVerifyEmail" name="test_invalid_token_returns_400" time="0.109" /><testcase classname="backend.tests.test_email_auth.TestVerifyEmail" name="test_valid_token_creates_session" time="0.468" /><testcase classname="backend.tests.test_email_auth.TestVerifyEmail" name="test_expired_token_returns_400" time="0.000"><skipped type="pytest.skip" message="Mongo env vars missing">/app/backend/tests/test_email_auth.py:124: Mongo env vars missing</skipped></testcase><testcase classname="backend.tests.test_email_auth.TestLogin" name="test_login_verified_returns_session" time="0.828" /><testcase classname="backend.tests.test_email_auth.TestLogin" name="test_login_unverified_returns_403" time="0.680" /><testcase classname="backend.tests.test_email_auth.TestLogin" name="test_login_wrong_password_returns_401" time="0.821" /><testcase classname="backend.tests.test_email_auth.TestLogin" name="test_login_brute_force_returns_429" time="2.397" /><testcase classname="backend.tests.test_email_auth.TestMeLogout" name="test_me_returns_no_password_hash" time="0.871" /><testcase classname="backend.tests.test_email_auth.TestMeLogout" name="test_me_with_bearer_token" time="0.955" /><testcase classname="backend.tests.test_email_auth.TestMeLogout" name="test_logout_destroys_session" time="0.000"><skipped type="pytest.skip" message="Mongo env vars missing">/app/backend/tests/test_email_auth.py:223: Mongo env vars missing</skipped></testcase><testcase classname="backend.tests.test_email_auth.TestDeprecatedRoutes" name="test_auth_session_removed" time="0.158" /><testcase classname="backend.tests.test_email_auth.TestDeprecatedRoutes" name="test_google_login_removed" time="0.122" /><testcase classname="backend.tests.test_email_auth.TestDeprecatedRoutes" name="test_google_callback_removed" time="0.120" /><testcase classname="backend.tests.test_email_auth.TestSMSStillFunctional" name="test_sms_send_and_verify" time="0.231" /><testcase classname="backend.tests.test_email_auth.TestMongoIndexes" name="test_users_email_unique_index" time="0.000"><skipped type="pytest.skip" message="Mongo env vars missing">/app/backend/tests/test_email_auth.py:272: Mongo env vars missing</skipped></testcase><testcase classname="backend.tests.test_email_auth.TestMongoIndexes" name="test_collections_exist" time="0.000"><skipped type="pytest.skip" message="Mongo env vars missing">/app/backend/tests/test_email_auth.py:281: Mongo env vars missing</skipped></testcase></testsuite></testsuites>