<?xml version="1.0" encoding="utf-8"?><testsuites name="pytest tests"><testsuite name="pytest" errors="0" failures="0" skipped="0" tests="16" time="2.771" timestamp="2026-04-01T01:10:35.025446+00:00" hostname="agent-env-03b769e5-688e-46cb-9b0a-7bd483e9c12b"><testcase classname="backend.tests.test_codeforge_api.TestHealthEndpoints" name="test_health_check" time="0.192" /><testcase classname="backend.tests.test_codeforge_api.TestHealthEndpoints" name="test_root_endpoint" time="0.100" /><testcase classname="backend.tests.test_codeforge_api.TestPreviewDemoEndpoints" name="test_preview_demo_web" time="0.106" /><testcase classname="backend.tests.test_codeforge_api.TestPreviewDemoEndpoints" name="test_preview_demo_pdf" time="0.111" /><testcase classname="backend.tests.test_codeforge_api.TestPreviewDemoEndpoints" name="test_preview_demo_docx" time="0.126" /><testcase classname="backend.tests.test_codeforge_api.TestPreviewDemoEndpoints" name="test_preview_demo_app" time="0.104" /><testcase classname="backend.tests.test_codeforge_api.TestPreviewDemoEndpoints" name="test_preview_demo_image" time="0.114" /><testcase classname="backend.tests.test_codeforge_api.TestSMSAuthentication" name="test_sms_send_code" time="0.125" /><testcase classname="backend.tests.test_codeforge_api.TestSMSAuthentication" name="test_sms_verify_code" time="0.268" /><testcase classname="backend.tests.test_codeforge_api.TestSMSAuthentication" name="test_sms_verify_invalid_code" time="0.112" /><testcase classname="backend.tests.test_codeforge_api.TestAuthenticatedEndpoints" name="test_auth_me_with_session" time="0.249" /><testcase classname="backend.tests.test_codeforge_api.TestAuthenticatedEndpoints" name="test_auth_me_without_session" time="0.103" /><testcase classname="backend.tests.test_codeforge_api.TestAuthenticatedEndpoints" name="test_logout" time="0.218" /><testcase classname="backend.tests.test_codeforge_api.TestProjectEndpoints" name="test_create_project" time="0.223" /><testcase classname="backend.tests.test_codeforge_api.TestProjectEndpoints" name="test_get_projects" time="0.246" /><testcase classname="backend.tests.test_codeforge_api.TestProjectEndpoints" name="test_chat_history" time="0.261" /></testsuite></testsuites>