<?xml version="1.0" encoding="utf-8"?><testsuites name="pytest tests"><testsuite name="pytest" errors="0" failures="0" skipped="0" tests="9" time="3.521" timestamp="2026-04-30T14:14:05.543001+00:00" hostname="agent-env-e7e33516-be82-44e8-a990-3a46649c1fe6"><testcase classname="backend.tests.test_verify_flow_iter22.TestRegisterResponse" name="test_register_returns_token_ttl_link" time="0.528" /><testcase classname="backend.tests.test_verify_flow_iter22.TestPollingLifecycle" name="test_pending_then_verified_then_expired_singleuse" time="0.833" /><testcase classname="backend.tests.test_verify_flow_iter22.TestExpiredLinkMessage" name="test_expired_token_exact_message" time="0.510" /><testcase classname="backend.tests.test_verify_flow_iter22.TestExpiredLinkMessage" name="test_verification_status_expired_after_ttl" time="0.412" /><testcase classname="backend.tests.test_verify_flow_iter22.TestGuideEndpoint" name="test_guide_returns_html" time="0.117" /><testcase classname="backend.tests.test_verify_flow_iter22.TestRemovedRoutes" name="test_google_login_removed" time="0.126" /><testcase classname="backend.tests.test_verify_flow_iter22.TestRemovedRoutes" name="test_google_callback_removed" time="0.144" /><testcase classname="backend.tests.test_verify_flow_iter22.TestRemovedRoutes" name="test_auth_session_removed" time="0.115" /><testcase classname="backend.tests.test_verify_flow_iter22.TestLoginAfterVerify" name="test_login_works_post_verification" time="0.665" /></testsuite></testsuites>