<?xml version="1.0" encoding="utf-8"?><testsuites name="pytest tests"><testsuite name="pytest" errors="0" failures="1" skipped="0" tests="9" time="4.378" timestamp="2026-04-30T14:41:28.820032+00:00" hostname="agent-env-e7e33516-be82-44e8-a990-3a46649c1fe6"><testcase classname="backend.tests.test_resend_iter23.TestResendVerification" name="test_unverified_returns_link_and_token" time="0.676"><failure message="AssertionError: assert 'test_iter23_...576@gmail.com' == 'TEST_iter23_...576@gmail.com'&#10;  &#10;  - TEST_iter23_7450986576@gmail.com&#10;  ? ^^^^&#10;  + test_iter23_7450986576@gmail.com&#10;  ? ^^^^">backend/tests/test_resend_iter23.py:43: in test_unverified_returns_link_and_token
    assert body.get("email") == email
E   AssertionError: assert 'test_iter23_...576@gmail.com' == 'TEST_iter23_...576@gmail.com'
E     
E     - TEST_iter23_7450986576@gmail.com
E     ? ^^^^
E     + test_iter23_7450986576@gmail.com
E     ? ^^^^</failure></testcase><testcase classname="backend.tests.test_resend_iter23.TestResendVerification" name="test_already_verified_returns_neutral_no_link" time="0.619" /><testcase classname="backend.tests.test_resend_iter23.TestResendVerification" name="test_unknown_email_returns_neutral_no_link" time="0.186" /><testcase classname="backend.tests.test_resend_iter23.TestResendVerification" name="test_invalid_email_returns_400" time="0.134" /><testcase classname="backend.tests.test_resend_iter23.TestResendVerification" name="test_rate_limit_4th_call_is_429" time="0.854" /><testcase classname="backend.tests.test_resend_iter23.TestResendVerification" name="test_resend_invalidates_previous_token" time="0.726" /><testcase classname="backend.tests.test_resend_iter23.TestNonRegression" name="test_register_verify_login" time="0.633" /><testcase classname="backend.tests.test_resend_iter23.TestNonRegression" name="test_guide_endpoint_returns_html" time="0.123" /><testcase classname="backend.tests.test_resend_iter23.TestNonRegression" name="test_legacy_routes_404" time="0.363" /></testsuite></testsuites>