<?xml version="1.0" encoding="utf-8"?><testsuites name="pytest tests"><testsuite name="pytest" errors="0" failures="0" skipped="2" tests="5" time="0.726" timestamp="2026-04-28T13:59:42.244833+00:00" hostname="agent-env-e7e33516-be82-44e8-a990-3a46649c1fe6"><testcase classname="backend.tests.test_redeploy_webhook.TestRedeployAuth" name="test_no_secret_header_returns_401" time="0.280" /><testcase classname="backend.tests.test_redeploy_webhook.TestRedeployAuth" name="test_wrong_secret_returns_401" time="0.111" /><testcase classname="backend.tests.test_redeploy_webhook.TestHealth" name="test_health_endpoint" time="0.158" /><testcase classname="backend.tests.test_redeploy_webhook.TestRedeployHappyPath" name="test_redeploy_succeeds_and_preserves_env" time="0.000"><skipped type="pytest.skip" message="Happy path triggers `git reset --hard` and overwrites uncommitted local changes. Set RUN_REDEPLOY_HAPPY_PATH=1 only when local == origin/main.">/app/backend/tests/test_redeploy_webhook.py:64: Happy path triggers `git reset --hard` and overwrites uncommitted local changes. Set RUN_REDEPLOY_HAPPY_PATH=1 only when local == origin/main.</skipped></testcase><testcase classname="backend.tests.test_redeploy_webhook.TestRedeployHappyPath" name="test_health_still_healthy_after_redeploy" time="0.000"><skipped type="pytest.skip" message="Happy path triggers `git reset --hard` and overwrites uncommitted local changes. Set RUN_REDEPLOY_HAPPY_PATH=1 only when local == origin/main.">/app/backend/tests/test_redeploy_webhook.py:80: Happy path triggers `git reset --hard` and overwrites uncommitted local changes. Set RUN_REDEPLOY_HAPPY_PATH=1 only when local == origin/main.</skipped></testcase></testsuite></testsuites>