<?xml version="1.0" encoding="utf-8"?><testsuites name="pytest tests"><testsuite name="pytest" errors="0" failures="0" skipped="3" tests="103" time="70.259" timestamp="2026-04-30T16:15:54.112944+00:00" hostname="agent-env-e7e33516-be82-44e8-a990-3a46649c1fe6"><testcase classname="" name="backend.tests.test_e2e_login" time="0.000"><skipped message="collection skipped">('/app/backend/tests/test_e2e_login.py', 17, "Skipped: could not import 'playwright': No module named 'playwright'")</skipped></testcase><testcase classname="backend.tests.test_auth_routes.TestSMSAuth" name="test_send_returns_code_in_demo_mode" time="0.187" /><testcase classname="backend.tests.test_auth_routes.TestSMSAuth" name="test_verify_with_wrong_code_returns_401" time="0.271" /><testcase classname="backend.tests.test_auth_routes.TestSMSAuth" name="test_verify_succeeds_creates_session" time="0.229" /><testcase classname="backend.tests.test_auth_routes.TestAuthMe" name="test_me_unauth_returns_401" time="0.121" /><testcase classname="backend.tests.test_auth_routes.TestAuthMe" name="test_me_authed_returns_user" time="0.275" /><testcase classname="backend.tests.test_auth_routes.TestLogout" name="test_logout_clears_session" time="0.327" /><testcase classname="backend.tests.test_auth_routes.TestSessionOAuth" name="test_legacy_session_route_is_gone" time="0.127" /><testcase classname="backend.tests.test_auth_routes.TestMetrics" name="test_metrics_endpoint" time="0.749" /><testcase classname="backend.tests.test_email_auth.TestRegister" name="test_register_returns_demo_link" time="0.654" /><testcase classname="backend.tests.test_email_auth.TestRegister" name="test_register_invalid_email_returns_400" time="0.113" /><testcase classname="backend.tests.test_email_auth.TestRegister" name="test_register_short_password_returns_400" time="0.114" /><testcase classname="backend.tests.test_email_auth.TestRegister" name="test_register_existing_verified_returns_409" time="0.741" /><testcase classname="backend.tests.test_email_auth.TestRegister" name="test_register_existing_unverified_resends_link" time="1.151" /><testcase classname="backend.tests.test_email_auth.TestVerifyEmail" name="test_invalid_token_returns_400" time="0.127" /><testcase classname="backend.tests.test_email_auth.TestVerifyEmail" name="test_valid_token_creates_session" time="0.754" /><testcase classname="backend.tests.test_email_auth.TestVerifyEmail" name="test_expired_token_returns_400" time="0.676" /><testcase classname="backend.tests.test_email_auth.TestLogin" name="test_login_verified_returns_session" time="1.618" /><testcase classname="backend.tests.test_email_auth.TestLogin" name="test_login_unverified_returns_403" time="0.891" /><testcase classname="backend.tests.test_email_auth.TestLogin" name="test_login_wrong_password_returns_401" time="1.010" /><testcase classname="backend.tests.test_email_auth.TestLogin" name="test_login_brute_force_returns_429" time="2.617" /><testcase classname="backend.tests.test_email_auth.TestMeLogout" name="test_me_returns_no_password_hash" time="1.023" /><testcase classname="backend.tests.test_email_auth.TestMeLogout" name="test_me_with_bearer_token" time="1.161" /><testcase classname="backend.tests.test_email_auth.TestMeLogout" name="test_logout_destroys_session" time="1.107" /><testcase classname="backend.tests.test_email_auth.TestDeprecatedRoutes" name="test_auth_session_removed" time="0.113" /><testcase classname="backend.tests.test_email_auth.TestDeprecatedRoutes" name="test_google_login_removed" time="0.136" /><testcase classname="backend.tests.test_email_auth.TestDeprecatedRoutes" name="test_google_callback_removed" time="0.129" /><testcase classname="backend.tests.test_email_auth.TestSMSStillFunctional" name="test_sms_send_and_verify" time="0.225" /><testcase classname="backend.tests.test_email_auth.TestMongoIndexes" name="test_users_email_unique_index" time="0.001" /><testcase classname="backend.tests.test_email_auth.TestMongoIndexes" name="test_collections_exist" time="0.001" /><testcase classname="backend.tests.test_iter25_session.TestChangePassword" name="test_no_auth_401" time="0.131" /><testcase classname="backend.tests.test_iter25_session.TestChangePassword" name="test_wrong_current_401" time="1.103" /><testcase classname="backend.tests.test_iter25_session.TestChangePassword" name="test_short_new_400" time="0.960" /><testcase classname="backend.tests.test_iter25_session.TestChangePassword" name="test_success_old_refused_new_accepted_session_kept" time="2.763" /><testcase classname="backend.tests.test_iter25_session.TestChangeEmail" name="test_no_auth_401" time="0.109" /><testcase classname="backend.tests.test_iter25_session.TestChangeEmail" name="test_wrong_password_401" time="1.103" /><testcase classname="backend.tests.test_iter25_session.TestChangeEmail" name="test_same_email_400" time="1.102" /><testcase classname="backend.tests.test_iter25_session.TestChangeEmail" name="test_taken_email_409" time="1.997" /><testcase classname="backend.tests.test_iter25_session.TestChangeEmail" name="test_success_link_then_apply" time="1.557" /><testcase classname="backend.tests.test_iter25_session.TestDeleteAccount" name="test_no_auth_401" time="0.106" /><testcase classname="backend.tests.test_iter25_session.TestDeleteAccount" name="test_wrong_pwd_401" time="1.151" /><testcase classname="backend.tests.test_iter25_session.TestDeleteAccount" name="test_success_cascade" time="1.485" /><testcase classname="backend.tests.test_iter25_session.TestExport" name="test_no_auth_401" time="0.114" /><testcase classname="backend.tests.test_iter25_session.TestExport" name="test_export_shape" time="0.961" /><testcase classname="backend.tests.test_iter25_session.TestMagicLink" name="test_unknown_email_neutral" time="0.175" /><testcase classname="backend.tests.test_iter25_session.TestMagicLink" name="test_unverified_neutral" time="0.680" /><testcase classname="backend.tests.test_iter25_session.TestMagicLink" name="test_verified_returns_token" time="1.203" /><testcase classname="backend.tests.test_iter25_session.TestMagicLink" name="test_rate_limit_4th_429" time="2.077" /><testcase classname="backend.tests.test_iter25_session.TestMagicLink" name="test_click_link_then_poll_status" time="1.479" /><testcase classname="backend.tests.test_iter25_session.TestFeedback" name="test_too_short_400" time="0.155" /><testcase classname="backend.tests.test_iter25_session.TestFeedback" name="test_too_long_400" time="0.136" /><testcase classname="backend.tests.test_iter25_session.TestFeedback" name="test_anonymous_ok" time="0.293" /><testcase classname="backend.tests.test_iter25_session.TestFeedback" name="test_invalid_type_falls_back" time="0.314" /><testcase classname="backend.tests.test_iter25_session.TestFeedback" name="test_authenticated_uses_user_email" time="1.213" /><testcase classname="backend.tests.test_iter25_session.TestRegression" name="test_health" time="0.173" /><testcase classname="backend.tests.test_iter25_session.TestRegression" name="test_metrics" time="0.139" /><testcase classname="backend.tests.test_iter25_session.TestRegression" name="test_guide" time="0.126" /><testcase classname="backend.tests.test_iter25_session.TestRegression" name="test_google_routes_404" time="0.428" /><testcase classname="backend.tests.test_password_reset_iter24.TestHealth" name="test_health_returns_200_and_checks" time="0.152" /><testcase classname="backend.tests.test_password_reset_iter24.TestForgotPassword" name="test_unknown_email_neutral" time="0.143" /><testcase classname="backend.tests.test_password_reset_iter24.TestForgotPassword" name="test_unverified_email_neutral" time="0.719" /><testcase classname="backend.tests.test_password_reset_iter24.TestForgotPassword" name="test_verified_email_returns_email_sent_field" time="1.035" /><testcase classname="backend.tests.test_password_reset_iter24.TestForgotPassword" name="test_invalid_email_format_400" time="0.133" /><testcase classname="backend.tests.test_password_reset_iter24.TestForgotPassword" name="test_rate_limit_4th_call_429" time="1.835" /><testcase classname="backend.tests.test_password_reset_iter24.TestResetPassword" name="test_reset_with_valid_token_old_pwd_fails_new_works" time="2.131" /><testcase classname="backend.tests.test_password_reset_iter24.TestResetPassword" name="test_reset_invalid_token_400" time="0.203" /><testcase classname="backend.tests.test_password_reset_iter24.TestResetPassword" name="test_reset_short_password_400" time="1.197" /><testcase classname="backend.tests.test_password_reset_iter24.TestResetPassword" name="test_reset_expired_token_400" time="1.258" /><testcase classname="backend.tests.test_password_reset_iter24.TestResetPassword" name="test_reset_token_single_use" time="1.471" /><testcase classname="backend.tests.test_password_reset_iter24.TestResetPassword" name="test_existing_session_invalidated_after_reset" time="2.009" /><testcase classname="backend.tests.test_password_reset_iter24.TestNonRegression" name="test_full_email_auth_flow" time="1.524" /><testcase classname="backend.tests.test_password_reset_iter24.TestNonRegression" name="test_metrics_ok" time="0.132" /><testcase classname="backend.tests.test_password_reset_iter24.TestNonRegression" name="test_guide_ok" time="0.131" /><testcase classname="backend.tests.test_password_reset_iter24.TestNonRegression" name="test_sms_send_ok" time="0.214" /><testcase classname="backend.tests.test_password_reset_iter24.TestNonRegression" name="test_removed_routes_404" time="0.516" /><testcase classname="backend.tests.test_password_reset_iter24.TestNonRegression" name="test_password_hash_not_leaked_on_login" time="1.463" /><testcase classname="backend.tests.test_phase4_user_stats" name="test_health_healthy" time="0.141" /><testcase classname="backend.tests.test_phase4_user_stats" name="test_user_stats_requires_auth" time="0.168" /><testcase classname="backend.tests.test_phase4_user_stats" name="test_admin_redeploy_no_secret_401" time="0.137" /><testcase classname="backend.tests.test_phase4_user_stats" name="test_user_stats_with_sms_session" time="0.377" /><testcase classname="backend.tests.test_redeploy_webhook.TestRedeployAuth" name="test_no_secret_header_returns_401" time="0.277" /><testcase classname="backend.tests.test_redeploy_webhook.TestRedeployAuth" name="test_wrong_secret_returns_401" time="0.247" /><testcase classname="backend.tests.test_redeploy_webhook.TestHealth" name="test_health_endpoint" time="0.250" /><testcase classname="backend.tests.test_redeploy_webhook.TestRedeployHappyPath" name="test_redeploy_succeeds_and_preserves_env" time="0.000"><skipped type="pytest.skip" message="Happy path triggers `git reset --hard` and overwrites uncommitted local changes. Set RUN_REDEPLOY_HAPPY_PATH=1 only when local == origin/main.">/app/backend/tests/test_redeploy_webhook.py:64: Happy path triggers `git reset --hard` and overwrites uncommitted local changes. Set RUN_REDEPLOY_HAPPY_PATH=1 only when local == origin/main.</skipped></testcase><testcase classname="backend.tests.test_redeploy_webhook.TestRedeployHappyPath" name="test_health_still_healthy_after_redeploy" time="0.000"><skipped type="pytest.skip" message="Happy path triggers `git reset --hard` and overwrites uncommitted local changes. Set RUN_REDEPLOY_HAPPY_PATH=1 only when local == origin/main.">/app/backend/tests/test_redeploy_webhook.py:80: Happy path triggers `git reset --hard` and overwrites uncommitted local changes. Set RUN_REDEPLOY_HAPPY_PATH=1 only when local == origin/main.</skipped></testcase><testcase classname="backend.tests.test_resend_iter23.TestResendVerification" name="test_unverified_returns_link_and_token" time="1.313" /><testcase classname="backend.tests.test_resend_iter23.TestResendVerification" name="test_already_verified_returns_neutral_no_link" time="1.159" /><testcase classname="backend.tests.test_resend_iter23.TestResendVerification" name="test_unknown_email_returns_neutral_no_link" time="0.258" /><testcase classname="backend.tests.test_resend_iter23.TestResendVerification" name="test_invalid_email_returns_400" time="0.189" /><testcase classname="backend.tests.test_resend_iter23.TestResendVerification" name="test_rate_limit_4th_call_is_429" time="2.512" /><testcase classname="backend.tests.test_resend_iter23.TestResendVerification" name="test_resend_invalidates_previous_token" time="1.203" /><testcase classname="backend.tests.test_resend_iter23.TestNonRegression" name="test_register_verify_login" time="0.840" /><testcase classname="backend.tests.test_resend_iter23.TestNonRegression" name="test_guide_endpoint_returns_html" time="0.140" /><testcase classname="backend.tests.test_resend_iter23.TestNonRegression" name="test_legacy_routes_404" time="0.351" /><testcase classname="backend.tests.test_verify_flow_iter22.TestRegisterResponse" name="test_register_returns_token_ttl_link" time="0.536" /><testcase classname="backend.tests.test_verify_flow_iter22.TestPollingLifecycle" name="test_pending_then_verified_then_expired_singleuse" time="0.934" /><testcase classname="backend.tests.test_verify_flow_iter22.TestExpiredLinkMessage" name="test_expired_token_exact_message" time="0.672" /><testcase classname="backend.tests.test_verify_flow_iter22.TestExpiredLinkMessage" name="test_verification_status_expired_after_ttl" time="0.748" /><testcase classname="backend.tests.test_verify_flow_iter22.TestGuideEndpoint" name="test_guide_returns_html" time="0.112" /><testcase classname="backend.tests.test_verify_flow_iter22.TestRemovedRoutes" name="test_google_login_removed" time="0.115" /><testcase classname="backend.tests.test_verify_flow_iter22.TestRemovedRoutes" name="test_google_callback_removed" time="0.125" /><testcase classname="backend.tests.test_verify_flow_iter22.TestRemovedRoutes" name="test_auth_session_removed" time="0.112" /><testcase classname="backend.tests.test_verify_flow_iter22.TestLoginAfterVerify" name="test_login_works_post_verification" time="0.984" /></testsuite></testsuites>