<?xml version="1.0" encoding="utf-8"?><testsuites name="pytest tests"><testsuite name="pytest" errors="0" failures="0" skipped="0" tests="4" time="0.973" timestamp="2026-04-28T14:00:05.052726+00:00" hostname="agent-env-e7e33516-be82-44e8-a990-3a46649c1fe6"><testcase classname="backend.tests.test_phase4_user_stats" name="test_health_healthy" time="0.177" /><testcase classname="backend.tests.test_phase4_user_stats" name="test_user_stats_requires_auth" time="0.277" /><testcase classname="backend.tests.test_phase4_user_stats" name="test_admin_redeploy_no_secret_401" time="0.170" /><testcase classname="backend.tests.test_phase4_user_stats" name="test_user_stats_with_sms_session" time="0.301" /></testsuite></testsuites>