<?xml version="1.0" encoding="utf-8"?><testsuites name="pytest tests"><testsuite name="pytest" errors="0" failures="2" skipped="0" tests="4" time="6.965" timestamp="2026-04-28T13:34:19.051793+00:00" hostname="agent-env-e7e33516-be82-44e8-a990-3a46649c1fe6"><testcase classname="backend.tests.test_redeploy_webhook.TestRedeployAuth" name="test_no_secret_header_returns_401" time="0.149" /><testcase classname="backend.tests.test_redeploy_webhook.TestRedeployAuth" name="test_wrong_secret_returns_401" time="0.154" /><testcase classname="backend.tests.test_redeploy_webhook.TestRedeployHappyPath" name="test_redeploy_succeeds_and_preserves_env" time="0.418"><failure message="AssertionError: assert 'commit' in {'git_pull': 'From https://github.com/Ph1nt0m-oss/save\n * branch            main       -&gt; FETCH_HEAD\nAlready up to date.\n', 'status': 'deploying'}">backend/tests/test_redeploy_webhook.py:63: in test_redeploy_succeeds_and_preserves_env
    assert "commit" in body
E   AssertionError: assert 'commit' in {'git_pull': 'From https://github.com/Ph1nt0m-oss/save\n * branch            main       -&gt; FETCH_HEAD\nAlready up to date.\n', 'status': 'deploying'}</failure></testcase><testcase classname="backend.tests.test_redeploy_webhook.TestRedeployHappyPath" name="test_health_still_healthy_after_redeploy" time="6.185"><failure message="assert 502 == 200&#10; +  where 502 = &lt;Response [502]&gt;.status_code">backend/tests/test_redeploy_webhook.py:72: in test_health_still_healthy_after_redeploy
    assert r.status_code == 200
E   assert 502 == 200
E    +  where 502 = &lt;Response [502]&gt;.status_code</failure></testcase></testsuite></testsuites>