<?xml version="1.0" encoding="utf-8"?><testsuites name="pytest tests"><testsuite name="pytest" errors="0" failures="0" skipped="0" tests="20" time="0.444" timestamp="2026-07-17T21:59:27.870587+00:00" hostname="agent-env-e7e33516-be82-44e8-a990-3a46649c1fe6"><testcase classname="backend.tests.test_iter134_who_can_visit.TestWhoCanVisitBackend" name="test_endpoint_declared" time="0.002" /><testcase classname="backend.tests.test_iter134_who_can_visit.TestWhoCanVisitBackend" name="test_endpoint_requires_creator_signature" time="0.001" /><testcase classname="backend.tests.test_iter134_who_can_visit.TestWhoCanVisitBackend" name="test_endpoint_validates_forcing_and_modes" time="0.001" /><testcase classname="backend.tests.test_iter134_who_can_visit.TestWhoCanVisitBackend" name="test_get_endpoint_returns_visit_modes_and_forcing" time="0.001" /><testcase classname="backend.tests.test_iter134_who_can_visit.TestWhoCanVisitBackend" name="test_devices_verify_returns_new_fields" time="0.000" /><testcase classname="backend.tests.test_iter134_who_can_visit.TestWhoCanVisitFrontend" name="test_component_exists" time="0.000" /><testcase classname="backend.tests.test_iter134_who_can_visit.TestWhoCanVisitFrontend" name="test_six_modes_only" time="0.000" /><testcase classname="backend.tests.test_iter134_who_can_visit.TestWhoCanVisitFrontend" name="test_free_forced_toggles" time="0.000" /><testcase classname="backend.tests.test_iter134_who_can_visit.TestWhoCanVisitFrontend" name="test_min_one_selection_required" time="0.000" /><testcase classname="backend.tests.test_iter134_who_can_visit.TestWhoCanVisitFrontend" name="test_mounted_in_creator_toolbar" time="0.000" /><testcase classname="backend.tests.test_iter134_who_can_visit.TestWhoCanVisitFrontend" name="test_useDeviceIdentity_exposes_new_fields" time="0.000" /><testcase classname="backend.tests.test_iter134_who_can_visit.TestWhoCanVisitFrontend" name="test_view_mode_picker_respects_forced" time="0.000" /><testcase classname="backend.tests.test_iter134_who_can_visit.TestExportRequestsInHeader" name="test_named_export" time="0.000" /><testcase classname="backend.tests.test_iter134_who_can_visit.TestExportRequestsInHeader" name="test_imported_in_dashboard" time="0.000" /><testcase classname="backend.tests.test_iter134_who_can_visit.TestExportRequestsInHeader" name="test_button_visible_only_when_count_positive" time="0.000" /><testcase classname="backend.tests.test_iter134_who_can_visit.TestVisitFromExportRequest" name="test_dashboard_export_notifier_uses_simulation" time="0.000" /><testcase classname="backend.tests.test_iter134_who_can_visit.TestVisitFromExportRequest" name="test_notifier_passes_role_and_staff_kind" time="0.000" /><testcase classname="backend.tests.test_iter134_who_can_visit.TestVisitFromExportRequest" name="test_backend_exposes_target_role" time="0.000" /><testcase classname="backend.tests.test_iter134_who_can_visit" name="test_site_modes_still_six" time="0.000" /><testcase classname="backend.tests.test_iter134_who_can_visit" name="test_normalize_stable" time="0.000" /></testsuite></testsuites>