<?xml version="1.0" encoding="utf-8"?><testsuites name="pytest tests"><testsuite name="pytest" errors="0" failures="0" skipped="0" tests="18" time="14.696" timestamp="2026-04-30T15:48:34.718623+00:00" hostname="agent-env-e7e33516-be82-44e8-a990-3a46649c1fe6"><testcase classname="backend.tests.test_password_reset_iter24.TestHealth" name="test_health_returns_200_and_checks" time="0.202" /><testcase classname="backend.tests.test_password_reset_iter24.TestForgotPassword" name="test_unknown_email_neutral" time="0.117" /><testcase classname="backend.tests.test_password_reset_iter24.TestForgotPassword" name="test_unverified_email_neutral" time="0.717" /><testcase classname="backend.tests.test_password_reset_iter24.TestForgotPassword" name="test_verified_email_returns_email_sent_field" time="0.990" /><testcase classname="backend.tests.test_password_reset_iter24.TestForgotPassword" name="test_invalid_email_format_400" time="0.122" /><testcase classname="backend.tests.test_password_reset_iter24.TestForgotPassword" name="test_rate_limit_4th_call_429" time="0.480" /><testcase classname="backend.tests.test_password_reset_iter24.TestResetPassword" name="test_reset_with_valid_token_old_pwd_fails_new_works" time="2.040" /><testcase classname="backend.tests.test_password_reset_iter24.TestResetPassword" name="test_reset_invalid_token_400" time="0.115" /><testcase classname="backend.tests.test_password_reset_iter24.TestResetPassword" name="test_reset_short_password_400" time="2.193" /><testcase classname="backend.tests.test_password_reset_iter24.TestResetPassword" name="test_reset_expired_token_400" time="1.055" /><testcase classname="backend.tests.test_password_reset_iter24.TestResetPassword" name="test_reset_token_single_use" time="1.392" /><testcase classname="backend.tests.test_password_reset_iter24.TestResetPassword" name="test_existing_session_invalidated_after_reset" time="1.976" /><testcase classname="backend.tests.test_password_reset_iter24.TestNonRegression" name="test_full_email_auth_flow" time="1.349" /><testcase classname="backend.tests.test_password_reset_iter24.TestNonRegression" name="test_metrics_ok" time="0.113" /><testcase classname="backend.tests.test_password_reset_iter24.TestNonRegression" name="test_guide_ok" time="0.118" /><testcase classname="backend.tests.test_password_reset_iter24.TestNonRegression" name="test_sms_send_ok" time="0.110" /><testcase classname="backend.tests.test_password_reset_iter24.TestNonRegression" name="test_removed_routes_404" time="0.347" /><testcase classname="backend.tests.test_password_reset_iter24.TestNonRegression" name="test_password_hash_not_leaked_on_login" time="1.108" /></testsuite></testsuites>