<?xml version="1.0" encoding="utf-8"?><testsuites name="pytest tests"><testsuite name="pytest" errors="0" failures="1" skipped="0" tests="28" time="23.213" timestamp="2026-04-30T16:15:20.220195+00:00" hostname="agent-env-e7e33516-be82-44e8-a990-3a46649c1fe6"><testcase classname="backend.tests.test_iter25_session.TestChangePassword" name="test_no_auth_401" time="0.301" /><testcase classname="backend.tests.test_iter25_session.TestChangePassword" name="test_wrong_current_401" time="1.237" /><testcase classname="backend.tests.test_iter25_session.TestChangePassword" name="test_short_new_400" time="1.098" /><testcase classname="backend.tests.test_iter25_session.TestChangePassword" name="test_success_old_refused_new_accepted_session_kept" time="2.822" /><testcase classname="backend.tests.test_iter25_session.TestChangeEmail" name="test_no_auth_401" time="0.139" /><testcase classname="backend.tests.test_iter25_session.TestChangeEmail" name="test_wrong_password_401" time="1.177" /><testcase classname="backend.tests.test_iter25_session.TestChangeEmail" name="test_same_email_400" time="1.100" /><testcase classname="backend.tests.test_iter25_session.TestChangeEmail" name="test_taken_email_409" time="1.882" /><testcase classname="backend.tests.test_iter25_session.TestChangeEmail" name="test_success_link_then_apply" time="1.460" /><testcase classname="backend.tests.test_iter25_session.TestDeleteAccount" name="test_no_auth_401" time="0.110" /><testcase classname="backend.tests.test_iter25_session.TestDeleteAccount" name="test_wrong_pwd_401" time="1.171" /><testcase classname="backend.tests.test_iter25_session.TestDeleteAccount" name="test_success_cascade" time="1.382" /><testcase classname="backend.tests.test_iter25_session.TestExport" name="test_no_auth_401" time="0.112" /><testcase classname="backend.tests.test_iter25_session.TestExport" name="test_export_shape" time="0.889"><failure message="AssertionError: assert 'test_exp1_17...290@gmail.com' == 'TEST_exp1_17...290@gmail.com'&#10;  &#10;  - TEST_exp1_1777565734290@gmail.com&#10;  ? ^^^^&#10;  + test_exp1_1777565734290@gmail.com&#10;  ? ^^^^">backend/tests/test_iter25_session.py:137: in test_export_shape
    assert b["user"]["email"] == email
E   AssertionError: assert 'test_exp1_17...290@gmail.com' == 'TEST_exp1_17...290@gmail.com'
E     
E     - TEST_exp1_1777565734290@gmail.com
E     ? ^^^^
E     + test_exp1_1777565734290@gmail.com
E     ? ^^^^</failure></testcase><testcase classname="backend.tests.test_iter25_session.TestMagicLink" name="test_unknown_email_neutral" time="0.122" /><testcase classname="backend.tests.test_iter25_session.TestMagicLink" name="test_unverified_neutral" time="0.694" /><testcase classname="backend.tests.test_iter25_session.TestMagicLink" name="test_verified_returns_token" time="1.083" /><testcase classname="backend.tests.test_iter25_session.TestMagicLink" name="test_rate_limit_4th_429" time="2.034" /><testcase classname="backend.tests.test_iter25_session.TestMagicLink" name="test_click_link_then_poll_status" time="1.466" /><testcase classname="backend.tests.test_iter25_session.TestFeedback" name="test_too_short_400" time="0.122" /><testcase classname="backend.tests.test_iter25_session.TestFeedback" name="test_too_long_400" time="0.122" /><testcase classname="backend.tests.test_iter25_session.TestFeedback" name="test_anonymous_ok" time="0.328" /><testcase classname="backend.tests.test_iter25_session.TestFeedback" name="test_invalid_type_falls_back" time="0.370" /><testcase classname="backend.tests.test_iter25_session.TestFeedback" name="test_authenticated_uses_user_email" time="1.088" /><testcase classname="backend.tests.test_iter25_session.TestRegression" name="test_health" time="0.181" /><testcase classname="backend.tests.test_iter25_session.TestRegression" name="test_metrics" time="0.131" /><testcase classname="backend.tests.test_iter25_session.TestRegression" name="test_guide" time="0.142" /><testcase classname="backend.tests.test_iter25_session.TestRegression" name="test_google_routes_404" time="0.344" /></testsuite></testsuites>