<?xml version="1.0" encoding="utf-8"?><testsuites name="pytest tests"><testsuite name="pytest" errors="0" failures="0" skipped="0" tests="4" time="65.772" timestamp="2026-05-01T18:02:59.485451+00:00" hostname="agent-env-e7e33516-be82-44e8-a990-3a46649c1fe6"><testcase classname="backend.tests.test_iter26_language.TestAuthFlow" name="test_register_verify_login" time="1.283" /><testcase classname="backend.tests.test_iter26_language.TestGenerateCompleteAppLanguage" name="test_language_es_accepted" time="27.865" /><testcase classname="backend.tests.test_iter26_language.TestGenerateCompleteAppLanguage" name="test_language_de_accepted" time="20.035" /><testcase classname="backend.tests.test_iter26_language.TestGenerateCompleteAppLanguage" name="test_language_missing_still_works_backwards_compat" time="16.537" /></testsuite></testsuites>