<?xml version="1.0" encoding="utf-8"?><testsuites name="pytest tests"><testsuite name="pytest" errors="0" failures="0" skipped="0" tests="9" time="1.275" timestamp="2026-07-17T22:00:37.591047+00:00" hostname="agent-env-e7e33516-be82-44e8-a990-3a46649c1fe6"><testcase classname="backend.tests.test_iter134_live.TestSiteModeGET" name="test_site_mode_returns_visit_modes_and_view_forcing" time="0.211" /><testcase classname="backend.tests.test_iter134_live.TestSiteModeGET" name="test_site_mode_regression_mode_and_modes" time="0.140" /><testcase classname="backend.tests.test_iter134_live.TestWhoCanVisitGating" name="test_put_requires_creator_signature" time="0.160" /><testcase classname="backend.tests.test_iter134_live.TestWhoCanVisitGating" name="test_put_with_fake_signature_rejected" time="0.117" /><testcase classname="backend.tests.test_iter134_live.TestRegressionEndpoints" name="test_workspace_list_declared" time="0.107" /><testcase classname="backend.tests.test_iter134_live.TestRegressionEndpoints" name="test_private_integrations_status_declared" time="0.129" /><testcase classname="backend.tests.test_iter134_live.TestRegressionEndpoints" name="test_staff_decisions_list_declared" time="0.144" /><testcase classname="backend.tests.test_iter134_live.TestRegressionEndpoints" name="test_exports_pending_declared" time="0.111" /><testcase classname="backend.tests.test_iter134_live.TestFrontendLoads" name="test_login_page_reachable" time="0.125" /></testsuite></testsuites>