<?xml version="1.0" encoding="utf-8"?><testsuites name="pytest tests"><testsuite name="pytest" errors="0" failures="0" skipped="3" tests="18" time="4.693" timestamp="2026-04-28T17:23:49.465605+00:00" hostname="agent-env-e7e33516-be82-44e8-a990-3a46649c1fe6"><testcase classname="" name="backend.tests.test_e2e_login" time="0.000"><skipped message="collection skipped">('/app/backend/tests/test_e2e_login.py', 17, "Skipped: could not import 'playwright': No module named 'playwright'")</skipped></testcase><testcase classname="backend.tests.test_auth_routes.TestSMSAuth" name="test_send_returns_code_in_demo_mode" time="0.300" /><testcase classname="backend.tests.test_auth_routes.TestSMSAuth" name="test_verify_with_wrong_code_returns_401" time="0.257" /><testcase classname="backend.tests.test_auth_routes.TestSMSAuth" name="test_verify_succeeds_creates_session" time="0.297" /><testcase classname="backend.tests.test_auth_routes.TestAuthMe" name="test_me_unauth_returns_401" time="0.153" /><testcase classname="backend.tests.test_auth_routes.TestAuthMe" name="test_me_authed_returns_user" time="0.357" /><testcase classname="backend.tests.test_auth_routes.TestLogout" name="test_logout_clears_session" time="0.334" /><testcase classname="backend.tests.test_auth_routes.TestSessionOAuth" name="test_invalid_session_id_returns_401" time="0.232" /><testcase classname="backend.tests.test_auth_routes.TestMetrics" name="test_metrics_endpoint" time="0.876" /><testcase classname="backend.tests.test_phase4_user_stats" name="test_health_healthy" time="0.115" /><testcase classname="backend.tests.test_phase4_user_stats" name="test_user_stats_requires_auth" time="0.346" /><testcase classname="backend.tests.test_phase4_user_stats" name="test_admin_redeploy_no_secret_401" time="0.430" /><testcase classname="backend.tests.test_phase4_user_stats" name="test_user_stats_with_sms_session" time="0.295" /><testcase classname="backend.tests.test_redeploy_webhook.TestRedeployAuth" name="test_no_secret_header_returns_401" time="0.351" /><testcase classname="backend.tests.test_redeploy_webhook.TestRedeployAuth" name="test_wrong_secret_returns_401" time="0.136" /><testcase classname="backend.tests.test_redeploy_webhook.TestHealth" name="test_health_endpoint" time="0.157" /><testcase classname="backend.tests.test_redeploy_webhook.TestRedeployHappyPath" name="test_redeploy_succeeds_and_preserves_env" time="0.000"><skipped type="pytest.skip" message="Happy path triggers `git reset --hard` and overwrites uncommitted local changes. Set RUN_REDEPLOY_HAPPY_PATH=1 only when local == origin/main.">/app/backend/tests/test_redeploy_webhook.py:64: Happy path triggers `git reset --hard` and overwrites uncommitted local changes. Set RUN_REDEPLOY_HAPPY_PATH=1 only when local == origin/main.</skipped></testcase><testcase classname="backend.tests.test_redeploy_webhook.TestRedeployHappyPath" name="test_health_still_healthy_after_redeploy" time="0.000"><skipped type="pytest.skip" message="Happy path triggers `git reset --hard` and overwrites uncommitted local changes. Set RUN_REDEPLOY_HAPPY_PATH=1 only when local == origin/main.">/app/backend/tests/test_redeploy_webhook.py:80: Happy path triggers `git reset --hard` and overwrites uncommitted local changes. Set RUN_REDEPLOY_HAPPY_PATH=1 only when local == origin/main.</skipped></testcase></testsuite></testsuites>