<?xml version="1.0" encoding="utf-8"?><testsuites name="pytest tests"><testsuite name="pytest" errors="0" failures="0" skipped="2" tests="13" time="3.056" timestamp="2026-04-28T16:38:47.484811+00:00" hostname="agent-env-e7e33516-be82-44e8-a990-3a46649c1fe6"><testcase classname="backend.tests.test_auth_routes.TestSMSAuth" name="test_send_returns_code_in_demo_mode" time="0.226" /><testcase classname="backend.tests.test_auth_routes.TestSMSAuth" name="test_verify_with_wrong_code_returns_401" time="0.236" /><testcase classname="backend.tests.test_auth_routes.TestSMSAuth" name="test_verify_succeeds_creates_session" time="0.294" /><testcase classname="backend.tests.test_auth_routes.TestAuthMe" name="test_me_unauth_returns_401" time="0.127" /><testcase classname="backend.tests.test_auth_routes.TestAuthMe" name="test_me_authed_returns_user" time="0.338" /><testcase classname="backend.tests.test_auth_routes.TestLogout" name="test_logout_clears_session" time="0.329" /><testcase classname="backend.tests.test_auth_routes.TestSessionOAuth" name="test_invalid_session_id_returns_401" time="0.239" /><testcase classname="backend.tests.test_auth_routes.TestMetrics" name="test_metrics_endpoint" time="0.850" /><testcase classname="backend.tests.test_redeploy_webhook.TestRedeployAuth" name="test_no_secret_header_returns_401" time="0.112" /><testcase classname="backend.tests.test_redeploy_webhook.TestRedeployAuth" name="test_wrong_secret_returns_401" time="0.112" /><testcase classname="backend.tests.test_redeploy_webhook.TestHealth" name="test_health_endpoint" time="0.138" /><testcase classname="backend.tests.test_redeploy_webhook.TestRedeployHappyPath" name="test_redeploy_succeeds_and_preserves_env" time="0.000"><skipped type="pytest.skip" message="Happy path triggers `git reset --hard` and overwrites uncommitted local changes. Set RUN_REDEPLOY_HAPPY_PATH=1 only when local == origin/main.">/app/backend/tests/test_redeploy_webhook.py:64: Happy path triggers `git reset --hard` and overwrites uncommitted local changes. Set RUN_REDEPLOY_HAPPY_PATH=1 only when local == origin/main.</skipped></testcase><testcase classname="backend.tests.test_redeploy_webhook.TestRedeployHappyPath" name="test_health_still_healthy_after_redeploy" time="0.000"><skipped type="pytest.skip" message="Happy path triggers `git reset --hard` and overwrites uncommitted local changes. Set RUN_REDEPLOY_HAPPY_PATH=1 only when local == origin/main.">/app/backend/tests/test_redeploy_webhook.py:80: Happy path triggers `git reset --hard` and overwrites uncommitted local changes. Set RUN_REDEPLOY_HAPPY_PATH=1 only when local == origin/main.</skipped></testcase></testsuite></testsuites>