<?xml version="1.0" encoding="utf-8"?><testsuites name="pytest tests"><testsuite name="pytest" errors="0" failures="0" skipped="3" tests="75" time="91.483" timestamp="2026-04-30T15:48:54.146239+00:00" hostname="agent-env-e7e33516-be82-44e8-a990-3a46649c1fe6"><testcase classname="" name="backend.tests.test_e2e_login" time="0.000"><skipped message="collection skipped">('/app/backend/tests/test_e2e_login.py', 17, "Skipped: could not import 'playwright': No module named 'playwright'")</skipped></testcase><testcase classname="backend.tests.test_auth_routes.TestSMSAuth" name="test_send_returns_code_in_demo_mode" time="15.158" /><testcase classname="backend.tests.test_auth_routes.TestSMSAuth" name="test_verify_with_wrong_code_returns_401" time="34.465" /><testcase classname="backend.tests.test_auth_routes.TestSMSAuth" name="test_verify_succeeds_creates_session" time="0.302" /><testcase classname="backend.tests.test_auth_routes.TestAuthMe" name="test_me_unauth_returns_401" time="0.116" /><testcase classname="backend.tests.test_auth_routes.TestAuthMe" name="test_me_authed_returns_user" time="1.349" /><testcase classname="backend.tests.test_auth_routes.TestLogout" name="test_logout_clears_session" time="0.379" /><testcase classname="backend.tests.test_auth_routes.TestSessionOAuth" name="test_legacy_session_route_is_gone" time="0.104" /><testcase classname="backend.tests.test_auth_routes.TestMetrics" name="test_metrics_endpoint" time="0.730" /><testcase classname="backend.tests.test_email_auth.TestRegister" name="test_register_returns_demo_link" time="0.539" /><testcase classname="backend.tests.test_email_auth.TestRegister" name="test_register_invalid_email_returns_400" time="0.115" /><testcase classname="backend.tests.test_email_auth.TestRegister" name="test_register_short_password_returns_400" time="0.142" /><testcase classname="backend.tests.test_email_auth.TestRegister" name="test_register_existing_verified_returns_409" time="0.816" /><testcase classname="backend.tests.test_email_auth.TestRegister" name="test_register_existing_unverified_resends_link" time="1.078" /><testcase classname="backend.tests.test_email_auth.TestVerifyEmail" name="test_invalid_token_returns_400" time="0.102" /><testcase classname="backend.tests.test_email_auth.TestVerifyEmail" name="test_valid_token_creates_session" time="0.792" /><testcase classname="backend.tests.test_email_auth.TestVerifyEmail" name="test_expired_token_returns_400" time="0.612" /><testcase classname="backend.tests.test_email_auth.TestLogin" name="test_login_verified_returns_session" time="0.995" /><testcase classname="backend.tests.test_email_auth.TestLogin" name="test_login_unverified_returns_403" time="0.913" /><testcase classname="backend.tests.test_email_auth.TestLogin" name="test_login_wrong_password_returns_401" time="0.980" /><testcase classname="backend.tests.test_email_auth.TestLogin" name="test_login_brute_force_returns_429" time="2.518" /><testcase classname="backend.tests.test_email_auth.TestMeLogout" name="test_me_returns_no_password_hash" time="1.053" /><testcase classname="backend.tests.test_email_auth.TestMeLogout" name="test_me_with_bearer_token" time="1.262" /><testcase classname="backend.tests.test_email_auth.TestMeLogout" name="test_logout_destroys_session" time="1.111" /><testcase classname="backend.tests.test_email_auth.TestDeprecatedRoutes" name="test_auth_session_removed" time="0.131" /><testcase classname="backend.tests.test_email_auth.TestDeprecatedRoutes" name="test_google_login_removed" time="0.123" /><testcase classname="backend.tests.test_email_auth.TestDeprecatedRoutes" name="test_google_callback_removed" time="0.117" /><testcase classname="backend.tests.test_email_auth.TestSMSStillFunctional" name="test_sms_send_and_verify" time="0.251" /><testcase classname="backend.tests.test_email_auth.TestMongoIndexes" name="test_users_email_unique_index" time="0.001" /><testcase classname="backend.tests.test_email_auth.TestMongoIndexes" name="test_collections_exist" time="0.001" /><testcase classname="backend.tests.test_password_reset_iter24.TestHealth" name="test_health_returns_200_and_checks" time="0.145" /><testcase classname="backend.tests.test_password_reset_iter24.TestForgotPassword" name="test_unknown_email_neutral" time="0.115" /><testcase classname="backend.tests.test_password_reset_iter24.TestForgotPassword" name="test_unverified_email_neutral" time="0.657" /><testcase classname="backend.tests.test_password_reset_iter24.TestForgotPassword" name="test_verified_email_returns_email_sent_field" time="1.112" /><testcase classname="backend.tests.test_password_reset_iter24.TestForgotPassword" name="test_invalid_email_format_400" time="0.120" /><testcase classname="backend.tests.test_password_reset_iter24.TestForgotPassword" name="test_rate_limit_4th_call_429" time="0.476" /><testcase classname="backend.tests.test_password_reset_iter24.TestResetPassword" name="test_reset_with_valid_token_old_pwd_fails_new_works" time="2.037" /><testcase classname="backend.tests.test_password_reset_iter24.TestResetPassword" name="test_reset_invalid_token_400" time="0.137" /><testcase classname="backend.tests.test_password_reset_iter24.TestResetPassword" name="test_reset_short_password_400" time="1.045" /><testcase classname="backend.tests.test_password_reset_iter24.TestResetPassword" name="test_reset_expired_token_400" time="1.082" /><testcase classname="backend.tests.test_password_reset_iter24.TestResetPassword" name="test_reset_token_single_use" time="1.427" /><testcase classname="backend.tests.test_password_reset_iter24.TestResetPassword" name="test_existing_session_invalidated_after_reset" time="1.932" /><testcase classname="backend.tests.test_password_reset_iter24.TestNonRegression" name="test_full_email_auth_flow" time="1.320" /><testcase classname="backend.tests.test_password_reset_iter24.TestNonRegression" name="test_metrics_ok" time="0.122" /><testcase classname="backend.tests.test_password_reset_iter24.TestNonRegression" name="test_guide_ok" time="0.116" /><testcase classname="backend.tests.test_password_reset_iter24.TestNonRegression" name="test_sms_send_ok" time="0.174" /><testcase classname="backend.tests.test_password_reset_iter24.TestNonRegression" name="test_removed_routes_404" time="0.330" /><testcase classname="backend.tests.test_password_reset_iter24.TestNonRegression" name="test_password_hash_not_leaked_on_login" time="1.102" /><testcase classname="backend.tests.test_phase4_user_stats" name="test_health_healthy" time="0.216" /><testcase classname="backend.tests.test_phase4_user_stats" name="test_user_stats_requires_auth" time="0.117" /><testcase classname="backend.tests.test_phase4_user_stats" name="test_admin_redeploy_no_secret_401" time="0.109" /><testcase classname="backend.tests.test_phase4_user_stats" name="test_user_stats_with_sms_session" time="0.223" /><testcase classname="backend.tests.test_redeploy_webhook.TestRedeployAuth" name="test_no_secret_header_returns_401" time="0.099" /><testcase classname="backend.tests.test_redeploy_webhook.TestRedeployAuth" name="test_wrong_secret_returns_401" time="0.107" /><testcase classname="backend.tests.test_redeploy_webhook.TestHealth" name="test_health_endpoint" time="0.141" /><testcase classname="backend.tests.test_redeploy_webhook.TestRedeployHappyPath" name="test_redeploy_succeeds_and_preserves_env" time="0.000"><skipped type="pytest.skip" message="Happy path triggers `git reset --hard` and overwrites uncommitted local changes. Set RUN_REDEPLOY_HAPPY_PATH=1 only when local == origin/main.">/app/backend/tests/test_redeploy_webhook.py:64: Happy path triggers `git reset --hard` and overwrites uncommitted local changes. Set RUN_REDEPLOY_HAPPY_PATH=1 only when local == origin/main.</skipped></testcase><testcase classname="backend.tests.test_redeploy_webhook.TestRedeployHappyPath" name="test_health_still_healthy_after_redeploy" time="0.000"><skipped type="pytest.skip" message="Happy path triggers `git reset --hard` and overwrites uncommitted local changes. Set RUN_REDEPLOY_HAPPY_PATH=1 only when local == origin/main.">/app/backend/tests/test_redeploy_webhook.py:80: Happy path triggers `git reset --hard` and overwrites uncommitted local changes. Set RUN_REDEPLOY_HAPPY_PATH=1 only when local == origin/main.</skipped></testcase><testcase classname="backend.tests.test_resend_iter23.TestResendVerification" name="test_unverified_returns_link_and_token" time="0.854" /><testcase classname="backend.tests.test_resend_iter23.TestResendVerification" name="test_already_verified_returns_neutral_no_link" time="0.783" /><testcase classname="backend.tests.test_resend_iter23.TestResendVerification" name="test_unknown_email_returns_neutral_no_link" time="0.128" /><testcase classname="backend.tests.test_resend_iter23.TestResendVerification" name="test_invalid_email_returns_400" time="0.112" /><testcase classname="backend.tests.test_resend_iter23.TestResendVerification" name="test_rate_limit_4th_call_is_429" time="2.183" /><testcase classname="backend.tests.test_resend_iter23.TestResendVerification" name="test_resend_invalidates_previous_token" time="1.117" /><testcase classname="backend.tests.test_resend_iter23.TestNonRegression" name="test_register_verify_login" time="0.864" /><testcase classname="backend.tests.test_resend_iter23.TestNonRegression" name="test_guide_endpoint_returns_html" time="0.105" /><testcase classname="backend.tests.test_resend_iter23.TestNonRegression" name="test_legacy_routes_404" time="0.343" /><testcase classname="backend.tests.test_verify_flow_iter22.TestRegisterResponse" name="test_register_returns_token_ttl_link" time="0.550" /><testcase classname="backend.tests.test_verify_flow_iter22.TestPollingLifecycle" name="test_pending_then_verified_then_expired_singleuse" time="0.886" /><testcase classname="backend.tests.test_verify_flow_iter22.TestExpiredLinkMessage" name="test_expired_token_exact_message" time="0.589" /><testcase classname="backend.tests.test_verify_flow_iter22.TestExpiredLinkMessage" name="test_verification_status_expired_after_ttl" time="0.599" /><testcase classname="backend.tests.test_verify_flow_iter22.TestGuideEndpoint" name="test_guide_returns_html" time="0.113" /><testcase classname="backend.tests.test_verify_flow_iter22.TestRemovedRoutes" name="test_google_login_removed" time="0.184" /><testcase classname="backend.tests.test_verify_flow_iter22.TestRemovedRoutes" name="test_google_callback_removed" time="0.166" /><testcase classname="backend.tests.test_verify_flow_iter22.TestRemovedRoutes" name="test_auth_session_removed" time="0.132" /><testcase classname="backend.tests.test_verify_flow_iter22.TestLoginAfterVerify" name="test_login_works_post_verification" time="0.876" /></testsuite></testsuites>